Using cuda device
Number of training samples: 7304
==========================================================================================
Layer (type:depth-idx)                   Output Shape              Param #
==========================================================================================
CNN                                      [96, 100]                 --
├─Sequential: 1-1                        [96, 1, 380, 540]         --
├─Sequential: 1-2                        [96, 10240]               --
│    └─Sequential: 2-1                   [96, 8, 190, 270]         --
│    │    └─Conv2d: 3-1                  [96, 8, 380, 540]         80
│    │    └─LeakyReLU: 3-2               [96, 8, 380, 540]         --
│    │    └─BatchNorm2d: 3-3             [96, 8, 380, 540]         16
│    │    └─Conv2d: 3-4                  [96, 8, 380, 540]         584
│    │    └─LeakyReLU: 3-5               [96, 8, 380, 540]         --
│    │    └─BatchNorm2d: 3-6             [96, 8, 380, 540]         16
│    │    └─MaxPool2d: 3-7               [96, 8, 190, 270]         --
│    └─Sequential: 2-2                   [96, 16, 95, 135]         --
│    │    └─Conv2d: 3-8                  [96, 16, 190, 270]        1,168
│    │    └─LeakyReLU: 3-9               [96, 16, 190, 270]        --
│    │    └─BatchNorm2d: 3-10            [96, 16, 190, 270]        32
│    │    └─Conv2d: 3-11                 [96, 16, 190, 270]        2,320
│    │    └─LeakyReLU: 3-12              [96, 16, 190, 270]        --
│    │    └─BatchNorm2d: 3-13            [96, 16, 190, 270]        32
│    │    └─MaxPool2d: 3-14              [96, 16, 95, 135]         --
│    └─Sequential: 2-3                   [96, 32, 47, 67]          --
│    │    └─Conv2d: 3-15                 [96, 32, 95, 135]         4,640
│    │    └─LeakyReLU: 3-16              [96, 32, 95, 135]         --
│    │    └─BatchNorm2d: 3-17            [96, 32, 95, 135]         64
│    │    └─Conv2d: 3-18                 [96, 32, 95, 135]         9,248
│    │    └─LeakyReLU: 3-19              [96, 32, 95, 135]         --
│    │    └─BatchNorm2d: 3-20            [96, 32, 95, 135]         64
│    │    └─MaxPool2d: 3-21              [96, 32, 47, 67]          --
│    └─Sequential: 2-4                   [96, 64, 23, 33]          --
│    │    └─Conv2d: 3-22                 [96, 64, 47, 67]          18,496
│    │    └─LeakyReLU: 3-23              [96, 64, 47, 67]          --
│    │    └─BatchNorm2d: 3-24            [96, 64, 47, 67]          128
│    │    └─Conv2d: 3-25                 [96, 64, 47, 67]          36,928
│    │    └─LeakyReLU: 3-26              [96, 64, 47, 67]          --
│    │    └─BatchNorm2d: 3-27            [96, 64, 47, 67]          128
│    │    └─MaxPool2d: 3-28              [96, 64, 23, 33]          --
│    └─Sequential: 2-5                   [96, 128, 11, 16]         --
│    │    └─Conv2d: 3-29                 [96, 128, 23, 33]         73,856
│    │    └─LeakyReLU: 3-30              [96, 128, 23, 33]         --
│    │    └─BatchNorm2d: 3-31            [96, 128, 23, 33]         256
│    │    └─Conv2d: 3-32                 [96, 128, 23, 33]         147,584
│    │    └─LeakyReLU: 3-33              [96, 128, 23, 33]         --
│    │    └─BatchNorm2d: 3-34            [96, 128, 23, 33]         256
│    │    └─MaxPool2d: 3-35              [96, 128, 11, 16]         --
│    └─Sequential: 2-6                   [96, 256, 5, 8]           --
│    │    └─Conv2d: 3-36                 [96, 256, 11, 16]         295,168
│    │    └─LeakyReLU: 3-37              [96, 256, 11, 16]         --
│    │    └─BatchNorm2d: 3-38            [96, 256, 11, 16]         512
│    │    └─Conv2d: 3-39                 [96, 256, 11, 16]         590,080
│    │    └─LeakyReLU: 3-40              [96, 256, 11, 16]         --
│    │    └─BatchNorm2d: 3-41            [96, 256, 11, 16]         512
│    │    └─MaxPool2d: 3-42              [96, 256, 5, 8]           --
│    └─Flatten: 2-7                      [96, 10240]               --
├─Sequential: 1-3                        [96, 100]                 --
│    └─Sequential: 2-8                   [96, 1740]                --
│    │    └─Linear: 3-43                 [96, 1740]                17,819,340
│    │    └─LeakyReLU: 3-44              [96, 1740]                --
│    │    └─Dropout: 3-45                [96, 1740]                --
│    │    └─BatchNorm1d: 3-46            [96, 1740]                3,480
│    └─Sequential: 2-9                   [96, 1305]                --
│    │    └─Linear: 3-47                 [96, 1305]                2,272,005
│    │    └─LeakyReLU: 3-48              [96, 1305]                --
│    │    └─Dropout: 3-49                [96, 1305]                --
│    │    └─BatchNorm1d: 3-50            [96, 1305]                2,610
│    └─Sequential: 2-10                  [96, 870]                 --
│    │    └─Linear: 3-51                 [96, 870]                 1,136,220
│    │    └─LeakyReLU: 3-52              [96, 870]                 --
│    │    └─Dropout: 3-53                [96, 870]                 --
│    │    └─BatchNorm1d: 3-54            [96, 870]                 1,740
│    └─Sequential: 2-11                  [96, 435]                 --
│    │    └─Linear: 3-55                 [96, 435]                 378,885
│    │    └─LeakyReLU: 3-56              [96, 435]                 --
│    │    └─Dropout: 3-57                [96, 435]                 --
│    │    └─BatchNorm1d: 3-58            [96, 435]                 870
│    └─Linear: 2-12                      [96, 100]                 43,600
├─Sigmoid: 1-4                           [96, 100]                 --
==========================================================================================
Total params: 22,840,918
Trainable params: 22,840,918
Non-trainable params: 0
Total mult-adds (G): 97.28
==========================================================================================
Input size (MB): 78.80
Forward/backward pass size (MB): 9887.98
Params size (MB): 91.36
Estimated Total Size (MB): 10058.14
==========================================================================================
Validation true percentage: 6.225031827560472%
Training CNN 

Epoch 1
----------------------------
loss: 0.424984 [   96/ 6144]
loss: 0.318138 [  480/ 6144]
loss: 0.268230 [  864/ 6144]
loss: 0.232745 [ 1248/ 6144]
loss: 0.187537 [ 1632/ 6144]
loss: 0.197340 [ 2016/ 6144]
loss: 0.149564 [ 2400/ 6144]
loss: 0.166946 [ 2784/ 6144]
loss: 0.147889 [ 3168/ 6144]
loss: 0.147833 [ 3552/ 6144]
loss: 0.134526 [ 3936/ 6144]
loss: 0.126234 [ 4320/ 6144]
loss: 0.106572 [ 4704/ 6144]
loss: 0.101932 [ 5088/ 6144]
loss: 0.099465 [ 5472/ 6144]
loss: 0.106872 [ 5856/ 6144]
Validation Error: 
Accuracy: 70.8%, Avg loss: 0.192839, Positive ratio: 0.279134
Validation loss improved, saving model
Epoch time: 86.49 seconds 

Epoch 2
----------------------------
loss: 0.215425 [   96/ 6144]
loss: 0.204429 [  480/ 6144]
loss: 0.140854 [  864/ 6144]
loss: 0.134252 [ 1248/ 6144]
loss: 0.129376 [ 1632/ 6144]
loss: 0.177452 [ 2016/ 6144]
loss: 0.128687 [ 2400/ 6144]
loss: 0.136993 [ 2784/ 6144]
loss: 0.120995 [ 3168/ 6144]
loss: 0.091570 [ 3552/ 6144]
loss: 0.085090 [ 3936/ 6144]
loss: 0.086675 [ 4320/ 6144]
loss: 0.098789 [ 4704/ 6144]
loss: 0.086106 [ 5088/ 6144]
loss: 0.070119 [ 5472/ 6144]
loss: 0.073183 [ 5856/ 6144]
Validation Error: 
Accuracy: 84.6%, Avg loss: 0.134884, Positive ratio: 0.000000
Validation loss improved, saving model
Epoch time: 84.82 seconds 

Epoch 3
----------------------------
loss: 0.114933 [   96/ 6144]
loss: 0.154002 [  480/ 6144]
loss: 0.126104 [  864/ 6144]
loss: 0.155320 [ 1248/ 6144]
loss: 0.111284 [ 1632/ 6144]
loss: 0.110804 [ 2016/ 6144]
loss: 0.094484 [ 2400/ 6144]
loss: 0.113647 [ 2784/ 6144]
loss: 0.098836 [ 3168/ 6144]
loss: 0.096499 [ 3552/ 6144]
loss: 0.082552 [ 3936/ 6144]
loss: 0.068531 [ 4320/ 6144]
loss: 0.066947 [ 4704/ 6144]
loss: 0.065969 [ 5088/ 6144]
loss: 0.065780 [ 5472/ 6144]
loss: 0.051368 [ 5856/ 6144]
Validation Error: 
Accuracy: 83.3%, Avg loss: 0.134374, Positive ratio: 0.026530
Validation loss improved, saving model
Epoch time: 84.34 seconds 

Epoch 4
----------------------------
loss: 0.151423 [   96/ 6144]
loss: 0.177621 [  480/ 6144]
loss: 0.148906 [  864/ 6144]
loss: 0.118547 [ 1248/ 6144]
loss: 0.127499 [ 1632/ 6144]
loss: 0.149754 [ 2016/ 6144]
loss: 0.120350 [ 2400/ 6144]
loss: 0.118435 [ 2784/ 6144]
loss: 0.093855 [ 3168/ 6144]
loss: 0.076151 [ 3552/ 6144]
loss: 0.094084 [ 3936/ 6144]
loss: 0.073853 [ 4320/ 6144]
loss: 0.071930 [ 4704/ 6144]
loss: 0.058618 [ 5088/ 6144]
loss: 0.049341 [ 5472/ 6144]
loss: 0.042718 [ 5856/ 6144]
Validation Error: 
Accuracy: 84.9%, Avg loss: 0.132152, Positive ratio: 0.001790
Validation loss improved, saving model
Epoch time: 83.72 seconds 

Epoch 5
----------------------------
loss: 0.150669 [   96/ 6144]
loss: 0.116309 [  480/ 6144]
loss: 0.147096 [  864/ 6144]
loss: 0.088553 [ 1248/ 6144]
loss: 0.116112 [ 1632/ 6144]
loss: 0.089840 [ 2016/ 6144]
loss: 0.082703 [ 2400/ 6144]
loss: 0.100769 [ 2784/ 6144]
loss: 0.094481 [ 3168/ 6144]
loss: 0.095953 [ 3552/ 6144]
loss: 0.069758 [ 3936/ 6144]
loss: 0.059775 [ 4320/ 6144]
loss: 0.058808 [ 4704/ 6144]
loss: 0.061910 [ 5088/ 6144]
loss: 0.066508 [ 5472/ 6144]
loss: 0.038393 [ 5856/ 6144]
Validation Error: 
Accuracy: 84.7%, Avg loss: 0.126667, Positive ratio: 0.006185
Validation loss improved, saving model
Epoch time: 83.42 seconds 

Epoch 6
----------------------------
loss: 0.174586 [   96/ 6144]
loss: 0.128174 [  480/ 6144]
loss: 0.126611 [  864/ 6144]
loss: 0.114524 [ 1248/ 6144]
loss: 0.134526 [ 1632/ 6144]
loss: 0.112177 [ 2016/ 6144]
loss: 0.090556 [ 2400/ 6144]
loss: 0.111001 [ 2784/ 6144]
loss: 0.079298 [ 3168/ 6144]
loss: 0.080212 [ 3552/ 6144]
loss: 0.059494 [ 3936/ 6144]
loss: 0.084484 [ 4320/ 6144]
loss: 0.075033 [ 4704/ 6144]
loss: 0.040489 [ 5088/ 6144]
loss: 0.048757 [ 5472/ 6144]
loss: 0.042316 [ 5856/ 6144]
Validation Error: 
Accuracy: 84.5%, Avg loss: 0.134918, Positive ratio: 0.008626
Epoch time: 82.41 seconds 

Epoch 7
----------------------------
loss: 0.168346 [   96/ 6144]
loss: 0.121589 [  480/ 6144]
loss: 0.122495 [  864/ 6144]
loss: 0.101930 [ 1248/ 6144]
loss: 0.118624 [ 1632/ 6144]
loss: 0.115903 [ 2016/ 6144]
loss: 0.091991 [ 2400/ 6144]
loss: 0.100747 [ 2784/ 6144]
loss: 0.093283 [ 3168/ 6144]
loss: 0.076073 [ 3552/ 6144]
loss: 0.053343 [ 3936/ 6144]
loss: 0.047597 [ 4320/ 6144]
loss: 0.063524 [ 4704/ 6144]
loss: 0.055720 [ 5088/ 6144]
loss: 0.036232 [ 5472/ 6144]
loss: 0.055695 [ 5856/ 6144]
Validation Error: 
Accuracy: 84.4%, Avg loss: 0.138084, Positive ratio: 0.024902
Epoch time: 81.86 seconds 

Epoch 8
----------------------------
loss: 0.135429 [   96/ 6144]
loss: 0.116250 [  480/ 6144]
loss: 0.108421 [  864/ 6144]
loss: 0.142095 [ 1248/ 6144]
loss: 0.110024 [ 1632/ 6144]
loss: 0.094159 [ 2016/ 6144]
loss: 0.110894 [ 2400/ 6144]
loss: 0.082747 [ 2784/ 6144]
loss: 0.073585 [ 3168/ 6144]
loss: 0.066692 [ 3552/ 6144]
loss: 0.074120 [ 3936/ 6144]
loss: 0.067916 [ 4320/ 6144]
loss: 0.060434 [ 4704/ 6144]
loss: 0.062470 [ 5088/ 6144]
loss: 0.046907 [ 5472/ 6144]
loss: 0.039318 [ 5856/ 6144]
Validation Error: 
Accuracy: 84.7%, Avg loss: 0.141757, Positive ratio: 0.000488
Epoch time: 82.54 seconds 

Epoch 9
----------------------------
loss: 0.127468 [   96/ 6144]
loss: 0.123788 [  480/ 6144]
loss: 0.129185 [  864/ 6144]
loss: 0.095468 [ 1248/ 6144]
loss: 0.081171 [ 1632/ 6144]
loss: 0.118944 [ 2016/ 6144]
loss: 0.110154 [ 2400/ 6144]
loss: 0.086233 [ 2784/ 6144]
loss: 0.084944 [ 3168/ 6144]
loss: 0.073699 [ 3552/ 6144]
loss: 0.069958 [ 3936/ 6144]
loss: 0.061832 [ 4320/ 6144]
loss: 0.052941 [ 4704/ 6144]
loss: 0.045108 [ 5088/ 6144]
loss: 0.029009 [ 5472/ 6144]
loss: 0.019894 [ 5856/ 6144]
Validation Error: 
Accuracy: 85.4%, Avg loss: 0.126401, Positive ratio: 0.000977
Validation loss improved, saving model
Epoch time: 82.56 seconds 

Epoch 10
----------------------------
loss: 0.132419 [   96/ 6144]
loss: 0.111614 [  480/ 6144]
loss: 0.128960 [  864/ 6144]
loss: 0.096943 [ 1248/ 6144]
loss: 0.101328 [ 1632/ 6144]
loss: 0.098505 [ 2016/ 6144]
loss: 0.067050 [ 2400/ 6144]
loss: 0.063558 [ 2784/ 6144]
loss: 0.082040 [ 3168/ 6144]
loss: 0.073627 [ 3552/ 6144]
loss: 0.064152 [ 3936/ 6144]
loss: 0.052846 [ 4320/ 6144]
loss: 0.044820 [ 4704/ 6144]
loss: 0.030504 [ 5088/ 6144]
loss: 0.030125 [ 5472/ 6144]
loss: 0.016450 [ 5856/ 6144]
Validation Error: 
Accuracy: 85.1%, Avg loss: 0.129467, Positive ratio: 0.000000
Epoch time: 82.09 seconds 

Epoch 11
----------------------------
loss: 0.132300 [   96/ 6144]
loss: 0.128959 [  480/ 6144]
loss: 0.104384 [  864/ 6144]
loss: 0.068179 [ 1248/ 6144]
loss: 0.087077 [ 1632/ 6144]
loss: 0.075905 [ 2016/ 6144]
loss: 0.082493 [ 2400/ 6144]
loss: 0.085680 [ 2784/ 6144]
loss: 0.049657 [ 3168/ 6144]
loss: 0.048992 [ 3552/ 6144]
loss: 0.049283 [ 3936/ 6144]
loss: 0.052743 [ 4320/ 6144]
loss: 0.040422 [ 4704/ 6144]
loss: 0.024809 [ 5088/ 6144]
loss: 0.033938 [ 5472/ 6144]
loss: 0.023607 [ 5856/ 6144]
Validation Error: 
Accuracy: 85.1%, Avg loss: 0.141270, Positive ratio: 0.000000
Epoch time: 81.84 seconds 

Epoch 12
----------------------------
loss: 0.191062 [   96/ 6144]
loss: 0.144239 [  480/ 6144]
loss: 0.118410 [  864/ 6144]
loss: 0.099580 [ 1248/ 6144]
loss: 0.071171 [ 1632/ 6144]
loss: 0.056203 [ 2016/ 6144]
loss: 0.097909 [ 2400/ 6144]
loss: 0.065248 [ 2784/ 6144]
loss: 0.068588 [ 3168/ 6144]
loss: 0.045220 [ 3552/ 6144]
loss: 0.041246 [ 3936/ 6144]
loss: 0.044880 [ 4320/ 6144]
loss: 0.031128 [ 4704/ 6144]
loss: 0.046614 [ 5088/ 6144]
loss: 0.028698 [ 5472/ 6144]
loss: 0.013272 [ 5856/ 6144]
Validation Error: 
Accuracy: 85.1%, Avg loss: 0.136068, Positive ratio: 0.000000
Epoch time: 81.98 seconds 

Epoch 13
----------------------------
loss: 0.130463 [   96/ 6144]
loss: 0.137186 [  480/ 6144]
loss: 0.138541 [  864/ 6144]
loss: 0.139351 [ 1248/ 6144]
loss: 0.113216 [ 1632/ 6144]
loss: 0.069461 [ 2016/ 6144]
loss: 0.082025 [ 2400/ 6144]
loss: 0.056340 [ 2784/ 6144]
loss: 0.060475 [ 3168/ 6144]
loss: 0.050719 [ 3552/ 6144]
loss: 0.037561 [ 3936/ 6144]
loss: 0.039997 [ 4320/ 6144]
loss: 0.051657 [ 4704/ 6144]
loss: 0.035012 [ 5088/ 6144]
loss: 0.017283 [ 5472/ 6144]
loss: 0.017433 [ 5856/ 6144]
Validation Error: 
Accuracy: 85.4%, Avg loss: 0.126522, Positive ratio: 0.000488
Epoch time: 81.94 seconds 

Epoch 14
----------------------------
loss: 0.108025 [   96/ 6144]
loss: 0.157161 [  480/ 6144]
loss: 0.092986 [  864/ 6144]
loss: 0.090742 [ 1248/ 6144]
loss: 0.095057 [ 1632/ 6144]
loss: 0.099427 [ 2016/ 6144]
loss: 0.074969 [ 2400/ 6144]
loss: 0.062803 [ 2784/ 6144]
loss: 0.063459 [ 3168/ 6144]
loss: 0.045704 [ 3552/ 6144]
loss: 0.039286 [ 3936/ 6144]
loss: 0.046984 [ 4320/ 6144]
loss: 0.033098 [ 4704/ 6144]
loss: 0.040861 [ 5088/ 6144]
loss: 0.018679 [ 5472/ 6144]
loss: 0.013757 [ 5856/ 6144]
Validation Error: 
Accuracy: 84.9%, Avg loss: 0.137036, Positive ratio: 0.000326
Epoch time: 82.14 seconds 

Epoch 15
----------------------------
loss: 0.189613 [   96/ 6144]
loss: 0.119278 [  480/ 6144]
loss: 0.068752 [  864/ 6144]
loss: 0.082104 [ 1248/ 6144]
loss: 0.068727 [ 1632/ 6144]
loss: 0.081497 [ 2016/ 6144]
loss: 0.055929 [ 2400/ 6144]
loss: 0.063475 [ 2784/ 6144]
loss: 0.059019 [ 3168/ 6144]
loss: 0.078336 [ 3552/ 6144]
loss: 0.032713 [ 3936/ 6144]
loss: 0.044825 [ 4320/ 6144]
loss: 0.040066 [ 4704/ 6144]
loss: 0.028608 [ 5088/ 6144]
loss: 0.013743 [ 5472/ 6144]
loss: 0.039851 [ 5856/ 6144]
Validation Error: 
Accuracy: 84.6%, Avg loss: 0.139875, Positive ratio: 0.001139
Epoch time: 81.64 seconds 

Epoch 16
----------------------------
loss: 0.145038 [   96/ 6144]
loss: 0.133963 [  480/ 6144]
loss: 0.126953 [  864/ 6144]
loss: 0.091426 [ 1248/ 6144]
loss: 0.098592 [ 1632/ 6144]
loss: 0.050452 [ 2016/ 6144]
loss: 0.081345 [ 2400/ 6144]
loss: 0.072046 [ 2784/ 6144]
loss: 0.045251 [ 3168/ 6144]
loss: 0.050611 [ 3552/ 6144]
loss: 0.034711 [ 3936/ 6144]
loss: 0.035104 [ 4320/ 6144]
loss: 0.039148 [ 4704/ 6144]
loss: 0.027891 [ 5088/ 6144]
loss: 0.019626 [ 5472/ 6144]
loss: 0.020167 [ 5856/ 6144]
Validation Error: 
Accuracy: 85.0%, Avg loss: 0.135963, Positive ratio: 0.000977
Epoch time: 81.31 seconds 

Epoch 17
----------------------------
loss: 0.129892 [   96/ 6144]
loss: 0.145482 [  480/ 6144]
loss: 0.097658 [  864/ 6144]
loss: 0.131385 [ 1248/ 6144]
loss: 0.093168 [ 1632/ 6144]
loss: 0.062233 [ 2016/ 6144]
loss: 0.083066 [ 2400/ 6144]
loss: 0.038903 [ 2784/ 6144]
loss: 0.060084 [ 3168/ 6144]
loss: 0.042492 [ 3552/ 6144]
loss: 0.041205 [ 3936/ 6144]
loss: 0.036404 [ 4320/ 6144]
loss: 0.028704 [ 4704/ 6144]
loss: 0.028832 [ 5088/ 6144]
loss: 0.020845 [ 5472/ 6144]
loss: 0.015989 [ 5856/ 6144]
Validation Error: 
Accuracy: 84.5%, Avg loss: 0.140556, Positive ratio: 0.000651
Epoch time: 81.51 seconds 

Epoch 18
----------------------------
loss: 0.138642 [   96/ 6144]
loss: 0.122573 [  480/ 6144]
loss: 0.072052 [  864/ 6144]
loss: 0.117874 [ 1248/ 6144]
loss: 0.063066 [ 1632/ 6144]
loss: 0.091963 [ 2016/ 6144]
loss: 0.069345 [ 2400/ 6144]
loss: 0.062445 [ 2784/ 6144]
loss: 0.043824 [ 3168/ 6144]
loss: 0.069923 [ 3552/ 6144]
loss: 0.037701 [ 3936/ 6144]
loss: 0.035259 [ 4320/ 6144]
loss: 0.047269 [ 4704/ 6144]
loss: 0.043176 [ 5088/ 6144]
loss: 0.035257 [ 5472/ 6144]
loss: 0.018781 [ 5856/ 6144]
Validation Error: 
Accuracy: 84.9%, Avg loss: 0.134092, Positive ratio: 0.000488
Epoch time: 81.53 seconds 

Epoch 19
----------------------------
loss: 0.095148 [   96/ 6144]
loss: 0.148993 [  480/ 6144]
loss: 0.119807 [  864/ 6144]
loss: 0.148005 [ 1248/ 6144]
loss: 0.056877 [ 1632/ 6144]
loss: 0.064458 [ 2016/ 6144]
loss: 0.050010 [ 2400/ 6144]
loss: 0.055789 [ 2784/ 6144]
loss: 0.047759 [ 3168/ 6144]
loss: 0.046632 [ 3552/ 6144]
loss: 0.030525 [ 3936/ 6144]
loss: 0.029636 [ 4320/ 6144]
loss: 0.044203 [ 4704/ 6144]
loss: 0.029750 [ 5088/ 6144]
loss: 0.036556 [ 5472/ 6144]
loss: 0.022025 [ 5856/ 6144]
Validation Error: 
Accuracy: 85.3%, Avg loss: 0.130667, Positive ratio: 0.006185
Epoch time: 81.67 seconds 

Epoch 20
----------------------------
loss: 0.225928 [   96/ 6144]
loss: 0.116369 [  480/ 6144]
loss: 0.092783 [  864/ 6144]
loss: 0.070528 [ 1248/ 6144]
loss: 0.069344 [ 1632/ 6144]
loss: 0.075133 [ 2016/ 6144]
loss: 0.070015 [ 2400/ 6144]
loss: 0.060299 [ 2784/ 6144]
loss: 0.036316 [ 3168/ 6144]
loss: 0.030090 [ 3552/ 6144]
loss: 0.039090 [ 3936/ 6144]
loss: 0.047113 [ 4320/ 6144]
loss: 0.033213 [ 4704/ 6144]
loss: 0.019101 [ 5088/ 6144]
loss: 0.022653 [ 5472/ 6144]
loss: 0.019859 [ 5856/ 6144]
Validation Error: 
Accuracy: 85.0%, Avg loss: 0.140107, Positive ratio: 0.000326
Epoch time: 81.70 seconds 

Epoch 21
----------------------------
loss: 0.168470 [   96/ 6144]
loss: 0.116824 [  480/ 6144]
loss: 0.094478 [  864/ 6144]
loss: 0.142717 [ 1248/ 6144]
loss: 0.065954 [ 1632/ 6144]
loss: 0.056695 [ 2016/ 6144]
loss: 0.060605 [ 2400/ 6144]
loss: 0.051378 [ 2784/ 6144]
loss: 0.029923 [ 3168/ 6144]
loss: 0.041554 [ 3552/ 6144]
loss: 0.049568 [ 3936/ 6144]
loss: 0.018449 [ 4320/ 6144]
loss: 0.029499 [ 4704/ 6144]
loss: 0.025164 [ 5088/ 6144]
loss: 0.016175 [ 5472/ 6144]
loss: 0.015730 [ 5856/ 6144]
Validation Error: 
Accuracy: 84.5%, Avg loss: 0.125548, Positive ratio: 0.031413
Validation loss improved, saving model
Epoch time: 82.28 seconds 

Epoch 22
----------------------------
loss: 0.104500 [   96/ 6144]
loss: 0.054664 [  480/ 6144]
loss: 0.062036 [  864/ 6144]
loss: 0.121416 [ 1248/ 6144]
loss: 0.064553 [ 1632/ 6144]
loss: 0.045760 [ 2016/ 6144]
loss: 0.081044 [ 2400/ 6144]
loss: 0.036858 [ 2784/ 6144]
loss: 0.040314 [ 3168/ 6144]
loss: 0.045319 [ 3552/ 6144]
loss: 0.026669 [ 3936/ 6144]
loss: 0.027694 [ 4320/ 6144]
loss: 0.022110 [ 4704/ 6144]
loss: 0.023091 [ 5088/ 6144]
loss: 0.018789 [ 5472/ 6144]
loss: 0.021930 [ 5856/ 6144]
Validation Error: 
Accuracy: 84.5%, Avg loss: 0.127051, Positive ratio: 0.030762
Epoch time: 81.69 seconds 

Epoch 23
----------------------------
loss: 0.076300 [   96/ 6144]
loss: 0.103043 [  480/ 6144]
loss: 0.072240 [  864/ 6144]
loss: 0.064794 [ 1248/ 6144]
loss: 0.037363 [ 1632/ 6144]
loss: 0.027774 [ 2016/ 6144]
loss: 0.047178 [ 2400/ 6144]
loss: 0.038810 [ 2784/ 6144]
loss: 0.028290 [ 3168/ 6144]
loss: 0.032205 [ 3552/ 6144]
loss: 0.020578 [ 3936/ 6144]
loss: 0.032406 [ 4320/ 6144]
loss: 0.024090 [ 4704/ 6144]
loss: 0.018489 [ 5088/ 6144]
loss: 0.013234 [ 5472/ 6144]
loss: 0.018586 [ 5856/ 6144]
Validation Error: 
Accuracy: 85.1%, Avg loss: 0.124530, Positive ratio: 0.033854
Validation loss improved, saving model
Epoch time: 81.97 seconds 

Epoch 24
----------------------------
loss: 0.061247 [   96/ 6144]
loss: 0.068248 [  480/ 6144]
loss: 0.085086 [  864/ 6144]
loss: 0.079675 [ 1248/ 6144]
loss: 0.068679 [ 1632/ 6144]
loss: 0.031409 [ 2016/ 6144]
loss: 0.051108 [ 2400/ 6144]
loss: 0.049620 [ 2784/ 6144]
loss: 0.039420 [ 3168/ 6144]
loss: 0.027644 [ 3552/ 6144]
loss: 0.018508 [ 3936/ 6144]
loss: 0.028319 [ 4320/ 6144]
loss: 0.028176 [ 4704/ 6144]
loss: 0.021181 [ 5088/ 6144]
loss: 0.021192 [ 5472/ 6144]
loss: 0.030061 [ 5856/ 6144]
Validation Error: 
Accuracy: 84.6%, Avg loss: 0.127332, Positive ratio: 0.034505
Epoch time: 81.76 seconds 

Epoch 25
----------------------------
loss: 0.045384 [   96/ 6144]
loss: 0.022674 [  480/ 6144]
loss: 0.066183 [  864/ 6144]
loss: 0.076082 [ 1248/ 6144]
loss: 0.061342 [ 1632/ 6144]
loss: 0.039962 [ 2016/ 6144]
loss: 0.036067 [ 2400/ 6144]
loss: 0.063884 [ 2784/ 6144]
loss: 0.043409 [ 3168/ 6144]
loss: 0.029371 [ 3552/ 6144]
loss: 0.025320 [ 3936/ 6144]
loss: 0.025806 [ 4320/ 6144]
loss: 0.023616 [ 4704/ 6144]
loss: 0.025796 [ 5088/ 6144]
loss: 0.029960 [ 5472/ 6144]
loss: 0.026657 [ 5856/ 6144]
Validation Error: 
Accuracy: 84.4%, Avg loss: 0.131277, Positive ratio: 0.033366
Epoch time: 81.12 seconds 

Epoch 26
----------------------------
loss: 0.062821 [   96/ 6144]
loss: 0.075591 [  480/ 6144]
loss: 0.071028 [  864/ 6144]
loss: 0.064920 [ 1248/ 6144]
loss: 0.045630 [ 1632/ 6144]
loss: 0.034999 [ 2016/ 6144]
loss: 0.045182 [ 2400/ 6144]
loss: 0.043120 [ 2784/ 6144]
loss: 0.029948 [ 3168/ 6144]
loss: 0.037499 [ 3552/ 6144]
loss: 0.025707 [ 3936/ 6144]
loss: 0.022973 [ 4320/ 6144]
loss: 0.023941 [ 4704/ 6144]
loss: 0.032402 [ 5088/ 6144]
loss: 0.031511 [ 5472/ 6144]
loss: 0.025344 [ 5856/ 6144]
Validation Error: 
Accuracy: 84.2%, Avg loss: 0.130547, Positive ratio: 0.045085
Epoch time: 81.62 seconds 

Epoch 27
----------------------------
loss: 0.118570 [   96/ 6144]
loss: 0.057018 [  480/ 6144]
loss: 0.096712 [  864/ 6144]
loss: 0.045323 [ 1248/ 6144]
loss: 0.036595 [ 1632/ 6144]
loss: 0.061115 [ 2016/ 6144]
loss: 0.036715 [ 2400/ 6144]
loss: 0.049439 [ 2784/ 6144]
loss: 0.049881 [ 3168/ 6144]
loss: 0.025855 [ 3552/ 6144]
loss: 0.028528 [ 3936/ 6144]
loss: 0.016856 [ 4320/ 6144]
loss: 0.016159 [ 4704/ 6144]
loss: 0.032860 [ 5088/ 6144]
loss: 0.043306 [ 5472/ 6144]
loss: 0.020770 [ 5856/ 6144]
Validation Error: 
Accuracy: 84.1%, Avg loss: 0.132122, Positive ratio: 0.042806
Epoch time: 81.94 seconds 

Epoch 28
----------------------------
loss: 0.102965 [   96/ 6144]
loss: 0.058016 [  480/ 6144]
loss: 0.058913 [  864/ 6144]
loss: 0.090534 [ 1248/ 6144]
loss: 0.040746 [ 1632/ 6144]
loss: 0.035207 [ 2016/ 6144]
loss: 0.036416 [ 2400/ 6144]
loss: 0.040056 [ 2784/ 6144]
loss: 0.040419 [ 3168/ 6144]
loss: 0.029718 [ 3552/ 6144]
loss: 0.032169 [ 3936/ 6144]
loss: 0.030568 [ 4320/ 6144]
loss: 0.015787 [ 4704/ 6144]
loss: 0.023175 [ 5088/ 6144]
loss: 0.018251 [ 5472/ 6144]
loss: 0.044298 [ 5856/ 6144]
Validation Error: 
Accuracy: 84.7%, Avg loss: 0.129174, Positive ratio: 0.045573
Epoch time: 81.72 seconds 

Epoch 29
----------------------------
loss: 0.086884 [   96/ 6144]
loss: 0.074588 [  480/ 6144]
loss: 0.024369 [  864/ 6144]
loss: 0.065631 [ 1248/ 6144]
loss: 0.045294 [ 1632/ 6144]
loss: 0.044059 [ 2016/ 6144]
loss: 0.053659 [ 2400/ 6144]
loss: 0.027935 [ 2784/ 6144]
loss: 0.037115 [ 3168/ 6144]
loss: 0.032175 [ 3552/ 6144]
loss: 0.026493 [ 3936/ 6144]
loss: 0.025700 [ 4320/ 6144]
loss: 0.017636 [ 4704/ 6144]
loss: 0.020637 [ 5088/ 6144]
loss: 0.037345 [ 5472/ 6144]
loss: 0.013577 [ 5856/ 6144]
Validation Error: 
Accuracy: 84.7%, Avg loss: 0.130362, Positive ratio: 0.045573
Epoch time: 81.74 seconds 

Epoch 30
----------------------------
loss: 0.091939 [   96/ 6144]
loss: 0.052139 [  480/ 6144]
loss: 0.063323 [  864/ 6144]
loss: 0.053623 [ 1248/ 6144]
loss: 0.028278 [ 1632/ 6144]
loss: 0.032528 [ 2016/ 6144]
loss: 0.031696 [ 2400/ 6144]
loss: 0.049865 [ 2784/ 6144]
loss: 0.023081 [ 3168/ 6144]
loss: 0.019043 [ 3552/ 6144]
loss: 0.028300 [ 3936/ 6144]
loss: 0.042806 [ 4320/ 6144]
loss: 0.026980 [ 4704/ 6144]
loss: 0.023311 [ 5088/ 6144]
loss: 0.015725 [ 5472/ 6144]
loss: 0.022197 [ 5856/ 6144]
Validation Error: 
Accuracy: 84.8%, Avg loss: 0.126030, Positive ratio: 0.036947
Epoch time: 81.70 seconds 

Epoch 31
----------------------------
loss: 0.071542 [   96/ 6144]
loss: 0.055968 [  480/ 6144]
loss: 0.042216 [  864/ 6144]
loss: 0.084106 [ 1248/ 6144]
loss: 0.043755 [ 1632/ 6144]
loss: 0.035716 [ 2016/ 6144]
loss: 0.031042 [ 2400/ 6144]
loss: 0.018311 [ 2784/ 6144]
loss: 0.042807 [ 3168/ 6144]
loss: 0.022908 [ 3552/ 6144]
loss: 0.025840 [ 3936/ 6144]
loss: 0.013516 [ 4320/ 6144]
loss: 0.021923 [ 4704/ 6144]
loss: 0.048098 [ 5088/ 6144]
loss: 0.039442 [ 5472/ 6144]
loss: 0.036290 [ 5856/ 6144]
Validation Error: 
Accuracy: 84.4%, Avg loss: 0.133540, Positive ratio: 0.040202
Epoch time: 81.92 seconds 

Epoch 32
----------------------------
loss: 0.086883 [   96/ 6144]
loss: 0.057014 [  480/ 6144]
loss: 0.061121 [  864/ 6144]
loss: 0.037389 [ 1248/ 6144]
loss: 0.036278 [ 1632/ 6144]
loss: 0.046008 [ 2016/ 6144]
loss: 0.032546 [ 2400/ 6144]
loss: 0.021020 [ 2784/ 6144]
loss: 0.025011 [ 3168/ 6144]
loss: 0.039129 [ 3552/ 6144]
loss: 0.022122 [ 3936/ 6144]
loss: 0.027435 [ 4320/ 6144]
loss: 0.014831 [ 4704/ 6144]
loss: 0.030158 [ 5088/ 6144]
loss: 0.033725 [ 5472/ 6144]
loss: 0.026284 [ 5856/ 6144]
Validation Error: 
Accuracy: 84.5%, Avg loss: 0.132401, Positive ratio: 0.036784
Epoch time: 81.78 seconds 

Epoch 33
----------------------------
loss: 0.103636 [   96/ 6144]
loss: 0.033606 [  480/ 6144]
loss: 0.032932 [  864/ 6144]
loss: 0.052038 [ 1248/ 6144]
loss: 0.025308 [ 1632/ 6144]
loss: 0.034777 [ 2016/ 6144]
loss: 0.025077 [ 2400/ 6144]
loss: 0.027694 [ 2784/ 6144]
loss: 0.034685 [ 3168/ 6144]
loss: 0.021227 [ 3552/ 6144]
loss: 0.022196 [ 3936/ 6144]
loss: 0.028172 [ 4320/ 6144]
loss: 0.036676 [ 4704/ 6144]
loss: 0.022109 [ 5088/ 6144]
loss: 0.019115 [ 5472/ 6144]
loss: 0.021811 [ 5856/ 6144]
Validation Error: 
Accuracy: 84.7%, Avg loss: 0.130717, Positive ratio: 0.035482
Epoch time: 82.08 seconds 

Epoch 34
----------------------------
loss: 0.053685 [   96/ 6144]
loss: 0.045243 [  480/ 6144]
loss: 0.054488 [  864/ 6144]
loss: 0.043794 [ 1248/ 6144]
loss: 0.054833 [ 1632/ 6144]
loss: 0.029509 [ 2016/ 6144]
loss: 0.019667 [ 2400/ 6144]
loss: 0.044956 [ 2784/ 6144]
loss: 0.025926 [ 3168/ 6144]
loss: 0.015925 [ 3552/ 6144]
loss: 0.023211 [ 3936/ 6144]
loss: 0.023226 [ 4320/ 6144]
loss: 0.020869 [ 4704/ 6144]
loss: 0.014270 [ 5088/ 6144]
loss: 0.031890 [ 5472/ 6144]
loss: 0.024858 [ 5856/ 6144]
Validation Error: 
Accuracy: 84.8%, Avg loss: 0.130030, Positive ratio: 0.035156
Epoch time: 81.36 seconds 

Epoch 35
----------------------------
loss: 0.125350 [   96/ 6144]
loss: 0.033309 [  480/ 6144]
loss: 0.053294 [  864/ 6144]
loss: 0.064595 [ 1248/ 6144]
loss: 0.022107 [ 1632/ 6144]
loss: 0.049331 [ 2016/ 6144]
loss: 0.053585 [ 2400/ 6144]
loss: 0.032869 [ 2784/ 6144]
loss: 0.020785 [ 3168/ 6144]
loss: 0.021262 [ 3552/ 6144]
loss: 0.017568 [ 3936/ 6144]
loss: 0.032185 [ 4320/ 6144]
loss: 0.026264 [ 4704/ 6144]
loss: 0.031027 [ 5088/ 6144]
loss: 0.018195 [ 5472/ 6144]
loss: 0.021514 [ 5856/ 6144]
Validation Error: 
Accuracy: 83.5%, Avg loss: 0.135773, Positive ratio: 0.059733
Epoch time: 80.91 seconds 

Epoch 36
----------------------------
loss: 0.047984 [   96/ 6144]
loss: 0.071822 [  480/ 6144]
loss: 0.038641 [  864/ 6144]
loss: 0.034249 [ 1248/ 6144]
loss: 0.057156 [ 1632/ 6144]
loss: 0.021194 [ 2016/ 6144]
loss: 0.037661 [ 2400/ 6144]
loss: 0.037527 [ 2784/ 6144]
loss: 0.013663 [ 3168/ 6144]
loss: 0.039630 [ 3552/ 6144]
loss: 0.025891 [ 3936/ 6144]
loss: 0.021006 [ 4320/ 6144]
loss: 0.026682 [ 4704/ 6144]
loss: 0.025889 [ 5088/ 6144]
loss: 0.022236 [ 5472/ 6144]
loss: 0.037003 [ 5856/ 6144]
Validation Error: 
Accuracy: 83.7%, Avg loss: 0.137247, Positive ratio: 0.055664
Epoch time: 81.27 seconds 

Epoch 37
----------------------------
loss: 0.026623 [   96/ 6144]
loss: 0.037578 [  480/ 6144]
loss: 0.036714 [  864/ 6144]
loss: 0.017386 [ 1248/ 6144]
loss: 0.025224 [ 1632/ 6144]
loss: 0.030309 [ 2016/ 6144]
loss: 0.042120 [ 2400/ 6144]
loss: 0.023811 [ 2784/ 6144]
loss: 0.038327 [ 3168/ 6144]
loss: 0.023792 [ 3552/ 6144]
loss: 0.017542 [ 3936/ 6144]
loss: 0.017337 [ 4320/ 6144]
loss: 0.025328 [ 4704/ 6144]
loss: 0.038388 [ 5088/ 6144]
loss: 0.020012 [ 5472/ 6144]
loss: 0.034570 [ 5856/ 6144]
Validation Error: 
Accuracy: 83.7%, Avg loss: 0.134080, Positive ratio: 0.063802
Epoch time: 81.86 seconds 

Epoch 38
----------------------------
loss: 0.081046 [   96/ 6144]
loss: 0.079536 [  480/ 6144]
loss: 0.044450 [  864/ 6144]
loss: 0.092521 [ 1248/ 6144]
loss: 0.052984 [ 1632/ 6144]
loss: 0.036234 [ 2016/ 6144]
loss: 0.025743 [ 2400/ 6144]
loss: 0.015771 [ 2784/ 6144]
loss: 0.015237 [ 3168/ 6144]
loss: 0.013117 [ 3552/ 6144]
loss: 0.022636 [ 3936/ 6144]
loss: 0.022485 [ 4320/ 6144]
loss: 0.020337 [ 4704/ 6144]
loss: 0.017653 [ 5088/ 6144]
loss: 0.014794 [ 5472/ 6144]
loss: 0.031647 [ 5856/ 6144]
Validation Error: 
Accuracy: 83.6%, Avg loss: 0.135975, Positive ratio: 0.055501
Epoch time: 81.97 seconds 

Epoch 39
----------------------------
loss: 0.067116 [   96/ 6144]
loss: 0.073691 [  480/ 6144]
loss: 0.059314 [  864/ 6144]
loss: 0.054155 [ 1248/ 6144]
loss: 0.037925 [ 1632/ 6144]
loss: 0.056196 [ 2016/ 6144]
loss: 0.029087 [ 2400/ 6144]
loss: 0.031133 [ 2784/ 6144]
loss: 0.020550 [ 3168/ 6144]
loss: 0.023676 [ 3552/ 6144]
loss: 0.032891 [ 3936/ 6144]
loss: 0.015897 [ 4320/ 6144]
loss: 0.018810 [ 4704/ 6144]
loss: 0.014412 [ 5088/ 6144]
loss: 0.037674 [ 5472/ 6144]
loss: 0.021802 [ 5856/ 6144]
Validation Error: 
Accuracy: 82.9%, Avg loss: 0.141263, Positive ratio: 0.063477
Epoch time: 81.79 seconds 

Epoch 40
----------------------------
loss: 0.069233 [   96/ 6144]
loss: 0.093098 [  480/ 6144]
loss: 0.047927 [  864/ 6144]
loss: 0.055933 [ 1248/ 6144]
loss: 0.033448 [ 1632/ 6144]
loss: 0.016621 [ 2016/ 6144]
loss: 0.021498 [ 2400/ 6144]
loss: 0.032096 [ 2784/ 6144]
loss: 0.018337 [ 3168/ 6144]
loss: 0.020629 [ 3552/ 6144]
loss: 0.026825 [ 3936/ 6144]
loss: 0.018742 [ 4320/ 6144]
loss: 0.016632 [ 4704/ 6144]
loss: 0.023728 [ 5088/ 6144]
loss: 0.017618 [ 5472/ 6144]
loss: 0.029682 [ 5856/ 6144]
Validation Error: 
Accuracy: 83.7%, Avg loss: 0.135916, Positive ratio: 0.061361
Epoch time: 81.85 seconds 

Epoch 41
----------------------------
loss: 0.059481 [   96/ 6144]
loss: 0.054686 [  480/ 6144]
loss: 0.051651 [  864/ 6144]
loss: 0.032857 [ 1248/ 6144]
loss: 0.037704 [ 1632/ 6144]
loss: 0.035053 [ 2016/ 6144]
loss: 0.026752 [ 2400/ 6144]
loss: 0.035092 [ 2784/ 6144]
loss: 0.030513 [ 3168/ 6144]
loss: 0.025367 [ 3552/ 6144]
loss: 0.028689 [ 3936/ 6144]
loss: 0.025619 [ 4320/ 6144]
loss: 0.020232 [ 4704/ 6144]
loss: 0.034478 [ 5088/ 6144]
loss: 0.023259 [ 5472/ 6144]
loss: 0.028879 [ 5856/ 6144]
Validation Error: 
Accuracy: 83.6%, Avg loss: 0.136178, Positive ratio: 0.057292
Epoch time: 82.00 seconds 

Epoch 42
----------------------------
loss: 0.045720 [   96/ 6144]
loss: 0.039670 [  480/ 6144]
loss: 0.057435 [  864/ 6144]
loss: 0.040814 [ 1248/ 6144]
loss: 0.027812 [ 1632/ 6144]
loss: 0.021022 [ 2016/ 6144]
loss: 0.018892 [ 2400/ 6144]
loss: 0.032583 [ 2784/ 6144]
loss: 0.026235 [ 3168/ 6144]
loss: 0.019519 [ 3552/ 6144]
loss: 0.021845 [ 3936/ 6144]
loss: 0.014092 [ 4320/ 6144]
loss: 0.022071 [ 4704/ 6144]
loss: 0.022285 [ 5088/ 6144]
loss: 0.021805 [ 5472/ 6144]
loss: 0.028115 [ 5856/ 6144]
Validation Error: 
Accuracy: 83.2%, Avg loss: 0.138286, Positive ratio: 0.051595
Epoch time: 81.59 seconds 

Epoch 43
----------------------------
loss: 0.037712 [   96/ 6144]
loss: 0.031848 [  480/ 6144]
loss: 0.043646 [  864/ 6144]
loss: 0.064862 [ 1248/ 6144]
loss: 0.042086 [ 1632/ 6144]
loss: 0.047979 [ 2016/ 6144]
loss: 0.040853 [ 2400/ 6144]
loss: 0.020306 [ 2784/ 6144]
loss: 0.015068 [ 3168/ 6144]
loss: 0.019567 [ 3552/ 6144]
loss: 0.028358 [ 3936/ 6144]
loss: 0.013605 [ 4320/ 6144]
loss: 0.032206 [ 4704/ 6144]
loss: 0.033644 [ 5088/ 6144]
loss: 0.020299 [ 5472/ 6144]
loss: 0.026005 [ 5856/ 6144]
Validation Error: 
Accuracy: 83.2%, Avg loss: 0.138596, Positive ratio: 0.062337
Early stopping with minimum validation loss of 0.1245298765716143, max accuracy of 0.8513997395833334
Done! Total training time: 58 minutes, 51.22 seconds, average epoch time: 3.53 seconds
