Using cuda device
Number of training samples: 7304
==========================================================================================
Layer (type:depth-idx)                   Output Shape              Param #
==========================================================================================
CNN                                      [12, 100]                 --
├─Sequential: 1-1                        [12, 1, 380, 540, 12]     --
│    └─glp_rotation_stack: 2-1           [12, 1, 380, 540, 12]     --
├─Sequential: 1-2                        [12, 10080]               --
│    └─Sequential: 2-2                   [12, 8, 190, 270, 12]     --
│    │    └─Conv3d: 3-1                  [12, 8, 380, 540, 12]     80
│    │    └─LeakyReLU: 3-2               [12, 8, 380, 540, 12]     --
│    │    └─BatchNorm3d: 3-3             [12, 8, 380, 540, 12]     16
│    │    └─Conv3d: 3-4                  [12, 8, 380, 540, 12]     584
│    │    └─LeakyReLU: 3-5               [12, 8, 380, 540, 12]     --
│    │    └─BatchNorm3d: 3-6             [12, 8, 380, 540, 12]     16
│    │    └─MaxPool3d: 3-7               [12, 8, 190, 270, 12]     --
│    └─Sequential: 2-3                   [12, 16, 95, 135, 12]     --
│    │    └─Conv3d: 3-8                  [12, 16, 190, 270, 12]    1,168
│    │    └─LeakyReLU: 3-9               [12, 16, 190, 270, 12]    --
│    │    └─BatchNorm3d: 3-10            [12, 16, 190, 270, 12]    32
│    │    └─Conv3d: 3-11                 [12, 16, 190, 270, 12]    2,320
│    │    └─LeakyReLU: 3-12              [12, 16, 190, 270, 12]    --
│    │    └─BatchNorm3d: 3-13            [12, 16, 190, 270, 12]    32
│    │    └─MaxPool3d: 3-14              [12, 16, 95, 135, 12]     --
│    └─Sequential: 2-4                   [12, 32, 47, 67, 12]      --
│    │    └─Conv3d: 3-15                 [12, 32, 95, 135, 12]     4,640
│    │    └─LeakyReLU: 3-16              [12, 32, 95, 135, 12]     --
│    │    └─BatchNorm3d: 3-17            [12, 32, 95, 135, 12]     64
│    │    └─Conv3d: 3-18                 [12, 32, 95, 135, 12]     9,248
│    │    └─LeakyReLU: 3-19              [12, 32, 95, 135, 12]     --
│    │    └─BatchNorm3d: 3-20            [12, 32, 95, 135, 12]     64
│    │    └─MaxPool3d: 3-21              [12, 32, 47, 67, 12]      --
│    └─glp_rotation_pool: 2-5            [12, 32, 47, 67, 6]       --
│    └─Sequential: 2-6                   [12, 64, 23, 33, 6]       --
│    │    └─Conv3d: 3-22                 [12, 64, 47, 67, 6]       18,496
│    │    └─LeakyReLU: 3-23              [12, 64, 47, 67, 6]       --
│    │    └─BatchNorm3d: 3-24            [12, 64, 47, 67, 6]       128
│    │    └─Conv3d: 3-25                 [12, 64, 47, 67, 6]       36,928
│    │    └─LeakyReLU: 3-26              [12, 64, 47, 67, 6]       --
│    │    └─BatchNorm3d: 3-27            [12, 64, 47, 67, 6]       128
│    │    └─MaxPool3d: 3-28              [12, 64, 23, 33, 6]       --
│    └─Sequential: 2-7                   [12, 128, 11, 16, 6]      --
│    │    └─Conv3d: 3-29                 [12, 128, 23, 33, 6]      73,856
│    │    └─LeakyReLU: 3-30              [12, 128, 23, 33, 6]      --
│    │    └─BatchNorm3d: 3-31            [12, 128, 23, 33, 6]      256
│    │    └─Conv3d: 3-32                 [12, 128, 23, 33, 6]      147,584
│    │    └─LeakyReLU: 3-33              [12, 128, 23, 33, 6]      --
│    │    └─BatchNorm3d: 3-34            [12, 128, 23, 33, 6]      256
│    │    └─MaxPool3d: 3-35              [12, 128, 11, 16, 6]      --
│    └─Sequential: 2-8                   [12, 256, 5, 8, 6]        --
│    │    └─Conv3d: 3-36                 [12, 256, 11, 16, 6]      295,168
│    │    └─LeakyReLU: 3-37              [12, 256, 11, 16, 6]      --
│    │    └─BatchNorm3d: 3-38            [12, 256, 11, 16, 6]      512
│    │    └─Conv3d: 3-39                 [12, 256, 11, 16, 6]      590,080
│    │    └─LeakyReLU: 3-40              [12, 256, 11, 16, 6]      --
│    │    └─BatchNorm3d: 3-41            [12, 256, 11, 16, 6]      512
│    │    └─MaxPool3d: 3-42              [12, 256, 5, 8, 6]        --
│    └─Sequential: 2-9                   [12, 42, 5, 8, 6]         --
│    │    └─Conv3d: 3-43                 [12, 42, 5, 8, 6]         10,794
│    │    └─LeakyReLU: 3-44              [12, 42, 5, 8, 6]         --
│    │    └─BatchNorm3d: 3-45            [12, 42, 5, 8, 6]         84
│    │    └─Conv3d: 3-46                 [12, 42, 5, 8, 6]         1,806
│    │    └─LeakyReLU: 3-47              [12, 42, 5, 8, 6]         --
│    │    └─BatchNorm3d: 3-48            [12, 42, 5, 8, 6]         84
│    │    └─MaxPool3d: 3-49              [12, 42, 5, 8, 6]         --
│    └─Flatten: 2-10                     [12, 10080]               --
├─Sequential: 1-3                        [12, 100]                 --
│    └─Sequential: 2-11                  [12, 1740]                --
│    │    └─Linear: 3-50                 [12, 1740]                17,540,940
│    │    └─LeakyReLU: 3-51              [12, 1740]                --
│    │    └─Dropout: 3-52                [12, 1740]                --
│    │    └─BatchNorm1d: 3-53            [12, 1740]                3,480
│    └─Sequential: 2-12                  [12, 1305]                --
│    │    └─Linear: 3-54                 [12, 1305]                2,272,005
│    │    └─LeakyReLU: 3-55              [12, 1305]                --
│    │    └─Dropout: 3-56                [12, 1305]                --
│    │    └─BatchNorm1d: 3-57            [12, 1305]                2,610
│    └─Sequential: 2-13                  [12, 870]                 --
│    │    └─Linear: 3-58                 [12, 870]                 1,136,220
│    │    └─LeakyReLU: 3-59              [12, 870]                 --
│    │    └─Dropout: 3-60                [12, 870]                 --
│    │    └─BatchNorm1d: 3-61            [12, 870]                 1,740
│    └─Sequential: 2-14                  [12, 435]                 --
│    │    └─Linear: 3-62                 [12, 435]                 378,885
│    │    └─LeakyReLU: 3-63              [12, 435]                 --
│    │    └─Dropout: 3-64                [12, 435]                 --
│    │    └─BatchNorm1d: 3-65            [12, 435]                 870
│    └─Linear: 2-15                      [12, 100]                 43,600
├─Sigmoid: 1-4                           [12, 100]                 --
==========================================================================================
Total params: 22,575,286
Trainable params: 22,575,286
Non-trainable params: 0
Total mult-adds (G): 107.21
==========================================================================================
Input size (MB): 9.85
Forward/backward pass size (MB): 14034.56
Params size (MB): 90.30
Estimated Total Size (MB): 14134.71
==========================================================================================
Validation true percentage: 6.225031827560472%
Training CNN 

Epoch 1
----------------------------
loss: 0.053046 [   12/ 6144]
loss: 0.046094 [  396/ 6144]
loss: 0.035155 [  780/ 6144]
loss: 0.032157 [ 1164/ 6144]
loss: 0.030665 [ 1548/ 6144]
loss: 0.026896 [ 1932/ 6144]
loss: 0.029319 [ 2316/ 6144]
loss: 0.023397 [ 2700/ 6144]
loss: 0.023282 [ 3084/ 6144]
loss: 0.022076 [ 3468/ 6144]
loss: 0.021238 [ 3852/ 6144]
loss: 0.020074 [ 4236/ 6144]
loss: 0.019110 [ 4620/ 6144]
loss: 0.018645 [ 5004/ 6144]
loss: 0.018565 [ 5388/ 6144]
loss: 0.018334 [ 5772/ 6144]
Validation Error: 
Accuracy: 84.9%, Avg loss: 0.137238, Positive ratio: 0.000000
Validation loss improved, saving model
Epoch time: 751.26 seconds 

Epoch 2
----------------------------
loss: 0.018087 [   12/ 6144]
loss: 0.022059 [  396/ 6144]
loss: 0.021605 [  780/ 6144]
loss: 0.019402 [ 1164/ 6144]
loss: 0.025884 [ 1548/ 6144]
loss: 0.021851 [ 1932/ 6144]
loss: 0.019669 [ 2316/ 6144]
loss: 0.012618 [ 2700/ 6144]
loss: 0.014630 [ 3084/ 6144]
loss: 0.023605 [ 3468/ 6144]
loss: 0.010524 [ 3852/ 6144]
loss: 0.011885 [ 4236/ 6144]
loss: 0.011159 [ 4620/ 6144]
loss: 0.008618 [ 5004/ 6144]
loss: 0.010855 [ 5388/ 6144]
loss: 0.010192 [ 5772/ 6144]
Validation Error: 
Accuracy: 84.7%, Avg loss: 0.139063, Positive ratio: 0.000000
Epoch time: 751.26 seconds 

Epoch 3
----------------------------
loss: 0.019922 [   12/ 6144]
loss: 0.007283 [  396/ 6144]
loss: 0.010556 [  780/ 6144]
loss: 0.021372 [ 1164/ 6144]
loss: 0.023476 [ 1548/ 6144]
loss: 0.019472 [ 1932/ 6144]
loss: 0.011104 [ 2316/ 6144]
loss: 0.015332 [ 2700/ 6144]
loss: 0.007682 [ 3084/ 6144]
loss: 0.008537 [ 3468/ 6144]
loss: 0.006926 [ 3852/ 6144]
loss: 0.007080 [ 4236/ 6144]
loss: 0.007905 [ 4620/ 6144]
loss: 0.014942 [ 5004/ 6144]
loss: 0.006602 [ 5388/ 6144]
loss: 0.007358 [ 5772/ 6144]
Validation Error: 
Accuracy: 81.9%, Avg loss: 0.141201, Positive ratio: 0.069499
Epoch time: 751.18 seconds 

Epoch 4
----------------------------
loss: 0.007577 [   12/ 6144]
loss: 0.022284 [  396/ 6144]
loss: 0.017369 [  780/ 6144]
loss: 0.015436 [ 1164/ 6144]
loss: 0.010640 [ 1548/ 6144]
loss: 0.018026 [ 1932/ 6144]
loss: 0.032147 [ 2316/ 6144]
loss: 0.009505 [ 2700/ 6144]
loss: 0.008087 [ 3084/ 6144]
loss: 0.009061 [ 3468/ 6144]
loss: 0.008105 [ 3852/ 6144]
loss: 0.006397 [ 4236/ 6144]
loss: 0.005258 [ 4620/ 6144]
loss: 0.005803 [ 5004/ 6144]
loss: 0.014572 [ 5388/ 6144]
loss: 0.005111 [ 5772/ 6144]
Validation Error: 
Accuracy: 84.7%, Avg loss: 0.134571, Positive ratio: 0.006185
Validation loss improved, saving model
Epoch time: 751.60 seconds 

Epoch 5
----------------------------
loss: 0.012799 [   12/ 6144]
loss: 0.022458 [  396/ 6144]
loss: 0.019622 [  780/ 6144]
loss: 0.013836 [ 1164/ 6144]
loss: 0.019249 [ 1548/ 6144]
loss: 0.010828 [ 1932/ 6144]
loss: 0.010726 [ 2316/ 6144]
loss: 0.010094 [ 2700/ 6144]
loss: 0.006308 [ 3084/ 6144]
loss: 0.014566 [ 3468/ 6144]
loss: 0.005978 [ 3852/ 6144]
loss: 0.005440 [ 4236/ 6144]
loss: 0.005125 [ 4620/ 6144]
loss: 0.005270 [ 5004/ 6144]
loss: 0.007697 [ 5388/ 6144]
loss: 0.004063 [ 5772/ 6144]
Validation Error: 
Accuracy: 84.8%, Avg loss: 0.130930, Positive ratio: 0.011393
Validation loss improved, saving model
Epoch time: 751.57 seconds 

Epoch 6
----------------------------
loss: 0.017758 [   12/ 6144]
loss: 0.010118 [  396/ 6144]
loss: 0.019133 [  780/ 6144]
loss: 0.014151 [ 1164/ 6144]
loss: 0.004222 [ 1548/ 6144]
loss: 0.005194 [ 1932/ 6144]
loss: 0.005150 [ 2316/ 6144]
loss: 0.016356 [ 2700/ 6144]
loss: 0.018262 [ 3084/ 6144]
loss: 0.014527 [ 3468/ 6144]
loss: 0.003410 [ 3852/ 6144]
loss: 0.006942 [ 4236/ 6144]
loss: 0.012996 [ 4620/ 6144]
loss: 0.003381 [ 5004/ 6144]
loss: 0.004516 [ 5388/ 6144]
loss: 0.003470 [ 5772/ 6144]
Validation Error: 
Accuracy: 84.5%, Avg loss: 0.128701, Positive ratio: 0.016764
Validation loss improved, saving model
Epoch time: 751.58 seconds 

Epoch 7
----------------------------
loss: 0.016271 [   12/ 6144]
loss: 0.018458 [  396/ 6144]
loss: 0.005281 [  780/ 6144]
loss: 0.004283 [ 1164/ 6144]
loss: 0.011585 [ 1548/ 6144]
loss: 0.004492 [ 1932/ 6144]
loss: 0.024389 [ 2316/ 6144]
loss: 0.005212 [ 2700/ 6144]
loss: 0.005544 [ 3084/ 6144]
loss: 0.010758 [ 3468/ 6144]
loss: 0.004270 [ 3852/ 6144]
loss: 0.014414 [ 4236/ 6144]
loss: 0.012281 [ 4620/ 6144]
loss: 0.006584 [ 5004/ 6144]
loss: 0.013481 [ 5388/ 6144]
loss: 0.002634 [ 5772/ 6144]
Validation Error: 
Accuracy: 84.7%, Avg loss: 0.132268, Positive ratio: 0.004720
Epoch time: 751.23 seconds 

Epoch 8
----------------------------
loss: 0.043443 [   12/ 6144]
loss: 0.020409 [  396/ 6144]
loss: 0.017191 [  780/ 6144]
loss: 0.020060 [ 1164/ 6144]
loss: 0.043347 [ 1548/ 6144]
loss: 0.004118 [ 1932/ 6144]
loss: 0.021069 [ 2316/ 6144]
loss: 0.005660 [ 2700/ 6144]
loss: 0.008997 [ 3084/ 6144]
loss: 0.012208 [ 3468/ 6144]
loss: 0.004672 [ 3852/ 6144]
loss: 0.003566 [ 4236/ 6144]
loss: 0.005266 [ 4620/ 6144]
loss: 0.003455 [ 5004/ 6144]
loss: 0.003887 [ 5388/ 6144]
loss: 0.002969 [ 5772/ 6144]
Validation Error: 
Accuracy: 84.6%, Avg loss: 0.131424, Positive ratio: 0.003092
Epoch time: 750.89 seconds 

Epoch 9
----------------------------
loss: 0.011305 [   12/ 6144]
loss: 0.014059 [  396/ 6144]
loss: 0.004477 [  780/ 6144]
loss: 0.003734 [ 1164/ 6144]
loss: 0.011229 [ 1548/ 6144]
loss: 0.009751 [ 1932/ 6144]
loss: 0.011092 [ 2316/ 6144]
loss: 0.007630 [ 2700/ 6144]
loss: 0.004920 [ 3084/ 6144]
loss: 0.004264 [ 3468/ 6144]
loss: 0.008862 [ 3852/ 6144]
loss: 0.005057 [ 4236/ 6144]
loss: 0.006935 [ 4620/ 6144]
loss: 0.003149 [ 5004/ 6144]
loss: 0.006772 [ 5388/ 6144]
loss: 0.001740 [ 5772/ 6144]
Validation Error: 
Accuracy: 85.2%, Avg loss: 0.127839, Positive ratio: 0.000000
Validation loss improved, saving model
Epoch time: 751.47 seconds 

Epoch 10
----------------------------
loss: 0.030032 [   12/ 6144]
loss: 0.025372 [  396/ 6144]
loss: 0.012545 [  780/ 6144]
loss: 0.009495 [ 1164/ 6144]
loss: 0.017102 [ 1548/ 6144]
loss: 0.014772 [ 1932/ 6144]
loss: 0.017562 [ 2316/ 6144]
loss: 0.007253 [ 2700/ 6144]
loss: 0.011843 [ 3084/ 6144]
loss: 0.003531 [ 3468/ 6144]
loss: 0.017839 [ 3852/ 6144]
loss: 0.002929 [ 4236/ 6144]
loss: 0.002956 [ 4620/ 6144]
loss: 0.002225 [ 5004/ 6144]
loss: 0.007966 [ 5388/ 6144]
loss: 0.002508 [ 5772/ 6144]
Validation Error: 
Accuracy: 85.0%, Avg loss: 0.129087, Positive ratio: 0.000000
Epoch time: 751.10 seconds 

Epoch 11
----------------------------
loss: 0.005758 [   12/ 6144]
loss: 0.024474 [  396/ 6144]
loss: 0.018234 [  780/ 6144]
loss: 0.002147 [ 1164/ 6144]
loss: 0.011327 [ 1548/ 6144]
loss: 0.021144 [ 1932/ 6144]
loss: 0.002282 [ 2316/ 6144]
loss: 0.003546 [ 2700/ 6144]
loss: 0.002679 [ 3084/ 6144]
loss: 0.007349 [ 3468/ 6144]
loss: 0.007380 [ 3852/ 6144]
loss: 0.005626 [ 4236/ 6144]
loss: 0.005800 [ 4620/ 6144]
loss: 0.003632 [ 5004/ 6144]
loss: 0.002654 [ 5388/ 6144]
loss: 0.002659 [ 5772/ 6144]
Validation Error: 
Accuracy: 85.0%, Avg loss: 0.126827, Positive ratio: 0.000651
Validation loss improved, saving model
Epoch time: 751.57 seconds 

Epoch 12
----------------------------
loss: 0.005829 [   12/ 6144]
loss: 0.021290 [  396/ 6144]
loss: 0.010932 [  780/ 6144]
loss: 0.002195 [ 1164/ 6144]
loss: 0.004943 [ 1548/ 6144]
loss: 0.025507 [ 1932/ 6144]
loss: 0.011274 [ 2316/ 6144]
loss: 0.005831 [ 2700/ 6144]
loss: 0.003401 [ 3084/ 6144]
loss: 0.012401 [ 3468/ 6144]
loss: 0.016842 [ 3852/ 6144]
loss: 0.002449 [ 4236/ 6144]
loss: 0.002319 [ 4620/ 6144]
loss: 0.008082 [ 5004/ 6144]
loss: 0.003045 [ 5388/ 6144]
loss: 0.002121 [ 5772/ 6144]
Validation Error: 
Accuracy: 85.0%, Avg loss: 0.127422, Positive ratio: 0.000163
Epoch time: 751.16 seconds 

Epoch 13
----------------------------
loss: 0.025258 [   12/ 6144]
loss: 0.010853 [  396/ 6144]
loss: 0.024015 [  780/ 6144]
loss: 0.011367 [ 1164/ 6144]
loss: 0.002893 [ 1548/ 6144]
loss: 0.011555 [ 1932/ 6144]
loss: 0.002898 [ 2316/ 6144]
loss: 0.020297 [ 2700/ 6144]
loss: 0.003349 [ 3084/ 6144]
loss: 0.004071 [ 3468/ 6144]
loss: 0.009736 [ 3852/ 6144]
loss: 0.003280 [ 4236/ 6144]
loss: 0.003321 [ 4620/ 6144]
loss: 0.004797 [ 5004/ 6144]
loss: 0.002512 [ 5388/ 6144]
loss: 0.003018 [ 5772/ 6144]
Validation Error: 
Accuracy: 84.7%, Avg loss: 0.129845, Positive ratio: 0.000163
Epoch time: 751.08 seconds 

Epoch 14
----------------------------
loss: 0.020587 [   12/ 6144]
loss: 0.017312 [  396/ 6144]
loss: 0.012745 [  780/ 6144]
loss: 0.016010 [ 1164/ 6144]
loss: 0.002181 [ 1548/ 6144]
loss: 0.003111 [ 1932/ 6144]
loss: 0.003947 [ 2316/ 6144]
loss: 0.003664 [ 2700/ 6144]
loss: 0.008770 [ 3084/ 6144]
loss: 0.006124 [ 3468/ 6144]
loss: 0.012468 [ 3852/ 6144]
loss: 0.005470 [ 4236/ 6144]
loss: 0.002855 [ 4620/ 6144]
loss: 0.003196 [ 5004/ 6144]
loss: 0.002928 [ 5388/ 6144]
loss: 0.002110 [ 5772/ 6144]
Validation Error: 
Accuracy: 85.3%, Avg loss: 0.129150, Positive ratio: 0.002279
Epoch time: 751.19 seconds 

Epoch 15
----------------------------
loss: 0.006554 [   12/ 6144]
loss: 0.030059 [  396/ 6144]
loss: 0.012134 [  780/ 6144]
loss: 0.007545 [ 1164/ 6144]
loss: 0.003492 [ 1548/ 6144]
loss: 0.004513 [ 1932/ 6144]
loss: 0.007031 [ 2316/ 6144]
loss: 0.026144 [ 2700/ 6144]
loss: 0.004685 [ 3084/ 6144]
loss: 0.004454 [ 3468/ 6144]
loss: 0.004343 [ 3852/ 6144]
loss: 0.003188 [ 4236/ 6144]
loss: 0.004880 [ 4620/ 6144]
loss: 0.002234 [ 5004/ 6144]
loss: 0.004943 [ 5388/ 6144]
loss: 0.002459 [ 5772/ 6144]
Validation Error: 
Accuracy: 84.7%, Avg loss: 0.128841, Positive ratio: 0.001628
Epoch time: 751.10 seconds 

Epoch 16
----------------------------
loss: 0.006252 [   12/ 6144]
loss: 0.014288 [  396/ 6144]
loss: 0.013291 [  780/ 6144]
loss: 0.015300 [ 1164/ 6144]
loss: 0.006728 [ 1548/ 6144]
loss: 0.012980 [ 1932/ 6144]
loss: 0.009613 [ 2316/ 6144]
loss: 0.011818 [ 2700/ 6144]
loss: 0.003686 [ 3084/ 6144]
loss: 0.009366 [ 3468/ 6144]
loss: 0.011255 [ 3852/ 6144]
loss: 0.005147 [ 4236/ 6144]
loss: 0.003340 [ 4620/ 6144]
loss: 0.003153 [ 5004/ 6144]
loss: 0.003049 [ 5388/ 6144]
loss: 0.002179 [ 5772/ 6144]
Validation Error: 
Accuracy: 84.8%, Avg loss: 0.131369, Positive ratio: 0.002930
Epoch time: 751.00 seconds 

Epoch 17
----------------------------
loss: 0.023824 [   12/ 6144]
loss: 0.009267 [  396/ 6144]
loss: 0.005666 [  780/ 6144]
loss: 0.002815 [ 1164/ 6144]
loss: 0.002629 [ 1548/ 6144]
loss: 0.003976 [ 1932/ 6144]
loss: 0.007873 [ 2316/ 6144]
loss: 0.004052 [ 2700/ 6144]
loss: 0.016630 [ 3084/ 6144]
loss: 0.005534 [ 3468/ 6144]
loss: 0.005341 [ 3852/ 6144]
loss: 0.003000 [ 4236/ 6144]
loss: 0.005021 [ 4620/ 6144]
loss: 0.011588 [ 5004/ 6144]
loss: 0.003101 [ 5388/ 6144]
loss: 0.002285 [ 5772/ 6144]
Validation Error: 
Accuracy: 84.8%, Avg loss: 0.126947, Positive ratio: 0.001465
Epoch time: 751.09 seconds 

Epoch 18
----------------------------
loss: 0.005099 [   12/ 6144]
loss: 0.023048 [  396/ 6144]
loss: 0.003238 [  780/ 6144]
loss: 0.004984 [ 1164/ 6144]
loss: 0.017815 [ 1548/ 6144]
loss: 0.007602 [ 1932/ 6144]
loss: 0.003482 [ 2316/ 6144]
loss: 0.006294 [ 2700/ 6144]
loss: 0.005577 [ 3084/ 6144]
loss: 0.005247 [ 3468/ 6144]
loss: 0.015600 [ 3852/ 6144]
loss: 0.002880 [ 4236/ 6144]
loss: 0.013405 [ 4620/ 6144]
loss: 0.003914 [ 5004/ 6144]
loss: 0.003538 [ 5388/ 6144]
loss: 0.003375 [ 5772/ 6144]
Validation Error: 
Accuracy: 85.3%, Avg loss: 0.132839, Positive ratio: 0.001790
Epoch time: 751.23 seconds 

Epoch 19
----------------------------
loss: 0.016334 [   12/ 6144]
loss: 0.005312 [  396/ 6144]
loss: 0.013124 [  780/ 6144]
loss: 0.007858 [ 1164/ 6144]
loss: 0.003818 [ 1548/ 6144]
loss: 0.013544 [ 1932/ 6144]
loss: 0.005108 [ 2316/ 6144]
loss: 0.002647 [ 2700/ 6144]
loss: 0.004534 [ 3084/ 6144]
loss: 0.006241 [ 3468/ 6144]
loss: 0.004270 [ 3852/ 6144]
loss: 0.004277 [ 4236/ 6144]
loss: 0.003657 [ 4620/ 6144]
loss: 0.003535 [ 5004/ 6144]
loss: 0.011374 [ 5388/ 6144]
loss: 0.002574 [ 5772/ 6144]
Validation Error: 
Accuracy: 84.7%, Avg loss: 0.132040, Positive ratio: 0.006673
Epoch time: 751.20 seconds 

Epoch 20
----------------------------
loss: 0.004012 [   12/ 6144]
loss: 0.024472 [  396/ 6144]
loss: 0.012317 [  780/ 6144]
loss: 0.011610 [ 1164/ 6144]
loss: 0.007047 [ 1548/ 6144]
loss: 0.005010 [ 1932/ 6144]
loss: 0.004326 [ 2316/ 6144]
loss: 0.005736 [ 2700/ 6144]
loss: 0.011344 [ 3084/ 6144]
loss: 0.006570 [ 3468/ 6144]
loss: 0.004848 [ 3852/ 6144]
loss: 0.004308 [ 4236/ 6144]
loss: 0.003281 [ 4620/ 6144]
loss: 0.006476 [ 5004/ 6144]
loss: 0.002870 [ 5388/ 6144]
loss: 0.002206 [ 5772/ 6144]
Validation Error: 
Accuracy: 85.3%, Avg loss: 0.127424, Positive ratio: 0.003255
Epoch time: 750.97 seconds 

Epoch 21
----------------------------
loss: 0.008771 [   12/ 6144]
loss: 0.003921 [  396/ 6144]
loss: 0.005191 [  780/ 6144]
loss: 0.004568 [ 1164/ 6144]
loss: 0.009998 [ 1548/ 6144]
loss: 0.012069 [ 1932/ 6144]
loss: 0.010816 [ 2316/ 6144]
loss: 0.003684 [ 2700/ 6144]
loss: 0.003683 [ 3084/ 6144]
loss: 0.004409 [ 3468/ 6144]
loss: 0.012042 [ 3852/ 6144]
loss: 0.005301 [ 4236/ 6144]
loss: 0.004396 [ 4620/ 6144]
loss: 0.002473 [ 5004/ 6144]
loss: 0.009111 [ 5388/ 6144]
loss: 0.002156 [ 5772/ 6144]
Validation Error: 
Accuracy: 84.9%, Avg loss: 0.129872, Positive ratio: 0.014974
Epoch time: 751.12 seconds 

Epoch 22
----------------------------
loss: 0.012173 [   12/ 6144]
loss: 0.008039 [  396/ 6144]
loss: 0.008449 [  780/ 6144]
loss: 0.003033 [ 1164/ 6144]
loss: 0.014275 [ 1548/ 6144]
loss: 0.022284 [ 1932/ 6144]
loss: 0.005677 [ 2316/ 6144]
loss: 0.003252 [ 2700/ 6144]
loss: 0.006851 [ 3084/ 6144]
loss: 0.003746 [ 3468/ 6144]
loss: 0.003389 [ 3852/ 6144]
loss: 0.013013 [ 4236/ 6144]
loss: 0.008656 [ 4620/ 6144]
loss: 0.013103 [ 5004/ 6144]
loss: 0.002420 [ 5388/ 6144]
loss: 0.001947 [ 5772/ 6144]
Validation Error: 
Accuracy: 84.7%, Avg loss: 0.129552, Positive ratio: 0.021159
Epoch time: 751.16 seconds 

Epoch 23
----------------------------
loss: 0.002508 [   12/ 6144]
loss: 0.002918 [  396/ 6144]
loss: 0.011151 [  780/ 6144]
loss: 0.013229 [ 1164/ 6144]
loss: 0.010461 [ 1548/ 6144]
loss: 0.003126 [ 1932/ 6144]
loss: 0.009461 [ 2316/ 6144]
loss: 0.003734 [ 2700/ 6144]
loss: 0.007817 [ 3084/ 6144]
loss: 0.001705 [ 3468/ 6144]
loss: 0.004001 [ 3852/ 6144]
loss: 0.004723 [ 4236/ 6144]
loss: 0.002638 [ 4620/ 6144]
loss: 0.009908 [ 5004/ 6144]
loss: 0.003913 [ 5388/ 6144]
loss: 0.003019 [ 5772/ 6144]
Validation Error: 
Accuracy: 84.7%, Avg loss: 0.126319, Positive ratio: 0.027018
Validation loss improved, saving model
Epoch time: 751.53 seconds 

Epoch 24
----------------------------
loss: 0.008020 [   12/ 6144]
loss: 0.007574 [  396/ 6144]
loss: 0.010674 [  780/ 6144]
loss: 0.023550 [ 1164/ 6144]
loss: 0.006184 [ 1548/ 6144]
loss: 0.007994 [ 1932/ 6144]
loss: 0.012276 [ 2316/ 6144]
loss: 0.002292 [ 2700/ 6144]
loss: 0.003109 [ 3084/ 6144]
loss: 0.002957 [ 3468/ 6144]
loss: 0.002864 [ 3852/ 6144]
loss: 0.002666 [ 4236/ 6144]
loss: 0.002557 [ 4620/ 6144]
loss: 0.003536 [ 5004/ 6144]
loss: 0.002174 [ 5388/ 6144]
loss: 0.003132 [ 5772/ 6144]
Validation Error: 
Accuracy: 84.2%, Avg loss: 0.129582, Positive ratio: 0.032715
Epoch time: 751.10 seconds 

Epoch 25
----------------------------
loss: 0.022802 [   12/ 6144]
loss: 0.003819 [  396/ 6144]
loss: 0.014234 [  780/ 6144]
loss: 0.003504 [ 1164/ 6144]
loss: 0.003936 [ 1548/ 6144]
loss: 0.003283 [ 1932/ 6144]
loss: 0.006693 [ 2316/ 6144]
loss: 0.003278 [ 2700/ 6144]
loss: 0.005065 [ 3084/ 6144]
loss: 0.003341 [ 3468/ 6144]
loss: 0.005044 [ 3852/ 6144]
loss: 0.002015 [ 4236/ 6144]
loss: 0.003326 [ 4620/ 6144]
loss: 0.002991 [ 5004/ 6144]
loss: 0.003548 [ 5388/ 6144]
loss: 0.004038 [ 5772/ 6144]
Validation Error: 
Accuracy: 84.4%, Avg loss: 0.128447, Positive ratio: 0.030599
Epoch time: 751.15 seconds 

Epoch 26
----------------------------
loss: 0.004042 [   12/ 6144]
loss: 0.004837 [  396/ 6144]
loss: 0.006858 [  780/ 6144]
loss: 0.006577 [ 1164/ 6144]
loss: 0.003066 [ 1548/ 6144]
loss: 0.007548 [ 1932/ 6144]
loss: 0.002642 [ 2316/ 6144]
loss: 0.008063 [ 2700/ 6144]
loss: 0.004202 [ 3084/ 6144]
loss: 0.003517 [ 3468/ 6144]
loss: 0.002226 [ 3852/ 6144]
loss: 0.005022 [ 4236/ 6144]
loss: 0.002999 [ 4620/ 6144]
loss: 0.002821 [ 5004/ 6144]
loss: 0.003155 [ 5388/ 6144]
loss: 0.002827 [ 5772/ 6144]
Validation Error: 
Accuracy: 83.2%, Avg loss: 0.134437, Positive ratio: 0.040690
Epoch time: 751.22 seconds 

Epoch 27
----------------------------
loss: 0.016694 [   12/ 6144]
loss: 0.020485 [  396/ 6144]
loss: 0.007794 [  780/ 6144]
loss: 0.019506 [ 1164/ 6144]
loss: 0.004205 [ 1548/ 6144]
loss: 0.011042 [ 1932/ 6144]
loss: 0.002267 [ 2316/ 6144]
loss: 0.002386 [ 2700/ 6144]
loss: 0.004220 [ 3084/ 6144]
loss: 0.002956 [ 3468/ 6144]
loss: 0.002846 [ 3852/ 6144]
loss: 0.007041 [ 4236/ 6144]
loss: 0.002794 [ 4620/ 6144]
loss: 0.003670 [ 5004/ 6144]
loss: 0.003265 [ 5388/ 6144]
loss: 0.002270 [ 5772/ 6144]
Validation Error: 
Accuracy: 83.5%, Avg loss: 0.132975, Positive ratio: 0.037272
Epoch time: 751.12 seconds 

Epoch 28
----------------------------
loss: 0.023098 [   12/ 6144]
loss: 0.002173 [  396/ 6144]
loss: 0.004697 [  780/ 6144]
loss: 0.004333 [ 1164/ 6144]
loss: 0.022595 [ 1548/ 6144]
loss: 0.005733 [ 1932/ 6144]
loss: 0.008622 [ 2316/ 6144]
loss: 0.002958 [ 2700/ 6144]
loss: 0.008230 [ 3084/ 6144]
loss: 0.002627 [ 3468/ 6144]
loss: 0.003242 [ 3852/ 6144]
loss: 0.002893 [ 4236/ 6144]
loss: 0.002671 [ 4620/ 6144]
loss: 0.013425 [ 5004/ 6144]
loss: 0.002742 [ 5388/ 6144]
loss: 0.004163 [ 5772/ 6144]
Validation Error: 
Accuracy: 83.5%, Avg loss: 0.133263, Positive ratio: 0.035319
Epoch time: 751.16 seconds 

Epoch 29
----------------------------
loss: 0.007416 [   12/ 6144]
loss: 0.011096 [  396/ 6144]
loss: 0.019019 [  780/ 6144]
loss: 0.005508 [ 1164/ 6144]
loss: 0.002877 [ 1548/ 6144]
loss: 0.002548 [ 1932/ 6144]
loss: 0.014853 [ 2316/ 6144]
loss: 0.002661 [ 2700/ 6144]
loss: 0.015792 [ 3084/ 6144]
loss: 0.003139 [ 3468/ 6144]
loss: 0.002278 [ 3852/ 6144]
loss: 0.011332 [ 4236/ 6144]
loss: 0.003139 [ 4620/ 6144]
loss: 0.002551 [ 5004/ 6144]
loss: 0.003573 [ 5388/ 6144]
loss: 0.002111 [ 5772/ 6144]
Validation Error: 
Accuracy: 83.3%, Avg loss: 0.134649, Positive ratio: 0.040690
Epoch time: 751.11 seconds 

Epoch 30
----------------------------
loss: 0.015269 [   12/ 6144]
loss: 0.008432 [  396/ 6144]
loss: 0.014384 [  780/ 6144]
loss: 0.022066 [ 1164/ 6144]
loss: 0.008979 [ 1548/ 6144]
loss: 0.009703 [ 1932/ 6144]
loss: 0.003590 [ 2316/ 6144]
loss: 0.005765 [ 2700/ 6144]
loss: 0.004118 [ 3084/ 6144]
loss: 0.002648 [ 3468/ 6144]
loss: 0.005620 [ 3852/ 6144]
loss: 0.003630 [ 4236/ 6144]
loss: 0.003420 [ 4620/ 6144]
loss: 0.003321 [ 5004/ 6144]
loss: 0.003293 [ 5388/ 6144]
loss: 0.002962 [ 5772/ 6144]
Validation Error: 
Accuracy: 83.8%, Avg loss: 0.128670, Positive ratio: 0.047526
Epoch time: 751.18 seconds 

Epoch 31
----------------------------
loss: 0.005218 [   12/ 6144]
loss: 0.008429 [  396/ 6144]
loss: 0.002922 [  780/ 6144]
loss: 0.008059 [ 1164/ 6144]
loss: 0.011844 [ 1548/ 6144]
loss: 0.002822 [ 1932/ 6144]
loss: 0.004163 [ 2316/ 6144]
loss: 0.003974 [ 2700/ 6144]
loss: 0.004185 [ 3084/ 6144]
loss: 0.002365 [ 3468/ 6144]
loss: 0.003683 [ 3852/ 6144]
loss: 0.002201 [ 4236/ 6144]
loss: 0.003533 [ 4620/ 6144]
loss: 0.002838 [ 5004/ 6144]
loss: 0.002945 [ 5388/ 6144]
loss: 0.002281 [ 5772/ 6144]
Validation Error: 
Accuracy: 83.9%, Avg loss: 0.129240, Positive ratio: 0.042969
Epoch time: 751.16 seconds 

Epoch 32
----------------------------
loss: 0.013415 [   12/ 6144]
loss: 0.005925 [  396/ 6144]
loss: 0.014634 [  780/ 6144]
loss: 0.002184 [ 1164/ 6144]
loss: 0.012018 [ 1548/ 6144]
loss: 0.003607 [ 1932/ 6144]
loss: 0.003138 [ 2316/ 6144]
loss: 0.003530 [ 2700/ 6144]
loss: 0.002709 [ 3084/ 6144]
loss: 0.002956 [ 3468/ 6144]
loss: 0.002494 [ 3852/ 6144]
loss: 0.003131 [ 4236/ 6144]
loss: 0.003642 [ 4620/ 6144]
loss: 0.002738 [ 5004/ 6144]
loss: 0.002326 [ 5388/ 6144]
loss: 0.002530 [ 5772/ 6144]
Validation Error: 
Accuracy: 83.4%, Avg loss: 0.134711, Positive ratio: 0.039062
Epoch time: 751.28 seconds 

Epoch 33
----------------------------
loss: 0.009986 [   12/ 6144]
loss: 0.010245 [  396/ 6144]
loss: 0.006780 [  780/ 6144]
loss: 0.006502 [ 1164/ 6144]
loss: 0.018771 [ 1548/ 6144]
loss: 0.003215 [ 1932/ 6144]
loss: 0.002893 [ 2316/ 6144]
loss: 0.002621 [ 2700/ 6144]
loss: 0.005106 [ 3084/ 6144]
loss: 0.001970 [ 3468/ 6144]
loss: 0.010342 [ 3852/ 6144]
loss: 0.005053 [ 4236/ 6144]
loss: 0.002871 [ 4620/ 6144]
loss: 0.003559 [ 5004/ 6144]
loss: 0.002878 [ 5388/ 6144]
loss: 0.002318 [ 5772/ 6144]
Validation Error: 
Accuracy: 83.7%, Avg loss: 0.132732, Positive ratio: 0.035482
Epoch time: 751.13 seconds 

Epoch 34
----------------------------
loss: 0.009970 [   12/ 6144]
loss: 0.031036 [  396/ 6144]
loss: 0.006925 [  780/ 6144]
loss: 0.002234 [ 1164/ 6144]
loss: 0.005913 [ 1548/ 6144]
loss: 0.010878 [ 1932/ 6144]
loss: 0.002953 [ 2316/ 6144]
loss: 0.021406 [ 2700/ 6144]
loss: 0.005647 [ 3084/ 6144]
loss: 0.003391 [ 3468/ 6144]
loss: 0.005518 [ 3852/ 6144]
loss: 0.002166 [ 4236/ 6144]
loss: 0.003089 [ 4620/ 6144]
loss: 0.002710 [ 5004/ 6144]
loss: 0.002151 [ 5388/ 6144]
loss: 0.003407 [ 5772/ 6144]
Validation Error: 
Accuracy: 84.3%, Avg loss: 0.128578, Positive ratio: 0.034831
Epoch time: 751.05 seconds 

Epoch 35
----------------------------
loss: 0.032178 [   12/ 6144]
loss: 0.003765 [  396/ 6144]
loss: 0.010835 [  780/ 6144]
loss: 0.008202 [ 1164/ 6144]
loss: 0.004771 [ 1548/ 6144]
loss: 0.007206 [ 1932/ 6144]
loss: 0.002207 [ 2316/ 6144]
loss: 0.002297 [ 2700/ 6144]
loss: 0.002940 [ 3084/ 6144]
loss: 0.004573 [ 3468/ 6144]
loss: 0.002887 [ 3852/ 6144]
loss: 0.002027 [ 4236/ 6144]
loss: 0.002571 [ 4620/ 6144]
loss: 0.003613 [ 5004/ 6144]
loss: 0.002702 [ 5388/ 6144]
loss: 0.002430 [ 5772/ 6144]
Validation Error: 
Accuracy: 83.8%, Avg loss: 0.128231, Positive ratio: 0.046549
Epoch time: 751.26 seconds 

Epoch 36
----------------------------
loss: 0.013002 [   12/ 6144]
loss: 0.002638 [  396/ 6144]
loss: 0.004822 [  780/ 6144]
loss: 0.002839 [ 1164/ 6144]
loss: 0.005022 [ 1548/ 6144]
loss: 0.002313 [ 1932/ 6144]
loss: 0.004032 [ 2316/ 6144]
loss: 0.003894 [ 2700/ 6144]
loss: 0.010605 [ 3084/ 6144]
loss: 0.002536 [ 3468/ 6144]
loss: 0.002723 [ 3852/ 6144]
loss: 0.002834 [ 4236/ 6144]
loss: 0.003205 [ 4620/ 6144]
loss: 0.002129 [ 5004/ 6144]
loss: 0.002881 [ 5388/ 6144]
loss: 0.002384 [ 5772/ 6144]
Validation Error: 
Accuracy: 83.8%, Avg loss: 0.128114, Positive ratio: 0.053548
Epoch time: 751.19 seconds 

Epoch 37
----------------------------
loss: 0.007119 [   12/ 6144]
loss: 0.007360 [  396/ 6144]
loss: 0.006903 [  780/ 6144]
loss: 0.007621 [ 1164/ 6144]
loss: 0.005344 [ 1548/ 6144]
loss: 0.002189 [ 1932/ 6144]
loss: 0.004149 [ 2316/ 6144]
loss: 0.003954 [ 2700/ 6144]
loss: 0.003572 [ 3084/ 6144]
loss: 0.008157 [ 3468/ 6144]
loss: 0.002190 [ 3852/ 6144]
loss: 0.006090 [ 4236/ 6144]
loss: 0.002381 [ 4620/ 6144]
loss: 0.002414 [ 5004/ 6144]
loss: 0.003353 [ 5388/ 6144]
loss: 0.003746 [ 5772/ 6144]
Validation Error: 
Accuracy: 83.5%, Avg loss: 0.131586, Positive ratio: 0.042480
Epoch time: 751.10 seconds 

Epoch 38
----------------------------
loss: 0.004345 [   12/ 6144]
loss: 0.007109 [  396/ 6144]
loss: 0.004824 [  780/ 6144]
loss: 0.002312 [ 1164/ 6144]
loss: 0.007752 [ 1548/ 6144]
loss: 0.002805 [ 1932/ 6144]
loss: 0.007264 [ 2316/ 6144]
loss: 0.006426 [ 2700/ 6144]
loss: 0.002757 [ 3084/ 6144]
loss: 0.001940 [ 3468/ 6144]
loss: 0.003782 [ 3852/ 6144]
loss: 0.003430 [ 4236/ 6144]
loss: 0.003585 [ 4620/ 6144]
loss: 0.003244 [ 5004/ 6144]
loss: 0.001854 [ 5388/ 6144]
loss: 0.003030 [ 5772/ 6144]
Validation Error: 
Accuracy: 83.6%, Avg loss: 0.131777, Positive ratio: 0.045410
Epoch time: 751.14 seconds 

Epoch 39
----------------------------
loss: 0.011527 [   12/ 6144]
loss: 0.011923 [  396/ 6144]
loss: 0.003332 [  780/ 6144]
loss: 0.004377 [ 1164/ 6144]
loss: 0.002119 [ 1548/ 6144]
loss: 0.006351 [ 1932/ 6144]
loss: 0.005687 [ 2316/ 6144]
loss: 0.011950 [ 2700/ 6144]
loss: 0.003034 [ 3084/ 6144]
loss: 0.011778 [ 3468/ 6144]
loss: 0.003435 [ 3852/ 6144]
loss: 0.003810 [ 4236/ 6144]
loss: 0.010435 [ 4620/ 6144]
loss: 0.003569 [ 5004/ 6144]
loss: 0.003565 [ 5388/ 6144]
loss: 0.002364 [ 5772/ 6144]
Validation Error: 
Accuracy: 84.0%, Avg loss: 0.130503, Positive ratio: 0.039876
Epoch time: 751.14 seconds 

Epoch 40
----------------------------
loss: 0.002186 [   12/ 6144]
loss: 0.029046 [  396/ 6144]
loss: 0.002213 [  780/ 6144]
loss: 0.004687 [ 1164/ 6144]
loss: 0.002141 [ 1548/ 6144]
loss: 0.009531 [ 1932/ 6144]
loss: 0.004579 [ 2316/ 6144]
loss: 0.003005 [ 2700/ 6144]
loss: 0.010120 [ 3084/ 6144]
loss: 0.002955 [ 3468/ 6144]
loss: 0.003797 [ 3852/ 6144]
loss: 0.002188 [ 4236/ 6144]
loss: 0.003850 [ 4620/ 6144]
loss: 0.002755 [ 5004/ 6144]
loss: 0.002693 [ 5388/ 6144]
loss: 0.005850 [ 5772/ 6144]
Validation Error: 
Accuracy: 83.0%, Avg loss: 0.136376, Positive ratio: 0.046712
Epoch time: 751.20 seconds 

Epoch 41
----------------------------
loss: 0.002181 [   12/ 6144]
loss: 0.002486 [  396/ 6144]
loss: 0.027381 [  780/ 6144]
loss: 0.007129 [ 1164/ 6144]
loss: 0.002750 [ 1548/ 6144]
loss: 0.003339 [ 1932/ 6144]
loss: 0.002336 [ 2316/ 6144]
loss: 0.005172 [ 2700/ 6144]
loss: 0.002548 [ 3084/ 6144]
loss: 0.019098 [ 3468/ 6144]
loss: 0.002190 [ 3852/ 6144]
loss: 0.003979 [ 4236/ 6144]
loss: 0.003655 [ 4620/ 6144]
loss: 0.002879 [ 5004/ 6144]
loss: 0.003489 [ 5388/ 6144]
loss: 0.003905 [ 5772/ 6144]
Validation Error: 
Accuracy: 84.0%, Avg loss: 0.129856, Positive ratio: 0.041504
Epoch time: 751.05 seconds 

Epoch 42
----------------------------
loss: 0.002191 [   12/ 6144]
loss: 0.004257 [  396/ 6144]
loss: 0.015852 [  780/ 6144]
loss: 0.009513 [ 1164/ 6144]
loss: 0.008628 [ 1548/ 6144]
loss: 0.002198 [ 1932/ 6144]
loss: 0.002449 [ 2316/ 6144]
loss: 0.005082 [ 2700/ 6144]
loss: 0.005591 [ 3084/ 6144]
loss: 0.002631 [ 3468/ 6144]
loss: 0.002598 [ 3852/ 6144]
loss: 0.005669 [ 4236/ 6144]
loss: 0.004308 [ 4620/ 6144]
loss: 0.003019 [ 5004/ 6144]
loss: 0.002886 [ 5388/ 6144]
loss: 0.003704 [ 5772/ 6144]
Validation Error: 
Accuracy: 83.4%, Avg loss: 0.128667, Positive ratio: 0.061523
Epoch time: 751.21 seconds 

Epoch 43
----------------------------
loss: 0.029289 [   12/ 6144]
loss: 0.015436 [  396/ 6144]
loss: 0.002918 [  780/ 6144]
loss: 0.025034 [ 1164/ 6144]
loss: 0.007369 [ 1548/ 6144]
loss: 0.004766 [ 1932/ 6144]
loss: 0.004936 [ 2316/ 6144]
loss: 0.002382 [ 2700/ 6144]
loss: 0.004269 [ 3084/ 6144]
loss: 0.006826 [ 3468/ 6144]
loss: 0.004282 [ 3852/ 6144]
loss: 0.001731 [ 4236/ 6144]
loss: 0.002326 [ 4620/ 6144]
loss: 0.003198 [ 5004/ 6144]
loss: 0.013969 [ 5388/ 6144]
loss: 0.002316 [ 5772/ 6144]
Validation Error: 
Accuracy: 83.8%, Avg loss: 0.126960, Positive ratio: 0.051270
Early stopping with minimum validation loss of 0.12631944753775315, max accuracy of 0.8468424479166666
Done! Total training time: 538 minutes, 21.63 seconds, average epoch time: 32.30 seconds
