Using cuda device
Number of training samples: 7304
==========================================================================================
Layer (type:depth-idx)                   Output Shape              Param #
==========================================================================================
CNN                                      [96, 100]                 --
├─Sequential: 1-1                        [96, 1, 380, 540]         --
├─Sequential: 1-2                        [96, 1280]                --
│    └─Sequential: 2-1                   [96, 8, 190, 270]         --
│    │    └─Conv2d: 3-1                  [96, 8, 380, 540]         80
│    │    └─LeakyReLU: 3-2               [96, 8, 380, 540]         --
│    │    └─BatchNorm2d: 3-3             [96, 8, 380, 540]         16
│    │    └─Conv2d: 3-4                  [96, 8, 380, 540]         584
│    │    └─LeakyReLU: 3-5               [96, 8, 380, 540]         --
│    │    └─BatchNorm2d: 3-6             [96, 8, 380, 540]         16
│    │    └─MaxPool2d: 3-7               [96, 8, 190, 270]         --
│    └─Sequential: 2-2                   [96, 8, 95, 135]          --
│    │    └─Conv2d: 3-8                  [96, 8, 190, 270]         584
│    │    └─LeakyReLU: 3-9               [96, 8, 190, 270]         --
│    │    └─BatchNorm2d: 3-10            [96, 8, 190, 270]         16
│    │    └─Conv2d: 3-11                 [96, 8, 190, 270]         584
│    │    └─LeakyReLU: 3-12              [96, 8, 190, 270]         --
│    │    └─BatchNorm2d: 3-13            [96, 8, 190, 270]         16
│    │    └─MaxPool2d: 3-14              [96, 8, 95, 135]          --
│    └─Sequential: 2-3                   [96, 16, 47, 67]          --
│    │    └─Conv2d: 3-15                 [96, 16, 95, 135]         1,168
│    │    └─LeakyReLU: 3-16              [96, 16, 95, 135]         --
│    │    └─BatchNorm2d: 3-17            [96, 16, 95, 135]         32
│    │    └─Conv2d: 3-18                 [96, 16, 95, 135]         2,320
│    │    └─LeakyReLU: 3-19              [96, 16, 95, 135]         --
│    │    └─BatchNorm2d: 3-20            [96, 16, 95, 135]         32
│    │    └─MaxPool2d: 3-21              [96, 16, 47, 67]          --
│    └─Sequential: 2-4                   [96, 16, 23, 33]          --
│    │    └─Conv2d: 3-22                 [96, 16, 47, 67]          2,320
│    │    └─LeakyReLU: 3-23              [96, 16, 47, 67]          --
│    │    └─BatchNorm2d: 3-24            [96, 16, 47, 67]          32
│    │    └─Conv2d: 3-25                 [96, 16, 47, 67]          2,320
│    │    └─LeakyReLU: 3-26              [96, 16, 47, 67]          --
│    │    └─BatchNorm2d: 3-27            [96, 16, 47, 67]          32
│    │    └─MaxPool2d: 3-28              [96, 16, 23, 33]          --
│    └─Sequential: 2-5                   [96, 32, 11, 16]          --
│    │    └─Conv2d: 3-29                 [96, 32, 23, 33]          4,640
│    │    └─LeakyReLU: 3-30              [96, 32, 23, 33]          --
│    │    └─BatchNorm2d: 3-31            [96, 32, 23, 33]          64
│    │    └─Conv2d: 3-32                 [96, 32, 23, 33]          9,248
│    │    └─LeakyReLU: 3-33              [96, 32, 23, 33]          --
│    │    └─BatchNorm2d: 3-34            [96, 32, 23, 33]          64
│    │    └─MaxPool2d: 3-35              [96, 32, 11, 16]          --
│    └─Sequential: 2-6                   [96, 32, 5, 8]            --
│    │    └─Conv2d: 3-36                 [96, 32, 11, 16]          9,248
│    │    └─LeakyReLU: 3-37              [96, 32, 11, 16]          --
│    │    └─BatchNorm2d: 3-38            [96, 32, 11, 16]          64
│    │    └─Conv2d: 3-39                 [96, 32, 11, 16]          9,248
│    │    └─LeakyReLU: 3-40              [96, 32, 11, 16]          --
│    │    └─BatchNorm2d: 3-41            [96, 32, 11, 16]          64
│    │    └─MaxPool2d: 3-42              [96, 32, 5, 8]            --
│    └─Flatten: 2-7                      [96, 1280]                --
├─Sequential: 1-3                        [96, 100]                 --
│    └─Sequential: 2-8                   [96, 768]                 --
│    │    └─Linear: 3-43                 [96, 768]                 983,808
│    │    └─LeakyReLU: 3-44              [96, 768]                 --
│    │    └─Dropout: 3-45                [96, 768]                 --
│    │    └─BatchNorm1d: 3-46            [96, 768]                 1,536
│    └─Sequential: 2-9                   [96, 460]                 --
│    │    └─Linear: 3-47                 [96, 460]                 353,740
│    │    └─LeakyReLU: 3-48              [96, 460]                 --
│    │    └─Dropout: 3-49                [96, 460]                 --
│    │    └─BatchNorm1d: 3-50            [96, 460]                 920
│    └─Linear: 2-10                      [96, 100]                 46,100
├─Sigmoid: 1-4                           [96, 100]                 --
==========================================================================================
Total params: 1,428,896
Trainable params: 1,428,896
Non-trainable params: 0
Total mult-adds (Units.GIGABYTES): 25.99
==========================================================================================
Input size (MB): 78.80
Forward/backward pass size (MB): 7182.78
Params size (MB): 5.72
Estimated Total Size (MB): 7267.29
==========================================================================================
Validation true percentage: 6.225031827560472%
Training CNN 

Epoch 1
----------------------------
loss: 0.423772 [   96/ 6144]
loss: 0.321527 [  480/ 6144]
loss: 0.274808 [  864/ 6144]
loss: 0.234316 [ 1248/ 6144]
loss: 0.203555 [ 1632/ 6144]
loss: 0.196518 [ 2016/ 6144]
loss: 0.179069 [ 2400/ 6144]
loss: 0.155876 [ 2784/ 6144]
loss: 0.140958 [ 3168/ 6144]
loss: 0.146120 [ 3552/ 6144]
loss: 0.127536 [ 3936/ 6144]
loss: 0.135288 [ 4320/ 6144]
loss: 0.122468 [ 4704/ 6144]
loss: 0.120527 [ 5088/ 6144]
loss: 0.117047 [ 5472/ 6144]
loss: 0.111706 [ 5856/ 6144]
Validation Error: 
Accuracy: 84.7%, Avg loss: 0.138380, Positive ratio: 0.000000
Validation loss improved, saving model
Epoch time: 74.99 seconds 

Epoch 2
----------------------------
loss: 0.159116 [   96/ 6144]
loss: 0.174613 [  480/ 6144]
loss: 0.158314 [  864/ 6144]
loss: 0.151841 [ 1248/ 6144]
loss: 0.129857 [ 1632/ 6144]
loss: 0.133918 [ 2016/ 6144]
loss: 0.140616 [ 2400/ 6144]
loss: 0.166330 [ 2784/ 6144]
loss: 0.123437 [ 3168/ 6144]
loss: 0.108731 [ 3552/ 6144]
loss: 0.115906 [ 3936/ 6144]
loss: 0.097594 [ 4320/ 6144]
loss: 0.104988 [ 4704/ 6144]
loss: 0.102620 [ 5088/ 6144]
loss: 0.095091 [ 5472/ 6144]
loss: 0.084020 [ 5856/ 6144]
Validation Error: 
Accuracy: 85.0%, Avg loss: 0.130106, Positive ratio: 0.000000
Validation loss improved, saving model
Epoch time: 72.64 seconds 

Epoch 3
----------------------------
loss: 0.147508 [   96/ 6144]
loss: 0.159556 [  480/ 6144]
loss: 0.150382 [  864/ 6144]
loss: 0.135921 [ 1248/ 6144]
loss: 0.147553 [ 1632/ 6144]
loss: 0.126942 [ 2016/ 6144]
loss: 0.120874 [ 2400/ 6144]
loss: 0.122232 [ 2784/ 6144]
loss: 0.130512 [ 3168/ 6144]
loss: 0.107585 [ 3552/ 6144]
loss: 0.091097 [ 3936/ 6144]
loss: 0.116666 [ 4320/ 6144]
loss: 0.071319 [ 4704/ 6144]
loss: 0.072825 [ 5088/ 6144]
loss: 0.080652 [ 5472/ 6144]
loss: 0.063431 [ 5856/ 6144]
Validation Error: 
Accuracy: 85.3%, Avg loss: 0.135929, Positive ratio: 0.000163
Epoch time: 72.55 seconds 

Epoch 4
----------------------------
loss: 0.158184 [   96/ 6144]
loss: 0.170789 [  480/ 6144]
loss: 0.138455 [  864/ 6144]
loss: 0.125842 [ 1248/ 6144]
loss: 0.131555 [ 1632/ 6144]
loss: 0.107120 [ 2016/ 6144]
loss: 0.094792 [ 2400/ 6144]
loss: 0.105961 [ 2784/ 6144]
loss: 0.070816 [ 3168/ 6144]
loss: 0.076276 [ 3552/ 6144]
loss: 0.071963 [ 3936/ 6144]
loss: 0.085055 [ 4320/ 6144]
loss: 0.059781 [ 4704/ 6144]
loss: 0.068962 [ 5088/ 6144]
loss: 0.042535 [ 5472/ 6144]
loss: 0.039992 [ 5856/ 6144]
Validation Error: 
Accuracy: 85.3%, Avg loss: 0.130068, Positive ratio: 0.000163
Epoch time: 72.74 seconds 

Epoch 5
----------------------------
loss: 0.166428 [   96/ 6144]
loss: 0.133173 [  480/ 6144]
loss: 0.091566 [  864/ 6144]
loss: 0.112333 [ 1248/ 6144]
loss: 0.101189 [ 1632/ 6144]
loss: 0.092764 [ 2016/ 6144]
loss: 0.103003 [ 2400/ 6144]
loss: 0.077543 [ 2784/ 6144]
loss: 0.071325 [ 3168/ 6144]
loss: 0.079501 [ 3552/ 6144]
loss: 0.093191 [ 3936/ 6144]
loss: 0.056759 [ 4320/ 6144]
loss: 0.054164 [ 4704/ 6144]
loss: 0.062305 [ 5088/ 6144]
loss: 0.052033 [ 5472/ 6144]
loss: 0.030706 [ 5856/ 6144]
Validation Error: 
Accuracy: 85.3%, Avg loss: 0.128402, Positive ratio: 0.000326
Validation loss improved, saving model
Epoch time: 72.66 seconds 

Epoch 6
----------------------------
loss: 0.143506 [   96/ 6144]
loss: 0.125321 [  480/ 6144]
loss: 0.153822 [  864/ 6144]
loss: 0.097785 [ 1248/ 6144]
loss: 0.093272 [ 1632/ 6144]
loss: 0.064857 [ 2016/ 6144]
loss: 0.080832 [ 2400/ 6144]
loss: 0.132600 [ 2784/ 6144]
loss: 0.089464 [ 3168/ 6144]
loss: 0.072855 [ 3552/ 6144]
loss: 0.048900 [ 3936/ 6144]
loss: 0.048403 [ 4320/ 6144]
loss: 0.047370 [ 4704/ 6144]
loss: 0.055251 [ 5088/ 6144]
loss: 0.028709 [ 5472/ 6144]
loss: 0.041820 [ 5856/ 6144]
Validation Error: 
Accuracy: 84.5%, Avg loss: 0.136436, Positive ratio: 0.000488
Epoch time: 72.39 seconds 

Epoch 7
----------------------------
loss: 0.194815 [   96/ 6144]
loss: 0.190543 [  480/ 6144]
loss: 0.097559 [  864/ 6144]
loss: 0.137274 [ 1248/ 6144]
loss: 0.143645 [ 1632/ 6144]
loss: 0.083305 [ 2016/ 6144]
loss: 0.105906 [ 2400/ 6144]
loss: 0.103523 [ 2784/ 6144]
loss: 0.079207 [ 3168/ 6144]
loss: 0.074028 [ 3552/ 6144]
loss: 0.068458 [ 3936/ 6144]
loss: 0.064202 [ 4320/ 6144]
loss: 0.047082 [ 4704/ 6144]
loss: 0.037345 [ 5088/ 6144]
loss: 0.045390 [ 5472/ 6144]
loss: 0.026015 [ 5856/ 6144]
Validation Error: 
Accuracy: 84.4%, Avg loss: 0.131181, Positive ratio: 0.001465
Epoch time: 72.57 seconds 

Epoch 8
----------------------------
loss: 0.169432 [   96/ 6144]
loss: 0.098234 [  480/ 6144]
loss: 0.107459 [  864/ 6144]
loss: 0.097670 [ 1248/ 6144]
loss: 0.074883 [ 1632/ 6144]
loss: 0.091411 [ 2016/ 6144]
loss: 0.096622 [ 2400/ 6144]
loss: 0.075170 [ 2784/ 6144]
loss: 0.054200 [ 3168/ 6144]
loss: 0.073575 [ 3552/ 6144]
loss: 0.045453 [ 3936/ 6144]
loss: 0.044901 [ 4320/ 6144]
loss: 0.045788 [ 4704/ 6144]
loss: 0.041664 [ 5088/ 6144]
loss: 0.023863 [ 5472/ 6144]
loss: 0.022412 [ 5856/ 6144]
Validation Error: 
Accuracy: 84.5%, Avg loss: 0.131758, Positive ratio: 0.000163
Epoch time: 72.39 seconds 

Epoch 9
----------------------------
loss: 0.101083 [   96/ 6144]
loss: 0.104058 [  480/ 6144]
loss: 0.115928 [  864/ 6144]
loss: 0.095717 [ 1248/ 6144]
loss: 0.074073 [ 1632/ 6144]
loss: 0.116282 [ 2016/ 6144]
loss: 0.091180 [ 2400/ 6144]
loss: 0.089613 [ 2784/ 6144]
loss: 0.066853 [ 3168/ 6144]
loss: 0.060226 [ 3552/ 6144]
loss: 0.054204 [ 3936/ 6144]
loss: 0.047593 [ 4320/ 6144]
loss: 0.043135 [ 4704/ 6144]
loss: 0.031929 [ 5088/ 6144]
loss: 0.019513 [ 5472/ 6144]
loss: 0.038632 [ 5856/ 6144]
Validation Error: 
Accuracy: 85.0%, Avg loss: 0.124975, Positive ratio: 0.000326
Validation loss improved, saving model
Epoch time: 72.85 seconds 

Epoch 10
----------------------------
loss: 0.114932 [   96/ 6144]
loss: 0.115145 [  480/ 6144]
loss: 0.103229 [  864/ 6144]
loss: 0.069161 [ 1248/ 6144]
loss: 0.122538 [ 1632/ 6144]
loss: 0.061063 [ 2016/ 6144]
loss: 0.077619 [ 2400/ 6144]
loss: 0.082707 [ 2784/ 6144]
loss: 0.096733 [ 3168/ 6144]
loss: 0.047145 [ 3552/ 6144]
loss: 0.052824 [ 3936/ 6144]
loss: 0.022343 [ 4320/ 6144]
loss: 0.033160 [ 4704/ 6144]
loss: 0.037968 [ 5088/ 6144]
loss: 0.019797 [ 5472/ 6144]
loss: 0.025120 [ 5856/ 6144]
Validation Error: 
Accuracy: 84.7%, Avg loss: 0.132067, Positive ratio: 0.000488
Epoch time: 72.55 seconds 

Epoch 11
----------------------------
loss: 0.204379 [   96/ 6144]
loss: 0.131541 [  480/ 6144]
loss: 0.113834 [  864/ 6144]
loss: 0.076974 [ 1248/ 6144]
loss: 0.055862 [ 1632/ 6144]
loss: 0.081266 [ 2016/ 6144]
loss: 0.081768 [ 2400/ 6144]
loss: 0.053936 [ 2784/ 6144]
loss: 0.069086 [ 3168/ 6144]
loss: 0.070032 [ 3552/ 6144]
loss: 0.057853 [ 3936/ 6144]
loss: 0.034269 [ 4320/ 6144]
loss: 0.034676 [ 4704/ 6144]
loss: 0.037317 [ 5088/ 6144]
loss: 0.029155 [ 5472/ 6144]
loss: 0.020343 [ 5856/ 6144]
Validation Error: 
Accuracy: 85.1%, Avg loss: 0.128086, Positive ratio: 0.001628
Epoch time: 72.45 seconds 

Epoch 12
----------------------------
loss: 0.104491 [   96/ 6144]
loss: 0.106610 [  480/ 6144]
loss: 0.118270 [  864/ 6144]
loss: 0.126373 [ 1248/ 6144]
loss: 0.137012 [ 1632/ 6144]
loss: 0.075847 [ 2016/ 6144]
loss: 0.101451 [ 2400/ 6144]
loss: 0.061183 [ 2784/ 6144]
loss: 0.058607 [ 3168/ 6144]
loss: 0.076331 [ 3552/ 6144]
loss: 0.066950 [ 3936/ 6144]
loss: 0.045572 [ 4320/ 6144]
loss: 0.049244 [ 4704/ 6144]
loss: 0.032068 [ 5088/ 6144]
loss: 0.018454 [ 5472/ 6144]
loss: 0.019609 [ 5856/ 6144]
Validation Error: 
Accuracy: 85.2%, Avg loss: 0.127465, Positive ratio: 0.002279
Epoch time: 72.58 seconds 

Epoch 13
----------------------------
loss: 0.202595 [   96/ 6144]
loss: 0.100786 [  480/ 6144]
loss: 0.103224 [  864/ 6144]
loss: 0.058348 [ 1248/ 6144]
loss: 0.072457 [ 1632/ 6144]
loss: 0.082800 [ 2016/ 6144]
loss: 0.061911 [ 2400/ 6144]
loss: 0.052688 [ 2784/ 6144]
loss: 0.033521 [ 3168/ 6144]
loss: 0.055968 [ 3552/ 6144]
loss: 0.044726 [ 3936/ 6144]
loss: 0.051301 [ 4320/ 6144]
loss: 0.040455 [ 4704/ 6144]
loss: 0.028350 [ 5088/ 6144]
loss: 0.023773 [ 5472/ 6144]
loss: 0.011799 [ 5856/ 6144]
Validation Error: 
Accuracy: 85.0%, Avg loss: 0.127408, Positive ratio: 0.001628
Epoch time: 72.81 seconds 

Epoch 14
----------------------------
loss: 0.152508 [   96/ 6144]
loss: 0.112925 [  480/ 6144]
loss: 0.058094 [  864/ 6144]
loss: 0.118191 [ 1248/ 6144]
loss: 0.084213 [ 1632/ 6144]
loss: 0.069228 [ 2016/ 6144]
loss: 0.059013 [ 2400/ 6144]
loss: 0.061235 [ 2784/ 6144]
loss: 0.078677 [ 3168/ 6144]
loss: 0.049191 [ 3552/ 6144]
loss: 0.057927 [ 3936/ 6144]
loss: 0.039803 [ 4320/ 6144]
loss: 0.036732 [ 4704/ 6144]
loss: 0.029828 [ 5088/ 6144]
loss: 0.026613 [ 5472/ 6144]
loss: 0.019818 [ 5856/ 6144]
Validation Error: 
Accuracy: 85.2%, Avg loss: 0.125030, Positive ratio: 0.001139
Epoch time: 72.47 seconds 

Epoch 15
----------------------------
loss: 0.122555 [   96/ 6144]
loss: 0.110335 [  480/ 6144]
loss: 0.120852 [  864/ 6144]
loss: 0.105306 [ 1248/ 6144]
loss: 0.075210 [ 1632/ 6144]
loss: 0.052837 [ 2016/ 6144]
loss: 0.077938 [ 2400/ 6144]
loss: 0.067814 [ 2784/ 6144]
loss: 0.048579 [ 3168/ 6144]
loss: 0.027542 [ 3552/ 6144]
loss: 0.047303 [ 3936/ 6144]
loss: 0.025551 [ 4320/ 6144]
loss: 0.022755 [ 4704/ 6144]
loss: 0.015311 [ 5088/ 6144]
loss: 0.014830 [ 5472/ 6144]
loss: 0.019609 [ 5856/ 6144]
Validation Error: 
Accuracy: 85.3%, Avg loss: 0.126817, Positive ratio: 0.001790
Epoch time: 72.81 seconds 

Epoch 16
----------------------------
loss: 0.096069 [   96/ 6144]
loss: 0.132495 [  480/ 6144]
loss: 0.120700 [  864/ 6144]
loss: 0.084788 [ 1248/ 6144]
loss: 0.097971 [ 1632/ 6144]
loss: 0.104158 [ 2016/ 6144]
loss: 0.056336 [ 2400/ 6144]
loss: 0.073874 [ 2784/ 6144]
loss: 0.048140 [ 3168/ 6144]
loss: 0.054271 [ 3552/ 6144]
loss: 0.028904 [ 3936/ 6144]
loss: 0.027927 [ 4320/ 6144]
loss: 0.054894 [ 4704/ 6144]
loss: 0.035331 [ 5088/ 6144]
loss: 0.025856 [ 5472/ 6144]
loss: 0.022979 [ 5856/ 6144]
Validation Error: 
Accuracy: 85.3%, Avg loss: 0.122506, Positive ratio: 0.001139
Validation loss improved, saving model
Epoch time: 72.78 seconds 

Epoch 17
----------------------------
loss: 0.099165 [   96/ 6144]
loss: 0.085047 [  480/ 6144]
loss: 0.067178 [  864/ 6144]
loss: 0.053529 [ 1248/ 6144]
loss: 0.056573 [ 1632/ 6144]
loss: 0.058690 [ 2016/ 6144]
loss: 0.063293 [ 2400/ 6144]
loss: 0.050725 [ 2784/ 6144]
loss: 0.033346 [ 3168/ 6144]
loss: 0.042405 [ 3552/ 6144]
loss: 0.035722 [ 3936/ 6144]
loss: 0.034662 [ 4320/ 6144]
loss: 0.035065 [ 4704/ 6144]
loss: 0.046781 [ 5088/ 6144]
loss: 0.020581 [ 5472/ 6144]
loss: 0.017045 [ 5856/ 6144]
Validation Error: 
Accuracy: 85.0%, Avg loss: 0.130205, Positive ratio: 0.000814
Epoch time: 72.86 seconds 

Epoch 18
----------------------------
loss: 0.180601 [   96/ 6144]
loss: 0.130070 [  480/ 6144]
loss: 0.086270 [  864/ 6144]
loss: 0.065434 [ 1248/ 6144]
loss: 0.067736 [ 1632/ 6144]
loss: 0.058213 [ 2016/ 6144]
loss: 0.068736 [ 2400/ 6144]
loss: 0.030918 [ 2784/ 6144]
loss: 0.049533 [ 3168/ 6144]
loss: 0.068136 [ 3552/ 6144]
loss: 0.037006 [ 3936/ 6144]
loss: 0.042426 [ 4320/ 6144]
loss: 0.034071 [ 4704/ 6144]
loss: 0.030168 [ 5088/ 6144]
loss: 0.014999 [ 5472/ 6144]
loss: 0.024727 [ 5856/ 6144]
Validation Error: 
Accuracy: 84.8%, Avg loss: 0.130916, Positive ratio: 0.000488
Epoch time: 72.89 seconds 

Epoch 19
----------------------------
loss: 0.149514 [   96/ 6144]
loss: 0.108860 [  480/ 6144]
loss: 0.112637 [  864/ 6144]
loss: 0.090306 [ 1248/ 6144]
loss: 0.073689 [ 1632/ 6144]
loss: 0.038741 [ 2016/ 6144]
loss: 0.049743 [ 2400/ 6144]
loss: 0.048807 [ 2784/ 6144]
loss: 0.027023 [ 3168/ 6144]
loss: 0.045295 [ 3552/ 6144]
loss: 0.039130 [ 3936/ 6144]
loss: 0.048284 [ 4320/ 6144]
loss: 0.027191 [ 4704/ 6144]
loss: 0.032348 [ 5088/ 6144]
loss: 0.017115 [ 5472/ 6144]
loss: 0.017066 [ 5856/ 6144]
Validation Error: 
Accuracy: 84.5%, Avg loss: 0.131647, Positive ratio: 0.002930
Epoch time: 72.57 seconds 

Epoch 20
----------------------------
loss: 0.097570 [   96/ 6144]
loss: 0.089755 [  480/ 6144]
loss: 0.061943 [  864/ 6144]
loss: 0.025915 [ 1248/ 6144]
loss: 0.051626 [ 1632/ 6144]
loss: 0.053808 [ 2016/ 6144]
loss: 0.051330 [ 2400/ 6144]
loss: 0.035455 [ 2784/ 6144]
loss: 0.042154 [ 3168/ 6144]
loss: 0.052910 [ 3552/ 6144]
loss: 0.041549 [ 3936/ 6144]
loss: 0.031468 [ 4320/ 6144]
loss: 0.035033 [ 4704/ 6144]
loss: 0.034277 [ 5088/ 6144]
loss: 0.033617 [ 5472/ 6144]
loss: 0.013749 [ 5856/ 6144]
Validation Error: 
Accuracy: 84.2%, Avg loss: 0.139806, Positive ratio: 0.000651
Epoch time: 72.82 seconds 

Epoch 21
----------------------------
loss: 0.123410 [   96/ 6144]
loss: 0.111005 [  480/ 6144]
loss: 0.065968 [  864/ 6144]
loss: 0.068377 [ 1248/ 6144]
loss: 0.043330 [ 1632/ 6144]
loss: 0.045231 [ 2016/ 6144]
loss: 0.043293 [ 2400/ 6144]
loss: 0.045935 [ 2784/ 6144]
loss: 0.053593 [ 3168/ 6144]
loss: 0.044574 [ 3552/ 6144]
loss: 0.027315 [ 3936/ 6144]
loss: 0.034521 [ 4320/ 6144]
loss: 0.032601 [ 4704/ 6144]
loss: 0.027318 [ 5088/ 6144]
loss: 0.029992 [ 5472/ 6144]
loss: 0.019106 [ 5856/ 6144]
Validation Error: 
Accuracy: 85.2%, Avg loss: 0.125281, Positive ratio: 0.005371
Epoch time: 72.47 seconds 

Epoch 22
----------------------------
loss: 0.114424 [   96/ 6144]
loss: 0.140352 [  480/ 6144]
loss: 0.109206 [  864/ 6144]
loss: 0.073817 [ 1248/ 6144]
loss: 0.069693 [ 1632/ 6144]
loss: 0.053940 [ 2016/ 6144]
loss: 0.065746 [ 2400/ 6144]
loss: 0.060008 [ 2784/ 6144]
loss: 0.049403 [ 3168/ 6144]
loss: 0.028598 [ 3552/ 6144]
loss: 0.039455 [ 3936/ 6144]
loss: 0.023092 [ 4320/ 6144]
loss: 0.017672 [ 4704/ 6144]
loss: 0.023466 [ 5088/ 6144]
loss: 0.015765 [ 5472/ 6144]
loss: 0.024569 [ 5856/ 6144]
Validation Error: 
Accuracy: 85.3%, Avg loss: 0.123670, Positive ratio: 0.005208
Epoch time: 72.80 seconds 

Epoch 23
----------------------------
loss: 0.088407 [   96/ 6144]
loss: 0.091815 [  480/ 6144]
loss: 0.081961 [  864/ 6144]
loss: 0.046829 [ 1248/ 6144]
loss: 0.075511 [ 1632/ 6144]
loss: 0.051335 [ 2016/ 6144]
loss: 0.052433 [ 2400/ 6144]
loss: 0.027029 [ 2784/ 6144]
loss: 0.041322 [ 3168/ 6144]
loss: 0.034692 [ 3552/ 6144]
loss: 0.038463 [ 3936/ 6144]
loss: 0.025818 [ 4320/ 6144]
loss: 0.018440 [ 4704/ 6144]
loss: 0.033151 [ 5088/ 6144]
loss: 0.018280 [ 5472/ 6144]
loss: 0.015437 [ 5856/ 6144]
Validation Error: 
Accuracy: 85.0%, Avg loss: 0.133482, Positive ratio: 0.000651
Epoch time: 72.80 seconds 

Epoch 24
----------------------------
loss: 0.153836 [   96/ 6144]
loss: 0.068670 [  480/ 6144]
loss: 0.072675 [  864/ 6144]
loss: 0.061316 [ 1248/ 6144]
loss: 0.047221 [ 1632/ 6144]
loss: 0.044663 [ 2016/ 6144]
loss: 0.040212 [ 2400/ 6144]
loss: 0.092508 [ 2784/ 6144]
loss: 0.038999 [ 3168/ 6144]
loss: 0.027493 [ 3552/ 6144]
loss: 0.021524 [ 3936/ 6144]
loss: 0.028635 [ 4320/ 6144]
loss: 0.027139 [ 4704/ 6144]
loss: 0.022573 [ 5088/ 6144]
loss: 0.018175 [ 5472/ 6144]
loss: 0.018531 [ 5856/ 6144]
Validation Error: 
Accuracy: 84.9%, Avg loss: 0.130903, Positive ratio: 0.007487
Epoch time: 72.59 seconds 

Epoch 25
----------------------------
loss: 0.057156 [   96/ 6144]
loss: 0.065510 [  480/ 6144]
loss: 0.037395 [  864/ 6144]
loss: 0.051313 [ 1248/ 6144]
loss: 0.076625 [ 1632/ 6144]
loss: 0.037142 [ 2016/ 6144]
loss: 0.048244 [ 2400/ 6144]
loss: 0.035819 [ 2784/ 6144]
loss: 0.056387 [ 3168/ 6144]
loss: 0.034055 [ 3552/ 6144]
loss: 0.026466 [ 3936/ 6144]
loss: 0.023435 [ 4320/ 6144]
loss: 0.036075 [ 4704/ 6144]
loss: 0.014717 [ 5088/ 6144]
loss: 0.013683 [ 5472/ 6144]
loss: 0.012851 [ 5856/ 6144]
Validation Error: 
Accuracy: 84.8%, Avg loss: 0.133303, Positive ratio: 0.006673
Epoch time: 72.44 seconds 

Epoch 26
----------------------------
loss: 0.078742 [   96/ 6144]
loss: 0.077849 [  480/ 6144]
loss: 0.054605 [  864/ 6144]
loss: 0.066225 [ 1248/ 6144]
loss: 0.058611 [ 1632/ 6144]
loss: 0.025844 [ 2016/ 6144]
loss: 0.060129 [ 2400/ 6144]
loss: 0.034761 [ 2784/ 6144]
loss: 0.043408 [ 3168/ 6144]
loss: 0.023559 [ 3552/ 6144]
loss: 0.029000 [ 3936/ 6144]
loss: 0.023980 [ 4320/ 6144]
loss: 0.019077 [ 4704/ 6144]
loss: 0.014191 [ 5088/ 6144]
loss: 0.026876 [ 5472/ 6144]
loss: 0.019402 [ 5856/ 6144]
Validation Error: 
Accuracy: 84.6%, Avg loss: 0.132590, Positive ratio: 0.011230
Epoch time: 72.48 seconds 

Epoch 27
----------------------------
loss: 0.079627 [   96/ 6144]
loss: 0.066374 [  480/ 6144]
loss: 0.036320 [  864/ 6144]
loss: 0.014858 [ 1248/ 6144]
loss: 0.034856 [ 1632/ 6144]
loss: 0.034036 [ 2016/ 6144]
loss: 0.039802 [ 2400/ 6144]
loss: 0.029139 [ 2784/ 6144]
loss: 0.026963 [ 3168/ 6144]
loss: 0.030624 [ 3552/ 6144]
loss: 0.022931 [ 3936/ 6144]
loss: 0.025545 [ 4320/ 6144]
loss: 0.043122 [ 4704/ 6144]
loss: 0.016534 [ 5088/ 6144]
loss: 0.015815 [ 5472/ 6144]
loss: 0.018476 [ 5856/ 6144]
Validation Error: 
Accuracy: 84.4%, Avg loss: 0.139657, Positive ratio: 0.003418
Epoch time: 72.58 seconds 

Epoch 28
----------------------------
