Using cuda device
Number of training samples: 7304
==========================================================================================
Layer (type:depth-idx)                   Output Shape              Param #
==========================================================================================
CNN                                      [12, 100]                 --
├─Sequential: 1-1                        [12, 1, 380, 540, 12]     --
│    └─glp_rotation_stack: 2-1           [12, 1, 380, 540, 12]     --
├─Sequential: 1-2                        [12, 1280, 6]             --
│    └─Sequential: 2-2                   [12, 8, 190, 270, 12]     --
│    │    └─Conv3d: 3-1                  [12, 8, 380, 540, 12]     80
│    │    └─LeakyReLU: 3-2               [12, 8, 380, 540, 12]     --
│    │    └─BatchNorm3d: 3-3             [12, 8, 380, 540, 12]     16
│    │    └─Conv3d: 3-4                  [12, 8, 380, 540, 12]     584
│    │    └─LeakyReLU: 3-5               [12, 8, 380, 540, 12]     --
│    │    └─BatchNorm3d: 3-6             [12, 8, 380, 540, 12]     16
│    │    └─MaxPool3d: 3-7               [12, 8, 190, 270, 12]     --
│    └─Sequential: 2-3                   [12, 8, 95, 135, 12]      --
│    │    └─Conv3d: 3-8                  [12, 8, 190, 270, 12]     584
│    │    └─LeakyReLU: 3-9               [12, 8, 190, 270, 12]     --
│    │    └─BatchNorm3d: 3-10            [12, 8, 190, 270, 12]     16
│    │    └─Conv3d: 3-11                 [12, 8, 190, 270, 12]     584
│    │    └─LeakyReLU: 3-12              [12, 8, 190, 270, 12]     --
│    │    └─BatchNorm3d: 3-13            [12, 8, 190, 270, 12]     16
│    │    └─MaxPool3d: 3-14              [12, 8, 95, 135, 12]      --
│    └─Sequential: 2-4                   [12, 16, 47, 67, 12]      --
│    │    └─Conv3d: 3-15                 [12, 16, 95, 135, 12]     1,168
│    │    └─LeakyReLU: 3-16              [12, 16, 95, 135, 12]     --
│    │    └─BatchNorm3d: 3-17            [12, 16, 95, 135, 12]     32
│    │    └─Conv3d: 3-18                 [12, 16, 95, 135, 12]     2,320
│    │    └─LeakyReLU: 3-19              [12, 16, 95, 135, 12]     --
│    │    └─BatchNorm3d: 3-20            [12, 16, 95, 135, 12]     32
│    │    └─MaxPool3d: 3-21              [12, 16, 47, 67, 12]      --
│    └─glp_rotation_pool: 2-5            [12, 16, 47, 67, 6]       --
│    └─Sequential: 2-6                   [12, 16, 23, 33, 6]       --
│    │    └─Conv3d: 3-22                 [12, 16, 47, 67, 6]       2,320
│    │    └─LeakyReLU: 3-23              [12, 16, 47, 67, 6]       --
│    │    └─BatchNorm3d: 3-24            [12, 16, 47, 67, 6]       32
│    │    └─Conv3d: 3-25                 [12, 16, 47, 67, 6]       2,320
│    │    └─LeakyReLU: 3-26              [12, 16, 47, 67, 6]       --
│    │    └─BatchNorm3d: 3-27            [12, 16, 47, 67, 6]       32
│    │    └─MaxPool3d: 3-28              [12, 16, 23, 33, 6]       --
│    └─Sequential: 2-7                   [12, 32, 11, 16, 6]       --
│    │    └─Conv3d: 3-29                 [12, 32, 23, 33, 6]       4,640
│    │    └─LeakyReLU: 3-30              [12, 32, 23, 33, 6]       --
│    │    └─BatchNorm3d: 3-31            [12, 32, 23, 33, 6]       64
│    │    └─Conv3d: 3-32                 [12, 32, 23, 33, 6]       9,248
│    │    └─LeakyReLU: 3-33              [12, 32, 23, 33, 6]       --
│    │    └─BatchNorm3d: 3-34            [12, 32, 23, 33, 6]       64
│    │    └─MaxPool3d: 3-35              [12, 32, 11, 16, 6]       --
│    └─Sequential: 2-8                   [12, 32, 5, 8, 6]         --
│    │    └─Conv3d: 3-36                 [12, 32, 11, 16, 6]       9,248
│    │    └─LeakyReLU: 3-37              [12, 32, 11, 16, 6]       --
│    │    └─BatchNorm3d: 3-38            [12, 32, 11, 16, 6]       64
│    │    └─Conv3d: 3-39                 [12, 32, 11, 16, 6]       9,248
│    │    └─LeakyReLU: 3-40              [12, 32, 11, 16, 6]       --
│    │    └─BatchNorm3d: 3-41            [12, 32, 11, 16, 6]       64
│    │    └─MaxPool3d: 3-42              [12, 32, 5, 8, 6]         --
│    └─Flatten: 2-9                      [12, 1280, 6]             --
├─Sequential: 1-3                        [12, 100]                 --
│    └─Sequential: 2-10                  [12, 768, 6]              --
│    │    └─glp_linear: 3-43             [12, 768, 6]              983,808
│    │    └─LeakyReLU: 3-44              [12, 768, 6]              --
│    │    └─Dropout: 3-45                [12, 768, 6]              --
│    │    └─BatchNorm1d: 3-46            [12, 768, 6]              1,536
│    └─Sequential: 2-11                  [12, 460, 6]              --
│    │    └─glp_linear: 3-47             [12, 460, 6]              353,740
│    │    └─LeakyReLU: 3-48              [12, 460, 6]              --
│    │    └─Dropout: 3-49                [12, 460, 6]              --
│    │    └─BatchNorm1d: 3-50            [12, 460, 6]              920
│    └─Flatten: 2-12                     [12, 2760]                --
│    └─Linear: 2-13                      [12, 100]                 276,100
├─Sigmoid: 1-4                           [12, 100]                 --
==========================================================================================
Total params: 1,658,896
Trainable params: 1,658,896
Non-trainable params: 0
Total mult-adds (Units.GIGABYTES): 36.84
==========================================================================================
Input size (MB): 9.85
Forward/backward pass size (MB): 10587.62
Params size (MB): 6.64
Estimated Total Size (MB): 10604.11
==========================================================================================
Validation true percentage: 6.225031827560472%
Training CNN 

Epoch 1
----------------------------
loss: 0.053012 [   12/ 6144]
loss: 0.011380 [  396/ 6144]
loss: 0.015898 [  780/ 6144]
loss: 0.032423 [ 1164/ 6144]
loss: 0.009753 [ 1548/ 6144]
loss: 0.014991 [ 1932/ 6144]
loss: 0.018074 [ 2316/ 6144]
loss: 0.002555 [ 2700/ 6144]
loss: 0.000939 [ 3084/ 6144]
loss: 0.018419 [ 3468/ 6144]
loss: 0.000663 [ 3852/ 6144]
loss: 0.001326 [ 4236/ 6144]
loss: 0.000511 [ 4620/ 6144]
loss: 0.010055 [ 5004/ 6144]
loss: 0.000209 [ 5388/ 6144]
loss: 0.000107 [ 5772/ 6144]
Validation Error: 
Accuracy: 85.0%, Avg loss: 0.139792, Positive ratio: 0.000000
Validation loss improved, saving model
Epoch time: 815.80 seconds 

Epoch 2
----------------------------
loss: 0.049784 [   12/ 6144]
loss: 0.034842 [  396/ 6144]
loss: 0.011801 [  780/ 6144]
loss: 0.004823 [ 1164/ 6144]
loss: 0.021486 [ 1548/ 6144]
loss: 0.015160 [ 1932/ 6144]
loss: 0.013278 [ 2316/ 6144]
loss: 0.009357 [ 2700/ 6144]
loss: 0.013945 [ 3084/ 6144]
loss: 0.001710 [ 3468/ 6144]
loss: 0.001996 [ 3852/ 6144]
loss: 0.002637 [ 4236/ 6144]
loss: 0.000893 [ 4620/ 6144]
loss: 0.000595 [ 5004/ 6144]
loss: 0.000245 [ 5388/ 6144]
loss: 0.000142 [ 5772/ 6144]
Validation Error: 
Accuracy: 85.1%, Avg loss: 0.138803, Positive ratio: 0.000000
Validation loss improved, saving model
Epoch time: 814.36 seconds 

Epoch 3
----------------------------
loss: 0.039398 [   12/ 6144]
loss: 0.008673 [  396/ 6144]
loss: 0.015780 [  780/ 6144]
loss: 0.015518 [ 1164/ 6144]
loss: 0.005143 [ 1548/ 6144]
loss: 0.021234 [ 1932/ 6144]
loss: 0.008146 [ 2316/ 6144]
loss: 0.005719 [ 2700/ 6144]
loss: 0.015484 [ 3084/ 6144]
loss: 0.008650 [ 3468/ 6144]
loss: 0.008457 [ 3852/ 6144]
loss: 0.000891 [ 4236/ 6144]
loss: 0.017452 [ 4620/ 6144]
loss: 0.001421 [ 5004/ 6144]
loss: 0.000607 [ 5388/ 6144]
loss: 0.000163 [ 5772/ 6144]
Validation Error: 
Accuracy: 84.7%, Avg loss: 0.142737, Positive ratio: 0.000000
Epoch time: 814.62 seconds 

Epoch 4
----------------------------
loss: 0.029559 [   12/ 6144]
loss: 0.001553 [  396/ 6144]
loss: 0.006349 [  780/ 6144]
loss: 0.017160 [ 1164/ 6144]
loss: 0.006449 [ 1548/ 6144]
loss: 0.011551 [ 1932/ 6144]
loss: 0.002514 [ 2316/ 6144]
loss: 0.013326 [ 2700/ 6144]
loss: 0.001639 [ 3084/ 6144]
loss: 0.001759 [ 3468/ 6144]
loss: 0.009106 [ 3852/ 6144]
loss: 0.000707 [ 4236/ 6144]
loss: 0.016851 [ 4620/ 6144]
loss: 0.009827 [ 5004/ 6144]
loss: 0.000396 [ 5388/ 6144]
loss: 0.000771 [ 5772/ 6144]
Validation Error: 
Accuracy: 85.4%, Avg loss: 0.126918, Positive ratio: 0.002604
Validation loss improved, saving model
Epoch time: 814.63 seconds 

Epoch 5
----------------------------
loss: 0.015652 [   12/ 6144]
loss: 0.004727 [  396/ 6144]
loss: 0.003736 [  780/ 6144]
loss: 0.005968 [ 1164/ 6144]
loss: 0.004392 [ 1548/ 6144]
loss: 0.005875 [ 1932/ 6144]
loss: 0.010000 [ 2316/ 6144]
loss: 0.009551 [ 2700/ 6144]
loss: 0.008892 [ 3084/ 6144]
loss: 0.008889 [ 3468/ 6144]
loss: 0.002088 [ 3852/ 6144]
loss: 0.001202 [ 4236/ 6144]
loss: 0.007800 [ 4620/ 6144]
loss: 0.000387 [ 5004/ 6144]
loss: 0.000506 [ 5388/ 6144]
loss: 0.000251 [ 5772/ 6144]
Validation Error: 
Accuracy: 84.7%, Avg loss: 0.134367, Positive ratio: 0.003743
Epoch time: 814.27 seconds 

Epoch 6
----------------------------
loss: 0.018747 [   12/ 6144]
loss: 0.036314 [  396/ 6144]
loss: 0.016811 [  780/ 6144]
loss: 0.008524 [ 1164/ 6144]
loss: 0.011759 [ 1548/ 6144]
loss: 0.001171 [ 1932/ 6144]
loss: 0.017956 [ 2316/ 6144]
loss: 0.007657 [ 2700/ 6144]
loss: 0.000381 [ 3084/ 6144]
loss: 0.005457 [ 3468/ 6144]
loss: 0.008607 [ 3852/ 6144]
loss: 0.008258 [ 4236/ 6144]
loss: 0.000172 [ 4620/ 6144]
loss: 0.000924 [ 5004/ 6144]
loss: 0.000097 [ 5388/ 6144]
loss: 0.000331 [ 5772/ 6144]
Validation Error: 
Accuracy: 85.0%, Avg loss: 0.137666, Positive ratio: 0.000488
Epoch time: 814.16 seconds 

Epoch 7
----------------------------
loss: 0.029429 [   12/ 6144]
loss: 0.018142 [  396/ 6144]
loss: 0.011395 [  780/ 6144]
loss: 0.013119 [ 1164/ 6144]
loss: 0.003941 [ 1548/ 6144]
loss: 0.004720 [ 1932/ 6144]
loss: 0.008235 [ 2316/ 6144]
loss: 0.000939 [ 2700/ 6144]
loss: 0.011821 [ 3084/ 6144]
loss: 0.001237 [ 3468/ 6144]
loss: 0.000483 [ 3852/ 6144]
loss: 0.000654 [ 4236/ 6144]
loss: 0.008410 [ 4620/ 6144]
loss: 0.000856 [ 5004/ 6144]
loss: 0.002290 [ 5388/ 6144]
loss: 0.003189 [ 5772/ 6144]
Validation Error: 
Accuracy: 85.1%, Avg loss: 0.133939, Positive ratio: 0.002930
Epoch time: 814.63 seconds 

Epoch 8
----------------------------
loss: 0.015496 [   12/ 6144]
loss: 0.004181 [  396/ 6144]
loss: 0.002058 [  780/ 6144]
loss: 0.001611 [ 1164/ 6144]
loss: 0.010765 [ 1548/ 6144]
loss: 0.003719 [ 1932/ 6144]
loss: 0.002889 [ 2316/ 6144]
loss: 0.003629 [ 2700/ 6144]
loss: 0.001857 [ 3084/ 6144]
loss: 0.000292 [ 3468/ 6144]
loss: 0.000709 [ 3852/ 6144]
loss: 0.000374 [ 4236/ 6144]
loss: 0.000290 [ 4620/ 6144]
loss: 0.001816 [ 5004/ 6144]
loss: 0.009955 [ 5388/ 6144]
loss: 0.001027 [ 5772/ 6144]
Validation Error: 
Accuracy: 85.0%, Avg loss: 0.137720, Positive ratio: 0.005534
Epoch time: 814.54 seconds 

Epoch 9
----------------------------
loss: 0.015030 [   12/ 6144]
loss: 0.003393 [  396/ 6144]
loss: 0.010706 [  780/ 6144]
loss: 0.001311 [ 1164/ 6144]
loss: 0.004177 [ 1548/ 6144]
loss: 0.000428 [ 1932/ 6144]
loss: 0.002891 [ 2316/ 6144]
loss: 0.001233 [ 2700/ 6144]
loss: 0.003700 [ 3084/ 6144]
loss: 0.000815 [ 3468/ 6144]
loss: 0.000153 [ 3852/ 6144]
loss: 0.000214 [ 4236/ 6144]
loss: 0.000043 [ 4620/ 6144]
loss: 0.007716 [ 5004/ 6144]
loss: 0.000040 [ 5388/ 6144]
loss: 0.000837 [ 5772/ 6144]
Validation Error: 
Accuracy: 85.0%, Avg loss: 0.139259, Positive ratio: 0.003255
Epoch time: 814.05 seconds 

Epoch 10
----------------------------
loss: 0.010018 [   12/ 6144]
loss: 0.016145 [  396/ 6144]
loss: 0.010181 [  780/ 6144]
loss: 0.003125 [ 1164/ 6144]
loss: 0.000528 [ 1548/ 6144]
loss: 0.011215 [ 1932/ 6144]
loss: 0.001717 [ 2316/ 6144]
loss: 0.000467 [ 2700/ 6144]
loss: 0.003529 [ 3084/ 6144]
loss: 0.000298 [ 3468/ 6144]
loss: 0.000410 [ 3852/ 6144]
loss: 0.012561 [ 4236/ 6144]
loss: 0.015489 [ 4620/ 6144]
loss: 0.000169 [ 5004/ 6144]
loss: 0.000536 [ 5388/ 6144]
loss: 0.000051 [ 5772/ 6144]
Validation Error: 
Accuracy: 84.5%, Avg loss: 0.141176, Positive ratio: 0.005697
Epoch time: 814.45 seconds 

Epoch 11
----------------------------
loss: 0.005842 [   12/ 6144]
loss: 0.000625 [  396/ 6144]
loss: 0.001960 [  780/ 6144]
loss: 0.008761 [ 1164/ 6144]
loss: 0.007972 [ 1548/ 6144]
loss: 0.000805 [ 1932/ 6144]
loss: 0.000236 [ 2316/ 6144]
loss: 0.000442 [ 2700/ 6144]
loss: 0.001302 [ 3084/ 6144]
loss: 0.002202 [ 3468/ 6144]
loss: 0.000064 [ 3852/ 6144]
loss: 0.000048 [ 4236/ 6144]
loss: 0.000300 [ 4620/ 6144]
loss: 0.000053 [ 5004/ 6144]
loss: 0.001449 [ 5388/ 6144]
loss: 0.000026 [ 5772/ 6144]
Validation Error: 
Accuracy: 85.1%, Avg loss: 0.140301, Positive ratio: 0.007324
Epoch time: 814.54 seconds 

Epoch 12
----------------------------
loss: 0.013444 [   12/ 6144]
loss: 0.000379 [  396/ 6144]
loss: 0.006405 [  780/ 6144]
loss: 0.004621 [ 1164/ 6144]
loss: 0.014477 [ 1548/ 6144]
loss: 0.000149 [ 1932/ 6144]
loss: 0.000433 [ 2316/ 6144]
loss: 0.000144 [ 2700/ 6144]
loss: 0.002855 [ 3084/ 6144]
loss: 0.000079 [ 3468/ 6144]
loss: 0.002179 [ 3852/ 6144]
loss: 0.000622 [ 4236/ 6144]
loss: 0.000022 [ 4620/ 6144]
loss: 0.000081 [ 5004/ 6144]
loss: 0.005126 [ 5388/ 6144]
loss: 0.000183 [ 5772/ 6144]
Validation Error: 
Accuracy: 84.4%, Avg loss: 0.142533, Positive ratio: 0.014974
Epoch time: 814.36 seconds 

Epoch 13
----------------------------
loss: 0.004319 [   12/ 6144]
loss: 0.000081 [  396/ 6144]
loss: 0.003466 [  780/ 6144]
loss: 0.000146 [ 1164/ 6144]
loss: 0.000305 [ 1548/ 6144]
loss: 0.000086 [ 1932/ 6144]
loss: 0.000297 [ 2316/ 6144]
loss: 0.000294 [ 2700/ 6144]
loss: 0.000128 [ 3084/ 6144]
loss: 0.000581 [ 3468/ 6144]
loss: 0.000941 [ 3852/ 6144]
loss: 0.000036 [ 4236/ 6144]
loss: 0.001380 [ 4620/ 6144]
loss: 0.004705 [ 5004/ 6144]
loss: 0.000016 [ 5388/ 6144]
loss: 0.005805 [ 5772/ 6144]
Validation Error: 
Accuracy: 85.0%, Avg loss: 0.143321, Positive ratio: 0.005371
Epoch time: 814.01 seconds 

Epoch 14
----------------------------
loss: 0.009082 [   12/ 6144]
loss: 0.002600 [  396/ 6144]
loss: 0.001339 [  780/ 6144]
loss: 0.009765 [ 1164/ 6144]
loss: 0.000205 [ 1548/ 6144]
loss: 0.000037 [ 1932/ 6144]
loss: 0.001787 [ 2316/ 6144]
loss: 0.001003 [ 2700/ 6144]
loss: 0.000208 [ 3084/ 6144]
loss: 0.001008 [ 3468/ 6144]
loss: 0.000567 [ 3852/ 6144]
loss: 0.000061 [ 4236/ 6144]
loss: 0.000055 [ 4620/ 6144]
loss: 0.003800 [ 5004/ 6144]
loss: 0.000060 [ 5388/ 6144]
loss: 0.000015 [ 5772/ 6144]
Validation Error: 
Accuracy: 84.4%, Avg loss: 0.143106, Positive ratio: 0.017415
Epoch time: 814.24 seconds 

Epoch 15
----------------------------
loss: 0.004690 [   12/ 6144]
loss: 0.005616 [  396/ 6144]
loss: 0.010362 [  780/ 6144]
loss: 0.000302 [ 1164/ 6144]
loss: 0.000099 [ 1548/ 6144]
loss: 0.000055 [ 1932/ 6144]
loss: 0.000136 [ 2316/ 6144]
loss: 0.002327 [ 2700/ 6144]
loss: 0.000981 [ 3084/ 6144]
loss: 0.000107 [ 3468/ 6144]
loss: 0.000026 [ 3852/ 6144]
loss: 0.000052 [ 4236/ 6144]
loss: 0.000087 [ 4620/ 6144]
loss: 0.000959 [ 5004/ 6144]
loss: 0.000015 [ 5388/ 6144]
loss: 0.000065 [ 5772/ 6144]
Validation Error: 
Accuracy: 84.8%, Avg loss: 0.143149, Positive ratio: 0.010742
Epoch time: 814.68 seconds 

Epoch 16
----------------------------
loss: 0.000491 [   12/ 6144]
loss: 0.000035 [  396/ 6144]
loss: 0.000031 [  780/ 6144]
loss: 0.000040 [ 1164/ 6144]
loss: 0.000258 [ 1548/ 6144]
loss: 0.000130 [ 1932/ 6144]
loss: 0.000961 [ 2316/ 6144]
loss: 0.001354 [ 2700/ 6144]
loss: 0.000041 [ 3084/ 6144]
loss: 0.000025 [ 3468/ 6144]
loss: 0.000773 [ 3852/ 6144]
loss: 0.000068 [ 4236/ 6144]
loss: 0.000069 [ 4620/ 6144]
loss: 0.000464 [ 5004/ 6144]
loss: 0.000078 [ 5388/ 6144]
loss: 0.000034 [ 5772/ 6144]
Validation Error: 
Accuracy: 84.8%, Avg loss: 0.137017, Positive ratio: 0.025391
Epoch time: 814.28 seconds 

Epoch 17
----------------------------
loss: 0.001780 [   12/ 6144]
loss: 0.000183 [  396/ 6144]
loss: 0.000392 [  780/ 6144]
loss: 0.010264 [ 1164/ 6144]
loss: 0.000111 [ 1548/ 6144]
loss: 0.000064 [ 1932/ 6144]
loss: 0.000025 [ 2316/ 6144]
loss: 0.000467 [ 2700/ 6144]
loss: 0.000676 [ 3084/ 6144]
loss: 0.000153 [ 3468/ 6144]
loss: 0.000268 [ 3852/ 6144]
loss: 0.000053 [ 4236/ 6144]
loss: 0.000107 [ 4620/ 6144]
loss: 0.000258 [ 5004/ 6144]
loss: 0.000012 [ 5388/ 6144]
loss: 0.000012 [ 5772/ 6144]
Validation Error: 
Accuracy: 84.6%, Avg loss: 0.140961, Positive ratio: 0.025065
Epoch time: 813.99 seconds 

Epoch 18
----------------------------
loss: 0.000017 [   12/ 6144]
loss: 0.002133 [  396/ 6144]
loss: 0.000208 [  780/ 6144]
loss: 0.000170 [ 1164/ 6144]
loss: 0.000017 [ 1548/ 6144]
loss: 0.000306 [ 1932/ 6144]
loss: 0.000066 [ 2316/ 6144]
loss: 0.000012 [ 2700/ 6144]
loss: 0.002299 [ 3084/ 6144]
loss: 0.000156 [ 3468/ 6144]
loss: 0.000020 [ 3852/ 6144]
loss: 0.000008 [ 4236/ 6144]
loss: 0.000081 [ 4620/ 6144]
loss: 0.000148 [ 5004/ 6144]
loss: 0.000009 [ 5388/ 6144]
loss: 0.000010 [ 5772/ 6144]
Validation Error: 
Accuracy: 84.0%, Avg loss: 0.145155, Positive ratio: 0.028483
Epoch time: 814.42 seconds 

Epoch 19
----------------------------
loss: 0.000878 [   12/ 6144]
loss: 0.002387 [  396/ 6144]
loss: 0.001789 [  780/ 6144]
loss: 0.000180 [ 1164/ 6144]
loss: 0.000203 [ 1548/ 6144]
loss: 0.000012 [ 1932/ 6144]
loss: 0.000111 [ 2316/ 6144]
loss: 0.001762 [ 2700/ 6144]
loss: 0.000036 [ 3084/ 6144]
loss: 0.000013 [ 3468/ 6144]
loss: 0.000015 [ 3852/ 6144]
loss: 0.000772 [ 4236/ 6144]
loss: 0.000017 [ 4620/ 6144]
loss: 0.000045 [ 5004/ 6144]
loss: 0.000050 [ 5388/ 6144]
loss: 0.000041 [ 5772/ 6144]
Validation Error: 
Accuracy: 84.7%, Avg loss: 0.140765, Positive ratio: 0.025716
Epoch time: 814.60 seconds 

Epoch 20
----------------------------
loss: 0.000043 [   12/ 6144]
loss: 0.003318 [  396/ 6144]
loss: 0.000136 [  780/ 6144]
loss: 0.000256 [ 1164/ 6144]
loss: 0.000029 [ 1548/ 6144]
loss: 0.000365 [ 1932/ 6144]
loss: 0.000057 [ 2316/ 6144]
loss: 0.000043 [ 2700/ 6144]
loss: 0.001095 [ 3084/ 6144]
loss: 0.000017 [ 3468/ 6144]
loss: 0.000614 [ 3852/ 6144]
loss: 0.001397 [ 4236/ 6144]
loss: 0.002466 [ 4620/ 6144]
loss: 0.000221 [ 5004/ 6144]
loss: 0.000434 [ 5388/ 6144]
loss: 0.000241 [ 5772/ 6144]
Validation Error: 
Accuracy: 84.2%, Avg loss: 0.146981, Positive ratio: 0.023112
Epoch time: 814.35 seconds 

Epoch 21
----------------------------
loss: 0.001400 [   12/ 6144]
loss: 0.000057 [  396/ 6144]
loss: 0.000035 [  780/ 6144]
loss: 0.000180 [ 1164/ 6144]
loss: 0.000123 [ 1548/ 6144]
loss: 0.000073 [ 1932/ 6144]
loss: 0.000081 [ 2316/ 6144]
loss: 0.000081 [ 2700/ 6144]
loss: 0.000351 [ 3084/ 6144]
loss: 0.000145 [ 3468/ 6144]
loss: 0.000103 [ 3852/ 6144]
loss: 0.000072 [ 4236/ 6144]
loss: 0.000025 [ 4620/ 6144]
loss: 0.000031 [ 5004/ 6144]
loss: 0.000012 [ 5388/ 6144]
loss: 0.000280 [ 5772/ 6144]
Validation Error: 
Accuracy: 84.5%, Avg loss: 0.143524, Positive ratio: 0.024251
Epoch time: 814.16 seconds 

Epoch 22
----------------------------
loss: 0.001033 [   12/ 6144]
loss: 0.002221 [  396/ 6144]
loss: 0.001649 [  780/ 6144]
loss: 0.000030 [ 1164/ 6144]
loss: 0.000996 [ 1548/ 6144]
loss: 0.010067 [ 1932/ 6144]
loss: 0.000163 [ 2316/ 6144]
loss: 0.000051 [ 2700/ 6144]
loss: 0.000968 [ 3084/ 6144]
loss: 0.000102 [ 3468/ 6144]
loss: 0.000008 [ 3852/ 6144]
loss: 0.000010 [ 4236/ 6144]
loss: 0.000765 [ 4620/ 6144]
loss: 0.000030 [ 5004/ 6144]
loss: 0.000017 [ 5388/ 6144]
loss: 0.000017 [ 5772/ 6144]
Validation Error: 
Accuracy: 84.3%, Avg loss: 0.145172, Positive ratio: 0.028320
Epoch time: 814.46 seconds 

Epoch 23
----------------------------
loss: 0.000310 [   12/ 6144]
loss: 0.000180 [  396/ 6144]
loss: 0.000041 [  780/ 6144]
loss: 0.000079 [ 1164/ 6144]
loss: 0.000101 [ 1548/ 6144]
loss: 0.000005 [ 1932/ 6144]
loss: 0.000008 [ 2316/ 6144]
loss: 0.001968 [ 2700/ 6144]
loss: 0.000174 [ 3084/ 6144]
loss: 0.000009 [ 3468/ 6144]
loss: 0.000035 [ 3852/ 6144]
loss: 0.000016 [ 4236/ 6144]
loss: 0.000071 [ 4620/ 6144]
loss: 0.000209 [ 5004/ 6144]
loss: 0.000073 [ 5388/ 6144]
loss: 0.000019 [ 5772/ 6144]
Validation Error: 
Accuracy: 84.6%, Avg loss: 0.143332, Positive ratio: 0.020671
Epoch time: 814.67 seconds 

Epoch 24
----------------------------
loss: 0.000009 [   12/ 6144]
loss: 0.000188 [  396/ 6144]
loss: 0.001906 [  780/ 6144]
loss: 0.000008 [ 1164/ 6144]
loss: 0.000181 [ 1548/ 6144]
loss: 0.000171 [ 1932/ 6144]
loss: 0.000050 [ 2316/ 6144]
loss: 0.000019 [ 2700/ 6144]
loss: 0.000009 [ 3084/ 6144]
loss: 0.000023 [ 3468/ 6144]
loss: 0.000475 [ 3852/ 6144]
loss: 0.000027 [ 4236/ 6144]
loss: 0.000026 [ 4620/ 6144]
loss: 0.000010 [ 5004/ 6144]
loss: 0.000014 [ 5388/ 6144]
loss: 0.000119 [ 5772/ 6144]
Validation Error: 
Accuracy: 84.1%, Avg loss: 0.149958, Positive ratio: 0.018880
Early stopping with minimum validation loss of 0.1269177365194878, max accuracy of 0.85400390625
Done! Total training time: 325 minutes, 46.71 seconds, average epoch time: 19.55 seconds
