Using cuda device
CNN(
  (conv_encoding): Sequential(
    (0): Conv2d(1, 16, kernel_size=(3, 3), stride=(1, 1), padding=(1, 1), padding_mode=reflect)
    (1): ReLU()
    (2): MaxPool2d(kernel_size=2, stride=2, padding=0, dilation=1, ceil_mode=False)
    (3): Conv2d(16, 32, kernel_size=(3, 3), stride=(1, 1), padding=(1, 1), padding_mode=reflect)
    (4): ReLU()
    (5): MaxPool2d(kernel_size=2, stride=2, padding=0, dilation=1, ceil_mode=False)
    (6): Conv2d(32, 32, kernel_size=(3, 3), stride=(1, 1), padding=(1, 1), padding_mode=reflect)
    (7): ReLU()
    (8): MaxPool2d(kernel_size=2, stride=2, padding=0, dilation=1, ceil_mode=False)
    (9): Conv2d(32, 64, kernel_size=(3, 3), stride=(1, 1), padding=(1, 1), padding_mode=reflect)
    (10): ReLU()
    (11): MaxPool2d(kernel_size=2, stride=2, padding=0, dilation=1, ceil_mode=False)
    (12): Conv2d(64, 128, kernel_size=(3, 3), stride=(1, 1), padding=(1, 1), padding_mode=reflect)
    (13): ReLU()
  )
  (flatten): Flatten(start_dim=1, end_dim=-1)
  (dense_stack): Sequential(
    (0): Linear(in_features=8192, out_features=100, bias=True)
    (1): ReLU()
    (2): Linear(in_features=100, out_features=2, bias=True)
  )
)
==========================================================================================
Layer (type:depth-idx)                   Output Shape              Param #
==========================================================================================
CNN                                      [32, 2]                   --
├─Sequential: 1-1                        [32, 128, 8, 8]           --
│    └─Conv2d: 2-1                       [32, 16, 128, 128]        160
│    └─ReLU: 2-2                         [32, 16, 128, 128]        --
│    └─MaxPool2d: 2-3                    [32, 16, 64, 64]          --
│    └─Conv2d: 2-4                       [32, 32, 64, 64]          4,640
│    └─ReLU: 2-5                         [32, 32, 64, 64]          --
│    └─MaxPool2d: 2-6                    [32, 32, 32, 32]          --
│    └─Conv2d: 2-7                       [32, 32, 32, 32]          9,248
│    └─ReLU: 2-8                         [32, 32, 32, 32]          --
│    └─MaxPool2d: 2-9                    [32, 32, 16, 16]          --
│    └─Conv2d: 2-10                      [32, 64, 16, 16]          18,496
│    └─ReLU: 2-11                        [32, 64, 16, 16]          --
│    └─MaxPool2d: 2-12                   [32, 64, 8, 8]            --
│    └─Conv2d: 2-13                      [32, 128, 8, 8]           73,856
│    └─ReLU: 2-14                        [32, 128, 8, 8]           --
├─Flatten: 1-2                           [32, 8192]                --
├─Sequential: 1-3                        [32, 2]                   --
│    └─Linear: 2-15                      [32, 100]                 819,300
│    └─ReLU: 2-16                        [32, 100]                 --
│    └─Linear: 2-17                      [32, 2]                   202
==========================================================================================
Total params: 925,902
Trainable params: 925,902
Non-trainable params: 0
Total mult-adds (Units.GIGABYTES): 1.32
==========================================================================================
Input size (MB): 2.10
Forward/backward pass size (MB): 115.37
Params size (MB): 3.70
Estimated Total Size (MB): 121.17
==========================================================================================
Training CNN 

Epoch 1
-------------------------------
loss: 0.692743  [   32/ 8000]
loss: 0.697254  [ 1056/ 8000]
loss: 0.692360  [ 2080/ 8000]
loss: 0.692506  [ 3104/ 8000]
loss: 0.692657  [ 4128/ 8000]
loss: 0.690768  [ 5152/ 8000]
loss: 0.689405  [ 6176/ 8000]
loss: 0.681043  [ 7200/ 8000]
Validation Error: 
 Accuracy: 75.2%, Avg loss: 0.586500
Epoch time: 1.85 seconds 

Epoch 2
-------------------------------
loss: 0.540009  [   32/ 8000]
loss: 0.489412  [ 1056/ 8000]
loss: 0.357746  [ 2080/ 8000]
loss: 0.117953  [ 3104/ 8000]
loss: 0.199567  [ 4128/ 8000]
loss: 0.098810  [ 5152/ 8000]
loss: 0.333894  [ 6176/ 8000]
loss: 0.143708  [ 7200/ 8000]
Validation Error: 
 Accuracy: 87.5%, Avg loss: 0.272842
Epoch time: 1.53 seconds 

Epoch 3
-------------------------------
loss: 0.279745  [   32/ 8000]
loss: 0.109489  [ 1056/ 8000]
loss: 0.120994  [ 2080/ 8000]
loss: 0.112862  [ 3104/ 8000]
loss: 0.096051  [ 4128/ 8000]
loss: 0.035330  [ 5152/ 8000]
loss: 0.255483  [ 6176/ 8000]
loss: 0.152594  [ 7200/ 8000]
Validation Error: 
 Accuracy: 91.0%, Avg loss: 0.188168
Epoch time: 1.56 seconds 

Epoch 4
-------------------------------
loss: 0.311568  [   32/ 8000]
loss: 0.087865  [ 1056/ 8000]
loss: 0.151275  [ 2080/ 8000]
loss: 0.151767  [ 3104/ 8000]
loss: 0.057513  [ 4128/ 8000]
loss: 0.092991  [ 5152/ 8000]
loss: 0.067696  [ 6176/ 8000]
loss: 0.074816  [ 7200/ 8000]
Validation Error: 
 Accuracy: 97.2%, Avg loss: 0.075580
Epoch time: 1.56 seconds 

Epoch 5
-------------------------------
loss: 0.027493  [   32/ 8000]
loss: 0.070277  [ 1056/ 8000]
loss: 0.089045  [ 2080/ 8000]
loss: 0.035075  [ 3104/ 8000]
loss: 0.061863  [ 4128/ 8000]
loss: 0.027344  [ 5152/ 8000]
loss: 0.050091  [ 6176/ 8000]
loss: 0.033316  [ 7200/ 8000]
Validation Error: 
 Accuracy: 97.5%, Avg loss: 0.065428
Epoch time: 1.55 seconds 

Epoch 6
-------------------------------
loss: 0.026929  [   32/ 8000]
loss: 0.072100  [ 1056/ 8000]
loss: 0.066062  [ 2080/ 8000]
loss: 0.175983  [ 3104/ 8000]
loss: 0.163558  [ 4128/ 8000]
loss: 0.075953  [ 5152/ 8000]
loss: 0.057997  [ 6176/ 8000]
loss: 0.244161  [ 7200/ 8000]
Validation Error: 
 Accuracy: 93.6%, Avg loss: 0.133121
Epoch time: 1.54 seconds 

Epoch 7
-------------------------------
loss: 0.165430  [   32/ 8000]
loss: 0.036679  [ 1056/ 8000]
loss: 0.180585  [ 2080/ 8000]
loss: 0.019957  [ 3104/ 8000]
loss: 0.127159  [ 4128/ 8000]
loss: 0.020957  [ 5152/ 8000]
loss: 0.100570  [ 6176/ 8000]
loss: 0.014155  [ 7200/ 8000]
Validation Error: 
 Accuracy: 97.2%, Avg loss: 0.067745
Epoch time: 1.46 seconds 

Epoch 8
-------------------------------
loss: 0.054829  [   32/ 8000]
loss: 0.031814  [ 1056/ 8000]
loss: 0.050515  [ 2080/ 8000]
loss: 0.018247  [ 3104/ 8000]
loss: 0.079453  [ 4128/ 8000]
loss: 0.028367  [ 5152/ 8000]
loss: 0.028291  [ 6176/ 8000]
loss: 0.158335  [ 7200/ 8000]
Validation Error: 
 Accuracy: 95.0%, Avg loss: 0.127800
Epoch time: 1.58 seconds 

Epoch 9
-------------------------------
loss: 0.107053  [   32/ 8000]
loss: 0.188981  [ 1056/ 8000]
loss: 0.103433  [ 2080/ 8000]
loss: 0.038128  [ 3104/ 8000]
loss: 0.049165  [ 4128/ 8000]
loss: 0.019175  [ 5152/ 8000]
loss: 0.057349  [ 6176/ 8000]
loss: 0.175526  [ 7200/ 8000]
Validation Error: 
 Accuracy: 97.5%, Avg loss: 0.056570
Epoch time: 1.58 seconds 

Epoch 10
-------------------------------
loss: 0.006964  [   32/ 8000]
loss: 0.061519  [ 1056/ 8000]
loss: 0.048701  [ 2080/ 8000]
loss: 0.137305  [ 3104/ 8000]
loss: 0.016286  [ 4128/ 8000]
loss: 0.010099  [ 5152/ 8000]
loss: 0.048997  [ 6176/ 8000]
loss: 0.032049  [ 7200/ 8000]
Validation Error: 
 Accuracy: 97.0%, Avg loss: 0.071037
Epoch time: 1.54 seconds 

Done! Total training time: 0 minutes, 15.76 seconds, average epoch time: 1.58 seconds
CNN(
  (conv_encoding): Sequential(
    (0): Conv2d(1, 16, kernel_size=(3, 3), stride=(1, 1), padding=(1, 1), padding_mode=reflect)
    (1): ReLU()
    (2): MaxPool2d(kernel_size=2, stride=2, padding=0, dilation=1, ceil_mode=False)
    (3): Conv2d(16, 32, kernel_size=(3, 3), stride=(1, 1), padding=(1, 1), padding_mode=reflect)
    (4): ReLU()
    (5): MaxPool2d(kernel_size=2, stride=2, padding=0, dilation=1, ceil_mode=False)
    (6): Conv2d(32, 32, kernel_size=(3, 3), stride=(1, 1), padding=(1, 1), padding_mode=reflect)
    (7): ReLU()
    (8): MaxPool2d(kernel_size=2, stride=2, padding=0, dilation=1, ceil_mode=False)
    (9): Conv2d(32, 64, kernel_size=(3, 3), stride=(1, 1), padding=(1, 1), padding_mode=reflect)
    (10): ReLU()
    (11): MaxPool2d(kernel_size=2, stride=2, padding=0, dilation=1, ceil_mode=False)
    (12): Conv2d(64, 128, kernel_size=(3, 3), stride=(1, 1), padding=(1, 1), padding_mode=reflect)
    (13): ReLU()
  )
  (flatten): Flatten(start_dim=1, end_dim=-1)
  (dense_stack): Sequential(
    (0): Linear(in_features=8192, out_features=100, bias=True)
    (1): ReLU()
    (2): Linear(in_features=100, out_features=2, bias=True)
  )
)
==========================================================================================
Layer (type:depth-idx)                   Output Shape              Param #
==========================================================================================
CNN                                      [32, 2]                   --
├─Sequential: 1-1                        [32, 128, 8, 8]           --
│    └─Conv2d: 2-1                       [32, 16, 128, 128]        160
│    └─ReLU: 2-2                         [32, 16, 128, 128]        --
│    └─MaxPool2d: 2-3                    [32, 16, 64, 64]          --
│    └─Conv2d: 2-4                       [32, 32, 64, 64]          4,640
│    └─ReLU: 2-5                         [32, 32, 64, 64]          --
│    └─MaxPool2d: 2-6                    [32, 32, 32, 32]          --
│    └─Conv2d: 2-7                       [32, 32, 32, 32]          9,248
│    └─ReLU: 2-8                         [32, 32, 32, 32]          --
│    └─MaxPool2d: 2-9                    [32, 32, 16, 16]          --
│    └─Conv2d: 2-10                      [32, 64, 16, 16]          18,496
│    └─ReLU: 2-11                        [32, 64, 16, 16]          --
│    └─MaxPool2d: 2-12                   [32, 64, 8, 8]            --
│    └─Conv2d: 2-13                      [32, 128, 8, 8]           73,856
│    └─ReLU: 2-14                        [32, 128, 8, 8]           --
├─Flatten: 1-2                           [32, 8192]                --
├─Sequential: 1-3                        [32, 2]                   --
│    └─Linear: 2-15                      [32, 100]                 819,300
│    └─ReLU: 2-16                        [32, 100]                 --
│    └─Linear: 2-17                      [32, 2]                   202
==========================================================================================
Total params: 925,902
Trainable params: 925,902
Non-trainable params: 0
Total mult-adds (Units.GIGABYTES): 1.32
==========================================================================================
Input size (MB): 2.10
Forward/backward pass size (MB): 115.37
Params size (MB): 3.70
Estimated Total Size (MB): 121.17
==========================================================================================
Training Augmented CNN 

Epoch 1
-------------------------------
loss: 0.689391  [   32/ 8000]
loss: 0.694643  [ 1056/ 8000]
loss: 0.692919  [ 2080/ 8000]
loss: 0.693919  [ 3104/ 8000]
loss: 0.692578  [ 4128/ 8000]
loss: 0.693176  [ 5152/ 8000]
loss: 0.692439  [ 6176/ 8000]
loss: 0.691376  [ 7200/ 8000]
Validation Error: 
 Accuracy: 56.1%, Avg loss: 0.692726
Epoch time: 3.86 seconds 

Epoch 2
-------------------------------
loss: 0.692855  [   32/ 8000]
loss: 0.683312  [ 1056/ 8000]
loss: 0.655794  [ 2080/ 8000]
loss: 0.535598  [ 3104/ 8000]
loss: 0.366954  [ 4128/ 8000]
loss: 0.367152  [ 5152/ 8000]
loss: 0.316630  [ 6176/ 8000]
loss: 0.284088  [ 7200/ 8000]
Validation Error: 
 Accuracy: 92.5%, Avg loss: 0.178375
Epoch time: 3.85 seconds 

Epoch 3
-------------------------------
loss: 0.307333  [   32/ 8000]
loss: 0.279818  [ 1056/ 8000]
loss: 0.188460  [ 2080/ 8000]
loss: 0.112063  [ 3104/ 8000]
loss: 0.237190  [ 4128/ 8000]
loss: 0.240723  [ 5152/ 8000]
loss: 0.312605  [ 6176/ 8000]
loss: 0.204893  [ 7200/ 8000]
Validation Error: 
 Accuracy: 96.2%, Avg loss: 0.147931
Epoch time: 3.79 seconds 

Epoch 4
-------------------------------
loss: 0.116218  [   32/ 8000]
loss: 0.288060  [ 1056/ 8000]
loss: 0.377524  [ 2080/ 8000]
loss: 0.200567  [ 3104/ 8000]
loss: 0.282919  [ 4128/ 8000]
loss: 0.271855  [ 5152/ 8000]
loss: 0.103981  [ 6176/ 8000]
loss: 0.209736  [ 7200/ 8000]
Validation Error: 
 Accuracy: 97.9%, Avg loss: 0.114631
Epoch time: 3.91 seconds 

Epoch 5
-------------------------------
loss: 0.204282  [   32/ 8000]
loss: 0.287695  [ 1056/ 8000]
loss: 0.246132  [ 2080/ 8000]
loss: 0.440044  [ 3104/ 8000]
loss: 0.235719  [ 4128/ 8000]
loss: 0.124670  [ 5152/ 8000]
loss: 0.314244  [ 6176/ 8000]
loss: 0.100735  [ 7200/ 8000]
Validation Error: 
 Accuracy: 97.5%, Avg loss: 0.118854
Epoch time: 3.81 seconds 

Epoch 6
-------------------------------
loss: 0.373030  [   32/ 8000]
loss: 0.188180  [ 1056/ 8000]
loss: 0.208851  [ 2080/ 8000]
loss: 0.365593  [ 3104/ 8000]
loss: 0.187090  [ 4128/ 8000]
loss: 0.222919  [ 5152/ 8000]
loss: 0.297858  [ 6176/ 8000]
loss: 0.215838  [ 7200/ 8000]
Validation Error: 
 Accuracy: 97.7%, Avg loss: 0.122324
Epoch time: 3.85 seconds 

Epoch 7
-------------------------------
loss: 0.321949  [   32/ 8000]
loss: 0.268972  [ 1056/ 8000]
loss: 0.290620  [ 2080/ 8000]
loss: 0.117684  [ 3104/ 8000]
loss: 0.303174  [ 4128/ 8000]
loss: 0.246074  [ 5152/ 8000]
loss: 0.151544  [ 6176/ 8000]
loss: 0.293901  [ 7200/ 8000]
Validation Error: 
 Accuracy: 97.2%, Avg loss: 0.106149
Epoch time: 3.77 seconds 

Epoch 8
-------------------------------
loss: 0.140392  [   32/ 8000]
loss: 0.280971  [ 1056/ 8000]
loss: 0.092267  [ 2080/ 8000]
loss: 0.137865  [ 3104/ 8000]
loss: 0.159681  [ 4128/ 8000]
loss: 0.095109  [ 5152/ 8000]
loss: 0.193523  [ 6176/ 8000]
loss: 0.168032  [ 7200/ 8000]
Validation Error: 
 Accuracy: 97.0%, Avg loss: 0.114414
Epoch time: 3.82 seconds 

Epoch 9
-------------------------------
loss: 0.185188  [   32/ 8000]
loss: 0.218572  [ 1056/ 8000]
loss: 0.162128  [ 2080/ 8000]
loss: 0.171836  [ 3104/ 8000]
loss: 0.111431  [ 4128/ 8000]
loss: 0.151890  [ 5152/ 8000]
loss: 0.166529  [ 6176/ 8000]
loss: 0.109986  [ 7200/ 8000]
Validation Error: 
 Accuracy: 96.1%, Avg loss: 0.119205
Epoch time: 3.75 seconds 

Epoch 10
-------------------------------
loss: 0.139979  [   32/ 8000]
loss: 0.225593  [ 1056/ 8000]
loss: 0.132736  [ 2080/ 8000]
loss: 0.303093  [ 3104/ 8000]
loss: 0.348517  [ 4128/ 8000]
loss: 0.253600  [ 5152/ 8000]
loss: 0.301346  [ 6176/ 8000]
loss: 0.289627  [ 7200/ 8000]
Validation Error: 
 Accuracy: 96.0%, Avg loss: 0.119837
Epoch time: 3.86 seconds 

Done! Total training time: 0 minutes, 38.27 seconds, average epoch time: 3.83 seconds
glp_CNN(
  (full_stack): Sequential(
    (0): Conv3d(1, 16, kernel_size=(3, 3, 1), stride=(1, 1, 1), padding=(1, 1, 0), padding_mode=reflect)
    (1): ReLU()
    (2): MaxPool3d(kernel_size=(2, 2, 1), stride=(2, 2, 1), padding=0, dilation=1, ceil_mode=False)
    (3): Conv3d(16, 32, kernel_size=(3, 3, 1), stride=(1, 1, 1), padding=(1, 1, 0), padding_mode=reflect)
    (4): ReLU()
    (5): MaxPool3d(kernel_size=(2, 2, 1), stride=(2, 2, 1), padding=0, dilation=1, ceil_mode=False)
    (6): Conv3d(32, 32, kernel_size=(3, 3, 1), stride=(1, 1, 1), padding=(1, 1, 0), padding_mode=reflect)
    (7): ReLU()
    (8): MaxPool3d(kernel_size=(2, 2, 1), stride=(2, 2, 1), padding=0, dilation=1, ceil_mode=False)
    (9): Conv3d(32, 64, kernel_size=(3, 3, 1), stride=(1, 1, 1), padding=(1, 1, 0), padding_mode=reflect)
    (10): ReLU()
    (11): MaxPool3d(kernel_size=(2, 2, 1), stride=(2, 2, 1), padding=0, dilation=1, ceil_mode=False)
    (12): Conv3d(64, 128, kernel_size=(3, 3, 1), stride=(1, 1, 1), padding=(1, 1, 0), padding_mode=reflect)
    (13): ReLU()
  )
  (glp_step): Sequential(
    (0): MaxPool3d(kernel_size=(1, 1, 2), stride=(1, 1, 2), padding=0, dilation=1, ceil_mode=False)
  )
  (flatten): Flatten(start_dim=1, end_dim=-1)
  (dense_1): Sequential(
    (0): Linear(in_features=49152, out_features=100, bias=True)
    (1): ReLU()
  )
  (classifier): Linear(in_features=100, out_features=2, bias=True)
)
==========================================================================================
Layer (type:depth-idx)                   Output Shape              Param #
==========================================================================================
glp_CNN                                  [32, 2]                   --
├─Sequential: 1-1                        [32, 128, 8, 8, 12]       --
│    └─Conv3d: 2-1                       [32, 16, 128, 128, 12]    160
│    └─ReLU: 2-2                         [32, 16, 128, 128, 12]    --
│    └─MaxPool3d: 2-3                    [32, 16, 64, 64, 12]      --
│    └─Conv3d: 2-4                       [32, 32, 64, 64, 12]      4,640
│    └─ReLU: 2-5                         [32, 32, 64, 64, 12]      --
│    └─MaxPool3d: 2-6                    [32, 32, 32, 32, 12]      --
│    └─Conv3d: 2-7                       [32, 32, 32, 32, 12]      9,248
│    └─ReLU: 2-8                         [32, 32, 32, 32, 12]      --
│    └─MaxPool3d: 2-9                    [32, 32, 16, 16, 12]      --
│    └─Conv3d: 2-10                      [32, 64, 16, 16, 12]      18,496
│    └─ReLU: 2-11                        [32, 64, 16, 16, 12]      --
│    └─MaxPool3d: 2-12                   [32, 64, 8, 8, 12]        --
│    └─Conv3d: 2-13                      [32, 128, 8, 8, 12]       73,856
│    └─ReLU: 2-14                        [32, 128, 8, 8, 12]       --
├─Sequential: 1-2                        [32, 128, 8, 8, 6]        --
│    └─MaxPool3d: 2-15                   [32, 128, 8, 8, 6]        --
├─Flatten: 1-3                           [32, 49152]               --
├─Sequential: 1-4                        [32, 100]                 --
│    └─Linear: 2-16                      [32, 100]                 4,915,300
│    └─ReLU: 2-17                        [32, 100]                 --
├─Linear: 1-5                            [32, 2]                   202
==========================================================================================
Total params: 5,021,902
Trainable params: 5,021,902
Non-trainable params: 0
Total mult-adds (Units.GIGABYTES): 15.73
==========================================================================================
Input size (MB): 25.17
Forward/backward pass size (MB): 1384.15
Params size (MB): 20.09
Estimated Total Size (MB): 1429.40
==========================================================================================
Training GLP CNN 

Epoch 1
-------------------------------
loss: 0.693281  [   32/ 8000]
loss: 0.695202  [ 1056/ 8000]
loss: 0.693730  [ 2080/ 8000]
loss: 0.693332  [ 3104/ 8000]
loss: 0.693138  [ 4128/ 8000]
loss: 0.693966  [ 5152/ 8000]
loss: 0.693644  [ 6176/ 8000]
loss: 0.693301  [ 7200/ 8000]
Validation Error: 
 Accuracy: 53.0%, Avg loss: 0.686237
Epoch time: 7.99 seconds 

Epoch 2
-------------------------------
loss: 0.673058  [   32/ 8000]
loss: 0.589769  [ 1056/ 8000]
loss: 0.171329  [ 2080/ 8000]
loss: 0.223551  [ 3104/ 8000]
loss: 0.182385  [ 4128/ 8000]
loss: 0.046354  [ 5152/ 8000]
loss: 0.049550  [ 6176/ 8000]
loss: 0.027974  [ 7200/ 8000]
Validation Error: 
 Accuracy: 94.8%, Avg loss: 0.108380
Epoch time: 7.86 seconds 

Epoch 3
-------------------------------
loss: 0.172956  [   32/ 8000]
loss: 0.022263  [ 1056/ 8000]
loss: 0.056044  [ 2080/ 8000]
loss: 0.089836  [ 3104/ 8000]
loss: 0.011069  [ 4128/ 8000]
loss: 0.076958  [ 5152/ 8000]
loss: 0.117676  [ 6176/ 8000]
loss: 0.035931  [ 7200/ 8000]
Validation Error: 
 Accuracy: 97.5%, Avg loss: 0.055672
Epoch time: 7.83 seconds 

Epoch 4
-------------------------------
loss: 0.018908  [   32/ 8000]
loss: 0.055343  [ 1056/ 8000]
loss: 0.097584  [ 2080/ 8000]
loss: 0.007292  [ 3104/ 8000]
loss: 0.028409  [ 4128/ 8000]
loss: 0.088032  [ 5152/ 8000]
loss: 0.008896  [ 6176/ 8000]
loss: 0.030796  [ 7200/ 8000]
Validation Error: 
 Accuracy: 97.0%, Avg loss: 0.075121
Epoch time: 7.83 seconds 

Epoch 5
-------------------------------
loss: 0.062785  [   32/ 8000]
loss: 0.099482  [ 1056/ 8000]
loss: 0.022538  [ 2080/ 8000]
loss: 0.093088  [ 3104/ 8000]
loss: 0.014013  [ 4128/ 8000]
loss: 0.001494  [ 5152/ 8000]
loss: 0.024540  [ 6176/ 8000]
loss: 0.019230  [ 7200/ 8000]
Validation Error: 
 Accuracy: 98.2%, Avg loss: 0.043961
Epoch time: 7.76 seconds 

Epoch 6
-------------------------------
loss: 0.093351  [   32/ 8000]
loss: 0.038473  [ 1056/ 8000]
loss: 0.033036  [ 2080/ 8000]
loss: 0.028562  [ 3104/ 8000]
loss: 0.014952  [ 4128/ 8000]
loss: 0.050007  [ 5152/ 8000]
loss: 0.004739  [ 6176/ 8000]
loss: 0.055378  [ 7200/ 8000]
Validation Error: 
 Accuracy: 98.2%, Avg loss: 0.041763
Epoch time: 7.83 seconds 

Epoch 7
-------------------------------
loss: 0.101109  [   32/ 8000]
loss: 0.052139  [ 1056/ 8000]
loss: 0.085630  [ 2080/ 8000]
loss: 0.005252  [ 3104/ 8000]
loss: 0.105875  [ 4128/ 8000]
loss: 0.004958  [ 5152/ 8000]
loss: 0.053459  [ 6176/ 8000]
loss: 0.143378  [ 7200/ 8000]
Validation Error: 
 Accuracy: 98.0%, Avg loss: 0.049173
Epoch time: 7.95 seconds 

Epoch 8
-------------------------------
loss: 0.015599  [   32/ 8000]
loss: 0.017036  [ 1056/ 8000]
loss: 0.064070  [ 2080/ 8000]
loss: 0.087518  [ 3104/ 8000]
loss: 0.031494  [ 4128/ 8000]
loss: 0.027733  [ 5152/ 8000]
loss: 0.001062  [ 6176/ 8000]
loss: 0.002386  [ 7200/ 8000]
Validation Error: 
 Accuracy: 98.6%, Avg loss: 0.034030
Epoch time: 7.81 seconds 

Epoch 9
-------------------------------
loss: 0.034763  [   32/ 8000]
loss: 0.008285  [ 1056/ 8000]
loss: 0.003566  [ 2080/ 8000]
loss: 0.004597  [ 3104/ 8000]
loss: 0.038631  [ 4128/ 8000]
loss: 0.006373  [ 5152/ 8000]
loss: 0.016446  [ 6176/ 8000]
loss: 0.127232  [ 7200/ 8000]
Validation Error: 
 Accuracy: 98.0%, Avg loss: 0.046913
Epoch time: 7.83 seconds 

Epoch 10
-------------------------------
loss: 0.025060  [   32/ 8000]
loss: 0.000466  [ 1056/ 8000]
loss: 0.004412  [ 2080/ 8000]
loss: 0.001441  [ 3104/ 8000]
loss: 0.059680  [ 4128/ 8000]
loss: 0.238649  [ 5152/ 8000]
loss: 0.009211  [ 6176/ 8000]
loss: 0.011280  [ 7200/ 8000]
Validation Error: 
 Accuracy: 98.5%, Avg loss: 0.039601
Epoch time: 7.83 seconds 

Done! Total training time: 1 minutes, 18.53 seconds, average epoch time: 7.85 seconds
