Using cuda device
==========================================================================================
Layer (type:depth-idx)                   Output Shape              Param #
==========================================================================================
CNN                                      [128, 100]                --
├─Sequential: 1-1                        [128, 1, 128, 128]        --
├─Sequential: 1-2                        [128, 8192]               --
│    └─Sequential: 2-1                   [128, 16, 64, 64]         --
│    │    └─Conv2d: 3-1                  [128, 16, 128, 128]       160
│    │    └─LeakyReLU: 3-2               [128, 16, 128, 128]       --
│    │    └─BatchNorm2d: 3-3             [128, 16, 128, 128]       32
│    │    └─Conv2d: 3-4                  [128, 16, 128, 128]       2,320
│    │    └─LeakyReLU: 3-5               [128, 16, 128, 128]       --
│    │    └─BatchNorm2d: 3-6             [128, 16, 128, 128]       32
│    │    └─MaxPool2d: 3-7               [128, 16, 64, 64]         --
│    └─Sequential: 2-2                   [128, 32, 32, 32]         --
│    │    └─Conv2d: 3-8                  [128, 32, 64, 64]         4,640
│    │    └─LeakyReLU: 3-9               [128, 32, 64, 64]         --
│    │    └─BatchNorm2d: 3-10            [128, 32, 64, 64]         64
│    │    └─Conv2d: 3-11                 [128, 32, 64, 64]         9,248
│    │    └─LeakyReLU: 3-12              [128, 32, 64, 64]         --
│    │    └─BatchNorm2d: 3-13            [128, 32, 64, 64]         64
│    │    └─MaxPool2d: 3-14              [128, 32, 32, 32]         --
│    └─Sequential: 2-3                   [128, 64, 16, 16]         --
│    │    └─Conv2d: 3-15                 [128, 64, 32, 32]         18,496
│    │    └─LeakyReLU: 3-16              [128, 64, 32, 32]         --
│    │    └─BatchNorm2d: 3-17            [128, 64, 32, 32]         128
│    │    └─Conv2d: 3-18                 [128, 64, 32, 32]         36,928
│    │    └─LeakyReLU: 3-19              [128, 64, 32, 32]         --
│    │    └─BatchNorm2d: 3-20            [128, 64, 32, 32]         128
│    │    └─MaxPool2d: 3-21              [128, 64, 16, 16]         --
│    └─Sequential: 2-4                   [128, 128, 8, 8]          --
│    │    └─Conv2d: 3-22                 [128, 128, 16, 16]        73,856
│    │    └─LeakyReLU: 3-23              [128, 128, 16, 16]        --
│    │    └─BatchNorm2d: 3-24            [128, 128, 16, 16]        256
│    │    └─Conv2d: 3-25                 [128, 128, 16, 16]        147,584
│    │    └─LeakyReLU: 3-26              [128, 128, 16, 16]        --
│    │    └─BatchNorm2d: 3-27            [128, 128, 16, 16]        256
│    │    └─MaxPool2d: 3-28              [128, 128, 8, 8]          --
│    └─Flatten: 2-5                      [128, 8192]               --
├─Sequential: 1-3                        [128, 100]                --
│    └─Sequential: 2-6                   [128, 100]                --
│    │    └─Linear: 3-29                 [128, 100]                819,300
│    │    └─LeakyReLU: 3-30              [128, 100]                --
│    │    └─Dropout: 3-31                [128, 100]                --
│    │    └─BatchNorm1d: 3-32            [128, 100]                200
│    └─Linear: 2-7                       [128, 100]                10,100
├─Sigmoid: 1-4                           [128, 100]                --
==========================================================================================
Total params: 1,123,792
Trainable params: 1,123,792
Non-trainable params: 0
Total mult-adds (G): 27.11
==========================================================================================
Input size (MB): 8.39
Forward/backward pass size (MB): 2013.57
Params size (MB): 4.50
Estimated Total Size (MB): 2026.46
==========================================================================================
Training CNN 

Epoch 1
----------------------------
loss: 0.425528 [  128/ 8064]
loss: 0.381708 [  640/ 8064]
loss: 0.338656 [ 1152/ 8064]
loss: 0.296118 [ 1664/ 8064]
loss: 0.254079 [ 2176/ 8064]
loss: 0.219701 [ 2688/ 8064]
loss: 0.182442 [ 3200/ 8064]
loss: 0.168790 [ 3712/ 8064]
loss: 0.125239 [ 4224/ 8064]
loss: 0.095005 [ 4736/ 8064]
loss: 0.070766 [ 5248/ 8064]
loss: 0.098461 [ 5760/ 8064]
loss: 0.069662 [ 6272/ 8064]
loss: 0.099867 [ 6784/ 8064]
loss: 0.066620 [ 7296/ 8064]
loss: 0.059131 [ 7808/ 8064]
Validation Error: 
Accuracy: 48.4%, Avg loss: 0.453451, Positive ratio: 0.000000
Validation loss improved, saving model
Epoch time: 3.58 seconds 

Epoch 2
----------------------------
loss: 0.060229 [  128/ 8064]
loss: 0.078115 [  640/ 8064]
loss: 0.045016 [ 1152/ 8064]
loss: 0.059276 [ 1664/ 8064]
loss: 0.045813 [ 2176/ 8064]
loss: 0.058434 [ 2688/ 8064]
loss: 0.032877 [ 3200/ 8064]
loss: 0.081954 [ 3712/ 8064]
loss: 0.060864 [ 4224/ 8064]
loss: 0.042358 [ 4736/ 8064]
loss: 0.028514 [ 5248/ 8064]
loss: 0.039324 [ 5760/ 8064]
loss: 0.068749 [ 6272/ 8064]
loss: 0.045263 [ 6784/ 8064]
loss: 0.022757 [ 7296/ 8064]
loss: 0.038614 [ 7808/ 8064]
Validation Error: 
Accuracy: 75.2%, Avg loss: 0.215452, Positive ratio: 0.268555
Validation loss improved, saving model
Epoch time: 3.55 seconds 

Epoch 3
----------------------------
loss: 0.041757 [  128/ 8064]
loss: 0.079290 [  640/ 8064]
loss: 0.024976 [ 1152/ 8064]
loss: 0.056274 [ 1664/ 8064]
loss: 0.029328 [ 2176/ 8064]
loss: 0.051893 [ 2688/ 8064]
loss: 0.035940 [ 3200/ 8064]
loss: 0.071950 [ 3712/ 8064]
loss: 0.052459 [ 4224/ 8064]
loss: 0.020276 [ 4736/ 8064]
loss: 0.021341 [ 5248/ 8064]
loss: 0.028418 [ 5760/ 8064]
loss: 0.063714 [ 6272/ 8064]
loss: 0.032002 [ 6784/ 8064]
loss: 0.018220 [ 7296/ 8064]
loss: 0.034131 [ 7808/ 8064]
Validation Error: 
Accuracy: 67.0%, Avg loss: 0.295281, Positive ratio: 0.186523
Epoch time: 3.49 seconds 

Epoch 4
----------------------------
loss: 0.024132 [  128/ 8064]
loss: 0.049388 [  640/ 8064]
loss: 0.028058 [ 1152/ 8064]
loss: 0.023659 [ 1664/ 8064]
loss: 0.029212 [ 2176/ 8064]
loss: 0.045128 [ 2688/ 8064]
loss: 0.012947 [ 3200/ 8064]
loss: 0.046310 [ 3712/ 8064]
loss: 0.022535 [ 4224/ 8064]
loss: 0.009719 [ 4736/ 8064]
loss: 0.022084 [ 5248/ 8064]
loss: 0.044058 [ 5760/ 8064]
loss: 0.047625 [ 6272/ 8064]
loss: 0.020232 [ 6784/ 8064]
loss: 0.011706 [ 7296/ 8064]
loss: 0.028675 [ 7808/ 8064]
Validation Error: 
Accuracy: 86.4%, Avg loss: 0.111170, Positive ratio: 0.380371
Validation loss improved, saving model
Epoch time: 3.46 seconds 

Epoch 5
----------------------------
loss: 0.014471 [  128/ 8064]
loss: 0.036989 [  640/ 8064]
loss: 0.026599 [ 1152/ 8064]
loss: 0.018528 [ 1664/ 8064]
loss: 0.028296 [ 2176/ 8064]
loss: 0.035638 [ 2688/ 8064]
loss: 0.017334 [ 3200/ 8064]
loss: 0.072793 [ 3712/ 8064]
loss: 0.033531 [ 4224/ 8064]
loss: 0.008805 [ 4736/ 8064]
loss: 0.021219 [ 5248/ 8064]
loss: 0.032163 [ 5760/ 8064]
loss: 0.048210 [ 6272/ 8064]
loss: 0.028117 [ 6784/ 8064]
loss: 0.029604 [ 7296/ 8064]
loss: 0.022833 [ 7808/ 8064]
Validation Error: 
Accuracy: 95.9%, Avg loss: 0.019285, Positive ratio: 0.500000
Validation loss improved, saving model
Epoch time: 3.40 seconds 

Epoch 6
----------------------------
loss: 0.017580 [  128/ 8064]
loss: 0.027425 [  640/ 8064]
loss: 0.027225 [ 1152/ 8064]
loss: 0.093275 [ 1664/ 8064]
loss: 0.020386 [ 2176/ 8064]
loss: 0.022987 [ 2688/ 8064]
loss: 0.019805 [ 3200/ 8064]
loss: 0.027422 [ 3712/ 8064]
loss: 0.024763 [ 4224/ 8064]
loss: 0.021709 [ 4736/ 8064]
loss: 0.038069 [ 5248/ 8064]
loss: 0.020224 [ 5760/ 8064]
loss: 0.029304 [ 6272/ 8064]
loss: 0.028099 [ 6784/ 8064]
loss: 0.015928 [ 7296/ 8064]
loss: 0.020592 [ 7808/ 8064]
Validation Error: 
Accuracy: 84.7%, Avg loss: 0.121962, Positive ratio: 0.622559
Epoch time: 3.36 seconds 

Epoch 7
----------------------------
loss: 0.013892 [  128/ 8064]
loss: 0.036261 [  640/ 8064]
loss: 0.025398 [ 1152/ 8064]
loss: 0.057486 [ 1664/ 8064]
loss: 0.022057 [ 2176/ 8064]
loss: 0.018952 [ 2688/ 8064]
loss: 0.013096 [ 3200/ 8064]
loss: 0.044622 [ 3712/ 8064]
loss: 0.026350 [ 4224/ 8064]
loss: 0.019136 [ 4736/ 8064]
loss: 0.025531 [ 5248/ 8064]
loss: 0.018294 [ 5760/ 8064]
loss: 0.050404 [ 6272/ 8064]
loss: 0.019893 [ 6784/ 8064]
loss: 0.019573 [ 7296/ 8064]
loss: 0.012190 [ 7808/ 8064]
Validation Error: 
Accuracy: 82.2%, Avg loss: 0.145546, Positive ratio: 0.646973
Epoch time: 3.46 seconds 

Epoch 8
----------------------------
loss: 0.012629 [  128/ 8064]
loss: 0.023158 [  640/ 8064]
loss: 0.015375 [ 1152/ 8064]
loss: 0.068880 [ 1664/ 8064]
loss: 0.022903 [ 2176/ 8064]
loss: 0.020983 [ 2688/ 8064]
loss: 0.019249 [ 3200/ 8064]
loss: 0.021143 [ 3712/ 8064]
loss: 0.024326 [ 4224/ 8064]
loss: 0.010130 [ 4736/ 8064]
loss: 0.034118 [ 5248/ 8064]
loss: 0.013838 [ 5760/ 8064]
loss: 0.027639 [ 6272/ 8064]
loss: 0.035290 [ 6784/ 8064]
loss: 0.012328 [ 7296/ 8064]
loss: 0.019997 [ 7808/ 8064]
Validation Error: 
Accuracy: 84.3%, Avg loss: 0.118863, Positive ratio: 0.625977
Epoch time: 3.49 seconds 

Epoch 9
----------------------------
loss: 0.007610 [  128/ 8064]
loss: 0.022347 [  640/ 8064]
loss: 0.012707 [ 1152/ 8064]
loss: 0.047196 [ 1664/ 8064]
loss: 0.021327 [ 2176/ 8064]
loss: 0.016306 [ 2688/ 8064]
loss: 0.017825 [ 3200/ 8064]
loss: 0.035027 [ 3712/ 8064]
loss: 0.018962 [ 4224/ 8064]
loss: 0.015540 [ 4736/ 8064]
loss: 0.032903 [ 5248/ 8064]
loss: 0.012116 [ 5760/ 8064]
loss: 0.027872 [ 6272/ 8064]
loss: 0.017719 [ 6784/ 8064]
loss: 0.012635 [ 7296/ 8064]
loss: 0.014284 [ 7808/ 8064]
Validation Error: 
Accuracy: 89.4%, Avg loss: 0.074854, Positive ratio: 0.409668
Epoch time: 3.50 seconds 

Epoch 10
----------------------------
loss: 0.010626 [  128/ 8064]
loss: 0.028935 [  640/ 8064]
loss: 0.019562 [ 1152/ 8064]
loss: 0.043187 [ 1664/ 8064]
loss: 0.010644 [ 2176/ 8064]
loss: 0.010758 [ 2688/ 8064]
loss: 0.015204 [ 3200/ 8064]
loss: 0.017084 [ 3712/ 8064]
loss: 0.033472 [ 4224/ 8064]
loss: 0.017974 [ 4736/ 8064]
loss: 0.026204 [ 5248/ 8064]
loss: 0.019315 [ 5760/ 8064]
loss: 0.031351 [ 6272/ 8064]
loss: 0.019717 [ 6784/ 8064]
loss: 0.022930 [ 7296/ 8064]
loss: 0.013028 [ 7808/ 8064]
Validation Error: 
Accuracy: 88.2%, Avg loss: 0.084178, Positive ratio: 0.586914
Epoch time: 3.43 seconds 

Epoch 11
----------------------------
loss: 0.008707 [  128/ 8064]
loss: 0.017153 [  640/ 8064]
loss: 0.012643 [ 1152/ 8064]
loss: 0.035254 [ 1664/ 8064]
loss: 0.007193 [ 2176/ 8064]
loss: 0.010774 [ 2688/ 8064]
loss: 0.014311 [ 3200/ 8064]
loss: 0.021825 [ 3712/ 8064]
loss: 0.038467 [ 4224/ 8064]
loss: 0.011967 [ 4736/ 8064]
loss: 0.026921 [ 5248/ 8064]
loss: 0.019828 [ 5760/ 8064]
loss: 0.029850 [ 6272/ 8064]
loss: 0.024119 [ 6784/ 8064]
loss: 0.020842 [ 7296/ 8064]
loss: 0.013120 [ 7808/ 8064]
Validation Error: 
Accuracy: 81.0%, Avg loss: 0.158761, Positive ratio: 0.659180
Epoch time: 3.32 seconds 

Epoch 12
----------------------------
loss: 0.008245 [  128/ 8064]
loss: 0.017281 [  640/ 8064]
loss: 0.016663 [ 1152/ 8064]
loss: 0.029903 [ 1664/ 8064]
loss: 0.006267 [ 2176/ 8064]
loss: 0.009080 [ 2688/ 8064]
loss: 0.012637 [ 3200/ 8064]
loss: 0.014209 [ 3712/ 8064]
loss: 0.026382 [ 4224/ 8064]
loss: 0.016538 [ 4736/ 8064]
loss: 0.016773 [ 5248/ 8064]
loss: 0.023815 [ 5760/ 8064]
loss: 0.035406 [ 6272/ 8064]
loss: 0.026872 [ 6784/ 8064]
loss: 0.031250 [ 7296/ 8064]
loss: 0.028863 [ 7808/ 8064]
Validation Error: 
Accuracy: 75.5%, Avg loss: 0.208486, Positive ratio: 0.713867
Epoch time: 3.44 seconds 

Epoch 13
----------------------------
loss: 0.012370 [  128/ 8064]
loss: 0.031236 [  640/ 8064]
loss: 0.022936 [ 1152/ 8064]
loss: 0.009394 [ 1664/ 8064]
loss: 0.011520 [ 2176/ 8064]
loss: 0.022268 [ 2688/ 8064]
loss: 0.007720 [ 3200/ 8064]
loss: 0.014042 [ 3712/ 8064]
loss: 0.017068 [ 4224/ 8064]
loss: 0.005799 [ 4736/ 8064]
loss: 0.012277 [ 5248/ 8064]
loss: 0.005622 [ 5760/ 8064]
loss: 0.039114 [ 6272/ 8064]
loss: 0.013934 [ 6784/ 8064]
loss: 0.021827 [ 7296/ 8064]
loss: 0.014006 [ 7808/ 8064]
Validation Error: 
Accuracy: 84.2%, Avg loss: 0.121137, Positive ratio: 0.626953
Epoch time: 3.41 seconds 

Epoch 14
----------------------------
loss: 0.008988 [  128/ 8064]
loss: 0.033378 [  640/ 8064]
loss: 0.010388 [ 1152/ 8064]
loss: 0.009772 [ 1664/ 8064]
loss: 0.010314 [ 2176/ 8064]
loss: 0.016306 [ 2688/ 8064]
loss: 0.005303 [ 3200/ 8064]
loss: 0.023811 [ 3712/ 8064]
loss: 0.022991 [ 4224/ 8064]
loss: 0.003724 [ 4736/ 8064]
loss: 0.007963 [ 5248/ 8064]
loss: 0.007498 [ 5760/ 8064]
loss: 0.039802 [ 6272/ 8064]
loss: 0.026329 [ 6784/ 8064]
loss: 0.016955 [ 7296/ 8064]
loss: 0.011676 [ 7808/ 8064]
Validation Error: 
Accuracy: 84.8%, Avg loss: 0.115566, Positive ratio: 0.621582
Epoch time: 3.38 seconds 

Epoch 15
----------------------------
loss: 0.008102 [  128/ 8064]
loss: 0.034756 [  640/ 8064]
loss: 0.006674 [ 1152/ 8064]
loss: 0.010791 [ 1664/ 8064]
loss: 0.008834 [ 2176/ 8064]
loss: 0.020215 [ 2688/ 8064]
loss: 0.006306 [ 3200/ 8064]
loss: 0.032988 [ 3712/ 8064]
loss: 0.014496 [ 4224/ 8064]
loss: 0.002259 [ 4736/ 8064]
loss: 0.007814 [ 5248/ 8064]
loss: 0.013766 [ 5760/ 8064]
loss: 0.017519 [ 6272/ 8064]
loss: 0.012236 [ 6784/ 8064]
loss: 0.005498 [ 7296/ 8064]
loss: 0.015756 [ 7808/ 8064]
Validation Error: 
Accuracy: 87.7%, Avg loss: 0.089987, Positive ratio: 0.591797
Epoch time: 3.44 seconds 

Epoch 16
----------------------------
loss: 0.005408 [  128/ 8064]
loss: 0.029527 [  640/ 8064]
loss: 0.007662 [ 1152/ 8064]
loss: 0.007864 [ 1664/ 8064]
loss: 0.010075 [ 2176/ 8064]
loss: 0.017568 [ 2688/ 8064]
loss: 0.006768 [ 3200/ 8064]
loss: 0.026731 [ 3712/ 8064]
loss: 0.038002 [ 4224/ 8064]
loss: 0.011708 [ 4736/ 8064]
loss: 0.010086 [ 5248/ 8064]
loss: 0.005999 [ 5760/ 8064]
loss: 0.020284 [ 6272/ 8064]
loss: 0.011372 [ 6784/ 8064]
loss: 0.017038 [ 7296/ 8064]
loss: 0.007750 [ 7808/ 8064]
Validation Error: 
Accuracy: 95.4%, Avg loss: 0.019333, Positive ratio: 0.487305
Epoch time: 3.44 seconds 

Epoch 17
----------------------------
loss: 0.002878 [  128/ 8064]
loss: 0.019574 [  640/ 8064]
loss: 0.010077 [ 1152/ 8064]
loss: 0.012337 [ 1664/ 8064]
loss: 0.001645 [ 2176/ 8064]
loss: 0.019186 [ 2688/ 8064]
loss: 0.003755 [ 3200/ 8064]
loss: 0.006290 [ 3712/ 8064]
loss: 0.014032 [ 4224/ 8064]
loss: 0.007134 [ 4736/ 8064]
loss: 0.003151 [ 5248/ 8064]
loss: 0.007055 [ 5760/ 8064]
loss: 0.009117 [ 6272/ 8064]
loss: 0.004299 [ 6784/ 8064]
loss: 0.004009 [ 7296/ 8064]
loss: 0.003534 [ 7808/ 8064]
Validation Error: 
Accuracy: 95.8%, Avg loss: 0.015603, Positive ratio: 0.487305
Validation loss improved, saving model
Epoch time: 3.41 seconds 

Epoch 18
----------------------------
loss: 0.001528 [  128/ 8064]
loss: 0.012749 [  640/ 8064]
loss: 0.005547 [ 1152/ 8064]
loss: 0.007119 [ 1664/ 8064]
loss: 0.002170 [ 2176/ 8064]
loss: 0.015738 [ 2688/ 8064]
loss: 0.002516 [ 3200/ 8064]
loss: 0.004750 [ 3712/ 8064]
loss: 0.009887 [ 4224/ 8064]
loss: 0.005885 [ 4736/ 8064]
loss: 0.002944 [ 5248/ 8064]
loss: 0.006319 [ 5760/ 8064]
loss: 0.009673 [ 6272/ 8064]
loss: 0.003129 [ 6784/ 8064]
loss: 0.002354 [ 7296/ 8064]
loss: 0.003489 [ 7808/ 8064]
Validation Error: 
Accuracy: 95.7%, Avg loss: 0.015573, Positive ratio: 0.486816
Epoch time: 3.53 seconds 

Epoch 19
----------------------------
loss: 0.000901 [  128/ 8064]
loss: 0.010733 [  640/ 8064]
loss: 0.004639 [ 1152/ 8064]
loss: 0.007146 [ 1664/ 8064]
loss: 0.002509 [ 2176/ 8064]
loss: 0.012878 [ 2688/ 8064]
loss: 0.002827 [ 3200/ 8064]
loss: 0.004057 [ 3712/ 8064]
loss: 0.006669 [ 4224/ 8064]
loss: 0.005361 [ 4736/ 8064]
loss: 0.002251 [ 5248/ 8064]
loss: 0.002899 [ 5760/ 8064]
loss: 0.008385 [ 6272/ 8064]
loss: 0.002999 [ 6784/ 8064]
loss: 0.002601 [ 7296/ 8064]
loss: 0.002324 [ 7808/ 8064]
Validation Error: 
Accuracy: 95.7%, Avg loss: 0.016016, Positive ratio: 0.484863
Epoch time: 3.47 seconds 

Epoch 20
----------------------------
loss: 0.000810 [  128/ 8064]
loss: 0.012228 [  640/ 8064]
loss: 0.003539 [ 1152/ 8064]
loss: 0.006073 [ 1664/ 8064]
loss: 0.001466 [ 2176/ 8064]
loss: 0.010312 [ 2688/ 8064]
loss: 0.001797 [ 3200/ 8064]
loss: 0.004624 [ 3712/ 8064]
loss: 0.005322 [ 4224/ 8064]
loss: 0.004915 [ 4736/ 8064]
loss: 0.002628 [ 5248/ 8064]
loss: 0.002267 [ 5760/ 8064]
loss: 0.007836 [ 6272/ 8064]
loss: 0.002973 [ 6784/ 8064]
loss: 0.001979 [ 7296/ 8064]
loss: 0.002463 [ 7808/ 8064]
Validation Error: 
Accuracy: 95.5%, Avg loss: 0.016417, Positive ratio: 0.485840
Epoch time: 3.41 seconds 

Epoch 21
----------------------------
loss: 0.000583 [  128/ 8064]
loss: 0.010279 [  640/ 8064]
loss: 0.003232 [ 1152/ 8064]
loss: 0.006902 [ 1664/ 8064]
loss: 0.001361 [ 2176/ 8064]
loss: 0.006657 [ 2688/ 8064]
loss: 0.001297 [ 3200/ 8064]
loss: 0.003036 [ 3712/ 8064]
loss: 0.006789 [ 4224/ 8064]
loss: 0.004045 [ 4736/ 8064]
loss: 0.001203 [ 5248/ 8064]
loss: 0.001399 [ 5760/ 8064]
loss: 0.006523 [ 6272/ 8064]
loss: 0.001759 [ 6784/ 8064]
loss: 0.001906 [ 7296/ 8064]
loss: 0.001918 [ 7808/ 8064]
Validation Error: 
Accuracy: 95.6%, Avg loss: 0.016895, Positive ratio: 0.485840
Epoch time: 3.48 seconds 

Epoch 22
----------------------------
loss: 0.000748 [  128/ 8064]
loss: 0.008866 [  640/ 8064]
loss: 0.002893 [ 1152/ 8064]
loss: 0.007432 [ 1664/ 8064]
loss: 0.001313 [ 2176/ 8064]
loss: 0.006020 [ 2688/ 8064]
loss: 0.001176 [ 3200/ 8064]
loss: 0.002814 [ 3712/ 8064]
loss: 0.004690 [ 4224/ 8064]
loss: 0.003541 [ 4736/ 8064]
loss: 0.000984 [ 5248/ 8064]
loss: 0.001488 [ 5760/ 8064]
loss: 0.006741 [ 6272/ 8064]
loss: 0.001688 [ 6784/ 8064]
loss: 0.001566 [ 7296/ 8064]
loss: 0.001960 [ 7808/ 8064]
Validation Error: 
Accuracy: 95.7%, Avg loss: 0.017350, Positive ratio: 0.483887
Epoch time: 3.41 seconds 

Epoch 23
----------------------------
loss: 0.000786 [  128/ 8064]
loss: 0.008485 [  640/ 8064]
loss: 0.002277 [ 1152/ 8064]
loss: 0.006282 [ 1664/ 8064]
loss: 0.001232 [ 2176/ 8064]
loss: 0.004397 [ 2688/ 8064]
loss: 0.001777 [ 3200/ 8064]
loss: 0.003345 [ 3712/ 8064]
loss: 0.004131 [ 4224/ 8064]
loss: 0.003492 [ 4736/ 8064]
loss: 0.001050 [ 5248/ 8064]
loss: 0.002053 [ 5760/ 8064]
loss: 0.004933 [ 6272/ 8064]
loss: 0.000929 [ 6784/ 8064]
loss: 0.001672 [ 7296/ 8064]
loss: 0.001015 [ 7808/ 8064]
Validation Error: 
Accuracy: 95.7%, Avg loss: 0.016732, Positive ratio: 0.485840
Epoch time: 3.49 seconds 

Epoch 24
----------------------------
loss: 0.000649 [  128/ 8064]
loss: 0.007703 [  640/ 8064]
loss: 0.001896 [ 1152/ 8064]
loss: 0.004536 [ 1664/ 8064]
loss: 0.001172 [ 2176/ 8064]
loss: 0.004200 [ 2688/ 8064]
loss: 0.001759 [ 3200/ 8064]
loss: 0.002740 [ 3712/ 8064]
loss: 0.004010 [ 4224/ 8064]
loss: 0.001961 [ 4736/ 8064]
loss: 0.001434 [ 5248/ 8064]
loss: 0.001463 [ 5760/ 8064]
loss: 0.002682 [ 6272/ 8064]
loss: 0.001038 [ 6784/ 8064]
loss: 0.001491 [ 7296/ 8064]
loss: 0.000823 [ 7808/ 8064]
Validation Error: 
Accuracy: 95.7%, Avg loss: 0.016959, Positive ratio: 0.487305
Epoch time: 3.51 seconds 

Epoch 25
----------------------------
loss: 0.000611 [  128/ 8064]
loss: 0.007628 [  640/ 8064]
loss: 0.002026 [ 1152/ 8064]
loss: 0.004077 [ 1664/ 8064]
loss: 0.000942 [ 2176/ 8064]
loss: 0.002743 [ 2688/ 8064]
loss: 0.001546 [ 3200/ 8064]
loss: 0.001966 [ 3712/ 8064]
loss: 0.004038 [ 4224/ 8064]
loss: 0.001327 [ 4736/ 8064]
loss: 0.000825 [ 5248/ 8064]
loss: 0.000999 [ 5760/ 8064]
loss: 0.002329 [ 6272/ 8064]
loss: 0.000677 [ 6784/ 8064]
loss: 0.001192 [ 7296/ 8064]
loss: 0.001056 [ 7808/ 8064]
Validation Error: 
Accuracy: 95.8%, Avg loss: 0.017724, Positive ratio: 0.485352
Epoch time: 3.43 seconds 

Epoch 26
----------------------------
loss: 0.000637 [  128/ 8064]
loss: 0.006227 [  640/ 8064]
loss: 0.001692 [ 1152/ 8064]
loss: 0.003990 [ 1664/ 8064]
loss: 0.000769 [ 2176/ 8064]
loss: 0.001987 [ 2688/ 8064]
loss: 0.001100 [ 3200/ 8064]
loss: 0.002502 [ 3712/ 8064]
loss: 0.004742 [ 4224/ 8064]
loss: 0.001053 [ 4736/ 8064]
loss: 0.000859 [ 5248/ 8064]
loss: 0.000978 [ 5760/ 8064]
loss: 0.001813 [ 6272/ 8064]
loss: 0.000526 [ 6784/ 8064]
loss: 0.000977 [ 7296/ 8064]
loss: 0.000651 [ 7808/ 8064]
Validation Error: 
Accuracy: 95.7%, Avg loss: 0.017210, Positive ratio: 0.489258
Epoch time: 3.47 seconds 

Epoch 27
----------------------------
loss: 0.000544 [  128/ 8064]
loss: 0.006118 [  640/ 8064]
loss: 0.001593 [ 1152/ 8064]
loss: 0.003110 [ 1664/ 8064]
loss: 0.000855 [ 2176/ 8064]
loss: 0.001418 [ 2688/ 8064]
loss: 0.000901 [ 3200/ 8064]
loss: 0.001485 [ 3712/ 8064]
loss: 0.003870 [ 4224/ 8064]
loss: 0.000853 [ 4736/ 8064]
loss: 0.000870 [ 5248/ 8064]
loss: 0.001210 [ 5760/ 8064]
loss: 0.001335 [ 6272/ 8064]
loss: 0.000499 [ 6784/ 8064]
loss: 0.001205 [ 7296/ 8064]
loss: 0.000592 [ 7808/ 8064]
Validation Error: 
Accuracy: 95.7%, Avg loss: 0.017444, Positive ratio: 0.489746
Epoch time: 3.51 seconds 

Epoch 28
----------------------------
loss: 0.000486 [  128/ 8064]
loss: 0.005265 [  640/ 8064]
loss: 0.001276 [ 1152/ 8064]
loss: 0.002505 [ 1664/ 8064]
loss: 0.000559 [ 2176/ 8064]
loss: 0.001572 [ 2688/ 8064]
loss: 0.001066 [ 3200/ 8064]
loss: 0.001537 [ 3712/ 8064]
loss: 0.003206 [ 4224/ 8064]
loss: 0.000664 [ 4736/ 8064]
loss: 0.001018 [ 5248/ 8064]
loss: 0.000910 [ 5760/ 8064]
loss: 0.001191 [ 6272/ 8064]
loss: 0.000438 [ 6784/ 8064]
loss: 0.001117 [ 7296/ 8064]
loss: 0.000518 [ 7808/ 8064]
Validation Error: 
Accuracy: 95.8%, Avg loss: 0.017547, Positive ratio: 0.489746
Epoch time: 3.48 seconds 

Epoch 29
----------------------------
loss: 0.000472 [  128/ 8064]
loss: 0.003765 [  640/ 8064]
loss: 0.000993 [ 1152/ 8064]
loss: 0.002513 [ 1664/ 8064]
loss: 0.000564 [ 2176/ 8064]
loss: 0.001221 [ 2688/ 8064]
loss: 0.000795 [ 3200/ 8064]
loss: 0.001365 [ 3712/ 8064]
loss: 0.003495 [ 4224/ 8064]
loss: 0.000695 [ 4736/ 8064]
loss: 0.000856 [ 5248/ 8064]
loss: 0.001073 [ 5760/ 8064]
loss: 0.001322 [ 6272/ 8064]
loss: 0.000417 [ 6784/ 8064]
loss: 0.000836 [ 7296/ 8064]
loss: 0.000480 [ 7808/ 8064]
Validation Error: 
Accuracy: 95.8%, Avg loss: 0.018271, Positive ratio: 0.482910
Epoch time: 3.46 seconds 

Epoch 30
----------------------------
loss: 0.000622 [  128/ 8064]
loss: 0.002512 [  640/ 8064]
loss: 0.001718 [ 1152/ 8064]
loss: 0.001974 [ 1664/ 8064]
loss: 0.000597 [ 2176/ 8064]
loss: 0.001280 [ 2688/ 8064]
loss: 0.000886 [ 3200/ 8064]
loss: 0.001219 [ 3712/ 8064]
loss: 0.003280 [ 4224/ 8064]
loss: 0.000603 [ 4736/ 8064]
loss: 0.002004 [ 5248/ 8064]
loss: 0.000693 [ 5760/ 8064]
loss: 0.000942 [ 6272/ 8064]
loss: 0.000466 [ 6784/ 8064]
loss: 0.000842 [ 7296/ 8064]
loss: 0.000513 [ 7808/ 8064]
Validation Error: 
Accuracy: 95.7%, Avg loss: 0.017802, Positive ratio: 0.485840
Epoch time: 3.44 seconds 

Epoch 31
----------------------------
loss: 0.000508 [  128/ 8064]
loss: 0.002828 [  640/ 8064]
loss: 0.001803 [ 1152/ 8064]
loss: 0.001146 [ 1664/ 8064]
loss: 0.000663 [ 2176/ 8064]
loss: 0.001015 [ 2688/ 8064]
loss: 0.000811 [ 3200/ 8064]
loss: 0.001198 [ 3712/ 8064]
loss: 0.003587 [ 4224/ 8064]
loss: 0.000451 [ 4736/ 8064]
loss: 0.001902 [ 5248/ 8064]
loss: 0.000570 [ 5760/ 8064]
loss: 0.000756 [ 6272/ 8064]
loss: 0.000420 [ 6784/ 8064]
loss: 0.000632 [ 7296/ 8064]
loss: 0.000743 [ 7808/ 8064]
Validation Error: 
Accuracy: 95.7%, Avg loss: 0.017763, Positive ratio: 0.486816
Epoch time: 3.42 seconds 

Epoch 32
----------------------------
loss: 0.000608 [  128/ 8064]
loss: 0.002066 [  640/ 8064]
loss: 0.001262 [ 1152/ 8064]
loss: 0.001197 [ 1664/ 8064]
loss: 0.000623 [ 2176/ 8064]
loss: 0.000865 [ 2688/ 8064]
loss: 0.000667 [ 3200/ 8064]
loss: 0.000854 [ 3712/ 8064]
loss: 0.003683 [ 4224/ 8064]
loss: 0.000547 [ 4736/ 8064]
loss: 0.002646 [ 5248/ 8064]
loss: 0.000577 [ 5760/ 8064]
loss: 0.000807 [ 6272/ 8064]
loss: 0.000419 [ 6784/ 8064]
loss: 0.000576 [ 7296/ 8064]
loss: 0.000585 [ 7808/ 8064]
Validation Error: 
Accuracy: 95.8%, Avg loss: 0.017741, Positive ratio: 0.486328
Epoch time: 3.43 seconds 

Epoch 33
----------------------------
loss: 0.000572 [  128/ 8064]
loss: 0.001560 [  640/ 8064]
loss: 0.001448 [ 1152/ 8064]
loss: 0.000847 [ 1664/ 8064]
loss: 0.000667 [ 2176/ 8064]
loss: 0.000943 [ 2688/ 8064]
loss: 0.000690 [ 3200/ 8064]
loss: 0.000804 [ 3712/ 8064]
loss: 0.003147 [ 4224/ 8064]
loss: 0.000525 [ 4736/ 8064]
loss: 0.001211 [ 5248/ 8064]
loss: 0.000653 [ 5760/ 8064]
loss: 0.000756 [ 6272/ 8064]
loss: 0.000432 [ 6784/ 8064]
loss: 0.000654 [ 7296/ 8064]
loss: 0.000533 [ 7808/ 8064]
Validation Error: 
Accuracy: 95.8%, Avg loss: 0.017740, Positive ratio: 0.486328
Epoch time: 3.45 seconds 

Epoch 34
----------------------------
loss: 0.000484 [  128/ 8064]
loss: 0.001584 [  640/ 8064]
loss: 0.001202 [ 1152/ 8064]
loss: 0.001092 [ 1664/ 8064]
loss: 0.000733 [ 2176/ 8064]
loss: 0.000792 [ 2688/ 8064]
loss: 0.000792 [ 3200/ 8064]
loss: 0.001155 [ 3712/ 8064]
loss: 0.003158 [ 4224/ 8064]
loss: 0.000441 [ 4736/ 8064]
loss: 0.001250 [ 5248/ 8064]
loss: 0.000642 [ 5760/ 8064]
loss: 0.000850 [ 6272/ 8064]
loss: 0.000400 [ 6784/ 8064]
loss: 0.000610 [ 7296/ 8064]
loss: 0.000508 [ 7808/ 8064]
Validation Error: 
Accuracy: 95.7%, Avg loss: 0.017762, Positive ratio: 0.486816
Epoch time: 3.49 seconds 

Epoch 35
----------------------------
loss: 0.000429 [  128/ 8064]
loss: 0.001538 [  640/ 8064]
loss: 0.001223 [ 1152/ 8064]
loss: 0.001006 [ 1664/ 8064]
loss: 0.000578 [ 2176/ 8064]
loss: 0.000788 [ 2688/ 8064]
loss: 0.000804 [ 3200/ 8064]
loss: 0.001010 [ 3712/ 8064]
loss: 0.004129 [ 4224/ 8064]
loss: 0.000475 [ 4736/ 8064]
loss: 0.001727 [ 5248/ 8064]
loss: 0.000713 [ 5760/ 8064]
loss: 0.000690 [ 6272/ 8064]
loss: 0.000475 [ 6784/ 8064]
loss: 0.000578 [ 7296/ 8064]
loss: 0.000481 [ 7808/ 8064]
Validation Error: 
Accuracy: 95.8%, Avg loss: 0.017753, Positive ratio: 0.486328
Epoch time: 3.50 seconds 

Epoch 36
----------------------------
loss: 0.000498 [  128/ 8064]
loss: 0.001402 [  640/ 8064]
loss: 0.001184 [ 1152/ 8064]
loss: 0.001171 [ 1664/ 8064]
loss: 0.000629 [ 2176/ 8064]
loss: 0.001339 [ 2688/ 8064]
loss: 0.000757 [ 3200/ 8064]
loss: 0.001156 [ 3712/ 8064]
loss: 0.002937 [ 4224/ 8064]
loss: 0.000399 [ 4736/ 8064]
loss: 0.001196 [ 5248/ 8064]
loss: 0.000743 [ 5760/ 8064]
loss: 0.000757 [ 6272/ 8064]
loss: 0.000522 [ 6784/ 8064]
loss: 0.000586 [ 7296/ 8064]
loss: 0.000580 [ 7808/ 8064]
Validation Error: 
Accuracy: 95.7%, Avg loss: 0.017716, Positive ratio: 0.487305
Epoch time: 3.49 seconds 

Epoch 37
----------------------------
loss: 0.000509 [  128/ 8064]
loss: 0.001845 [  640/ 8064]
loss: 0.001322 [ 1152/ 8064]
loss: 0.000987 [ 1664/ 8064]
loss: 0.000561 [ 2176/ 8064]
loss: 0.000794 [ 2688/ 8064]
loss: 0.000637 [ 3200/ 8064]
loss: 0.001089 [ 3712/ 8064]
loss: 0.002867 [ 4224/ 8064]
loss: 0.000444 [ 4736/ 8064]
loss: 0.001457 [ 5248/ 8064]
loss: 0.000587 [ 5760/ 8064]
loss: 0.000741 [ 6272/ 8064]
loss: 0.000376 [ 6784/ 8064]
loss: 0.000590 [ 7296/ 8064]
loss: 0.000594 [ 7808/ 8064]
Validation Error: 
Accuracy: 95.8%, Avg loss: 0.017759, Positive ratio: 0.486328
Early stopping with minimum validation loss of 0.01560251522460021, max accuracy of 0.95751953125
Done! Total training time: 2 minutes, 7.86 seconds, average epoch time: 0.13 seconds
