Using cuda device
==========================================================================================
Layer (type:depth-idx)                   Output Shape              Param #
==========================================================================================
CNN                                      [32, 100]                 --
├─Sequential: 1-1                        [32, 1, 128, 128, 12]     --
│    └─glp_rotation_stack: 2-1           [32, 1, 128, 128, 12]     --
├─Sequential: 1-2                        [32, 7680]                --
│    └─Sequential: 2-2                   [32, 16, 64, 64, 12]      --
│    │    └─Conv3d: 3-1                  [32, 16, 128, 128, 12]    160
│    │    └─LeakyReLU: 3-2               [32, 16, 128, 128, 12]    --
│    │    └─BatchNorm3d: 3-3             [32, 16, 128, 128, 12]    32
│    │    └─Conv3d: 3-4                  [32, 16, 128, 128, 12]    2,320
│    │    └─LeakyReLU: 3-5               [32, 16, 128, 128, 12]    --
│    │    └─BatchNorm3d: 3-6             [32, 16, 128, 128, 12]    32
│    │    └─MaxPool3d: 3-7               [32, 16, 64, 64, 12]      --
│    └─Sequential: 2-3                   [32, 32, 32, 32, 12]      --
│    │    └─Conv3d: 3-8                  [32, 32, 64, 64, 12]      4,640
│    │    └─LeakyReLU: 3-9               [32, 32, 64, 64, 12]      --
│    │    └─BatchNorm3d: 3-10            [32, 32, 64, 64, 12]      64
│    │    └─Conv3d: 3-11                 [32, 32, 64, 64, 12]      9,248
│    │    └─LeakyReLU: 3-12              [32, 32, 64, 64, 12]      --
│    │    └─BatchNorm3d: 3-13            [32, 32, 64, 64, 12]      64
│    │    └─MaxPool3d: 3-14              [32, 32, 32, 32, 12]      --
│    └─Sequential: 2-4                   [32, 64, 16, 16, 12]      --
│    │    └─Conv3d: 3-15                 [32, 64, 32, 32, 12]      18,496
│    │    └─LeakyReLU: 3-16              [32, 64, 32, 32, 12]      --
│    │    └─BatchNorm3d: 3-17            [32, 64, 32, 32, 12]      128
│    │    └─Conv3d: 3-18                 [32, 64, 32, 32, 12]      36,928
│    │    └─LeakyReLU: 3-19              [32, 64, 32, 32, 12]      --
│    │    └─BatchNorm3d: 3-20            [32, 64, 32, 32, 12]      128
│    │    └─MaxPool3d: 3-21              [32, 64, 16, 16, 12]      --
│    └─Sequential: 2-5                   [32, 128, 8, 8, 12]       --
│    │    └─Conv3d: 3-22                 [32, 128, 16, 16, 12]     73,856
│    │    └─LeakyReLU: 3-23              [32, 128, 16, 16, 12]     --
│    │    └─BatchNorm3d: 3-24            [32, 128, 16, 16, 12]     256
│    │    └─Conv3d: 3-25                 [32, 128, 16, 16, 12]     147,584
│    │    └─LeakyReLU: 3-26              [32, 128, 16, 16, 12]     --
│    │    └─BatchNorm3d: 3-27            [32, 128, 16, 16, 12]     256
│    │    └─MaxPool3d: 3-28              [32, 128, 8, 8, 12]       --
│    └─Sequential: 2-6                   [32, 20, 8, 8, 12]        --
│    │    └─Conv3d: 3-29                 [32, 20, 8, 8, 12]        2,580
│    │    └─LeakyReLU: 3-30              [32, 20, 8, 8, 12]        --
│    │    └─BatchNorm3d: 3-31            [32, 20, 8, 8, 12]        40
│    │    └─Conv3d: 3-32                 [32, 20, 8, 8, 12]        420
│    │    └─LeakyReLU: 3-33              [32, 20, 8, 8, 12]        --
│    │    └─BatchNorm3d: 3-34            [32, 20, 8, 8, 12]        40
│    │    └─MaxPool3d: 3-35              [32, 20, 8, 8, 12]        --
│    └─glp_rotation_pool: 2-7            [32, 20, 8, 8, 6]         --
│    └─Flatten: 2-8                      [32, 7680]                --
├─Sequential: 1-3                        [32, 100]                 --
│    └─Sequential: 2-9                   [32, 100]                 --
│    │    └─Linear: 3-36                 [32, 100]                 768,100
│    │    └─LeakyReLU: 3-37              [32, 100]                 --
│    │    └─Dropout: 3-38                [32, 100]                 --
│    │    └─BatchNorm1d: 3-39            [32, 100]                 200
│    └─Linear: 2-10                      [32, 100]                 10,100
├─Sigmoid: 1-4                           [32, 100]                 --
==========================================================================================
Total params: 1,075,672
Trainable params: 1,075,672
Non-trainable params: 0
Total mult-adds (G): 81.11
==========================================================================================
Input size (MB): 2.10
Forward/backward pass size (MB): 6055.60
Params size (MB): 4.30
Estimated Total Size (MB): 6062.00
==========================================================================================
Training CNN 

Epoch 1
----------------------------
loss: 0.106601 [   32/ 8000]
loss: 0.096448 [  544/ 8000]
loss: 0.086510 [ 1056/ 8000]
loss: 0.077430 [ 1568/ 8000]
loss: 0.070609 [ 2080/ 8000]
loss: 0.060064 [ 2592/ 8000]
loss: 0.052155 [ 3104/ 8000]
loss: 0.046288 [ 3616/ 8000]
loss: 0.034988 [ 4128/ 8000]
loss: 0.034055 [ 4640/ 8000]
loss: 0.026374 [ 5152/ 8000]
loss: 0.023742 [ 5664/ 8000]
loss: 0.017402 [ 6176/ 8000]
loss: 0.012398 [ 6688/ 8000]
loss: 0.010679 [ 7200/ 8000]
loss: 0.011163 [ 7712/ 8000]
Validation Error: 
Accuracy: 96.7%, Avg loss: 0.055218, Positive ratio: 0.496032
Validation loss improved, saving model
Epoch time: 20.98 seconds 

Epoch 2
----------------------------
loss: 0.010295 [   32/ 8000]
loss: 0.010162 [  544/ 8000]
loss: 0.017458 [ 1056/ 8000]
loss: 0.016691 [ 1568/ 8000]
loss: 0.014571 [ 2080/ 8000]
loss: 0.012582 [ 2592/ 8000]
loss: 0.015030 [ 3104/ 8000]
loss: 0.016956 [ 3616/ 8000]
loss: 0.007155 [ 4128/ 8000]
loss: 0.003395 [ 4640/ 8000]
loss: 0.008530 [ 5152/ 8000]
loss: 0.005589 [ 5664/ 8000]
loss: 0.009250 [ 6176/ 8000]
loss: 0.004330 [ 6688/ 8000]
loss: 0.002364 [ 7200/ 8000]
loss: 0.004640 [ 7712/ 8000]
Validation Error: 
Accuracy: 97.0%, Avg loss: 0.023336, Positive ratio: 0.503472
Validation loss improved, saving model
Epoch time: 20.89 seconds 

Epoch 3
----------------------------
loss: 0.007196 [   32/ 8000]
loss: 0.007310 [  544/ 8000]
loss: 0.003721 [ 1056/ 8000]
loss: 0.002091 [ 1568/ 8000]
loss: 0.009347 [ 2080/ 8000]
loss: 0.004534 [ 2592/ 8000]
loss: 0.002086 [ 3104/ 8000]
loss: 0.011163 [ 3616/ 8000]
loss: 0.007566 [ 4128/ 8000]
loss: 0.006555 [ 4640/ 8000]
loss: 0.004674 [ 5152/ 8000]
loss: 0.006866 [ 5664/ 8000]
loss: 0.001377 [ 6176/ 8000]
loss: 0.000852 [ 6688/ 8000]
loss: 0.000848 [ 7200/ 8000]
loss: 0.004325 [ 7712/ 8000]
Validation Error: 
Accuracy: 96.8%, Avg loss: 0.024014, Positive ratio: 0.499504
Epoch time: 20.90 seconds 

Epoch 4
----------------------------
loss: 0.002381 [   32/ 8000]
loss: 0.003911 [  544/ 8000]
loss: 0.003051 [ 1056/ 8000]
loss: 0.001976 [ 1568/ 8000]
loss: 0.009369 [ 2080/ 8000]
loss: 0.007196 [ 2592/ 8000]
loss: 0.001726 [ 3104/ 8000]
loss: 0.008910 [ 3616/ 8000]
loss: 0.004543 [ 4128/ 8000]
loss: 0.002848 [ 4640/ 8000]
loss: 0.001445 [ 5152/ 8000]
loss: 0.004912 [ 5664/ 8000]
loss: 0.000564 [ 6176/ 8000]
loss: 0.000430 [ 6688/ 8000]
loss: 0.000516 [ 7200/ 8000]
loss: 0.000974 [ 7712/ 8000]
Validation Error: 
Accuracy: 97.6%, Avg loss: 0.015054, Positive ratio: 0.496528
Validation loss improved, saving model
Epoch time: 20.82 seconds 

Epoch 5
----------------------------
loss: 0.000818 [   32/ 8000]
loss: 0.005824 [  544/ 8000]
loss: 0.002312 [ 1056/ 8000]
loss: 0.001585 [ 1568/ 8000]
loss: 0.009161 [ 2080/ 8000]
loss: 0.008491 [ 2592/ 8000]
loss: 0.000884 [ 3104/ 8000]
loss: 0.003650 [ 3616/ 8000]
loss: 0.000753 [ 4128/ 8000]
loss: 0.001125 [ 4640/ 8000]
loss: 0.001594 [ 5152/ 8000]
loss: 0.004586 [ 5664/ 8000]
loss: 0.000393 [ 6176/ 8000]
loss: 0.000323 [ 6688/ 8000]
loss: 0.000295 [ 7200/ 8000]
loss: 0.000807 [ 7712/ 8000]
Validation Error: 
Accuracy: 84.1%, Avg loss: 0.128500, Positive ratio: 0.502480
Epoch time: 20.85 seconds 

Epoch 6
----------------------------
loss: 0.008995 [   32/ 8000]
loss: 0.008061 [  544/ 8000]
loss: 0.003948 [ 1056/ 8000]
loss: 0.004650 [ 1568/ 8000]
loss: 0.009396 [ 2080/ 8000]
loss: 0.007863 [ 2592/ 8000]
loss: 0.000508 [ 3104/ 8000]
loss: 0.005833 [ 3616/ 8000]
loss: 0.000850 [ 4128/ 8000]
loss: 0.002958 [ 4640/ 8000]
loss: 0.002681 [ 5152/ 8000]
loss: 0.003548 [ 5664/ 8000]
loss: 0.000277 [ 6176/ 8000]
loss: 0.000288 [ 6688/ 8000]
loss: 0.002392 [ 7200/ 8000]
loss: 0.002215 [ 7712/ 8000]
Validation Error: 
Accuracy: 97.1%, Avg loss: 0.022088, Positive ratio: 0.500000
Epoch time: 20.91 seconds 

Epoch 7
----------------------------
loss: 0.000893 [   32/ 8000]
loss: 0.010290 [  544/ 8000]
loss: 0.001530 [ 1056/ 8000]
loss: 0.000266 [ 1568/ 8000]
loss: 0.007903 [ 2080/ 8000]
loss: 0.005653 [ 2592/ 8000]
loss: 0.000514 [ 3104/ 8000]
loss: 0.006636 [ 3616/ 8000]
loss: 0.000865 [ 4128/ 8000]
loss: 0.002374 [ 4640/ 8000]
loss: 0.000818 [ 5152/ 8000]
loss: 0.001395 [ 5664/ 8000]
loss: 0.000205 [ 6176/ 8000]
loss: 0.000146 [ 6688/ 8000]
loss: 0.000197 [ 7200/ 8000]
loss: 0.000178 [ 7712/ 8000]
Validation Error: 
Accuracy: 96.8%, Avg loss: 0.020822, Positive ratio: 0.499008
Epoch time: 20.87 seconds 

Epoch 8
----------------------------
loss: 0.000567 [   32/ 8000]
loss: 0.003039 [  544/ 8000]
loss: 0.000464 [ 1056/ 8000]
loss: 0.000974 [ 1568/ 8000]
loss: 0.007936 [ 2080/ 8000]
loss: 0.003714 [ 2592/ 8000]
loss: 0.000323 [ 3104/ 8000]
loss: 0.002520 [ 3616/ 8000]
loss: 0.001033 [ 4128/ 8000]
loss: 0.000193 [ 4640/ 8000]
loss: 0.000272 [ 5152/ 8000]
loss: 0.004554 [ 5664/ 8000]
loss: 0.000140 [ 6176/ 8000]
loss: 0.000481 [ 6688/ 8000]
loss: 0.000261 [ 7200/ 8000]
loss: 0.000695 [ 7712/ 8000]
Validation Error: 
Accuracy: 94.6%, Avg loss: 0.044426, Positive ratio: 0.498016
Epoch time: 20.85 seconds 

Epoch 9
----------------------------
loss: 0.000218 [   32/ 8000]
loss: 0.004162 [  544/ 8000]
loss: 0.000557 [ 1056/ 8000]
loss: 0.000224 [ 1568/ 8000]
loss: 0.007490 [ 2080/ 8000]
loss: 0.002510 [ 2592/ 8000]
loss: 0.000505 [ 3104/ 8000]
loss: 0.006625 [ 3616/ 8000]
loss: 0.000962 [ 4128/ 8000]
loss: 0.002227 [ 4640/ 8000]
loss: 0.002272 [ 5152/ 8000]
loss: 0.000965 [ 5664/ 8000]
loss: 0.000226 [ 6176/ 8000]
loss: 0.002497 [ 6688/ 8000]
loss: 0.005846 [ 7200/ 8000]
loss: 0.000816 [ 7712/ 8000]
Validation Error: 
Accuracy: 96.9%, Avg loss: 0.021579, Positive ratio: 0.496032
Epoch time: 20.88 seconds 

Epoch 10
----------------------------
loss: 0.006701 [   32/ 8000]
loss: 0.000241 [  544/ 8000]
loss: 0.002443 [ 1056/ 8000]
loss: 0.000618 [ 1568/ 8000]
loss: 0.008760 [ 2080/ 8000]
loss: 0.005801 [ 2592/ 8000]
loss: 0.000279 [ 3104/ 8000]
loss: 0.001046 [ 3616/ 8000]
loss: 0.000707 [ 4128/ 8000]
loss: 0.000197 [ 4640/ 8000]
loss: 0.000563 [ 5152/ 8000]
loss: 0.007282 [ 5664/ 8000]
loss: 0.000300 [ 6176/ 8000]
loss: 0.005111 [ 6688/ 8000]
loss: 0.000324 [ 7200/ 8000]
loss: 0.000490 [ 7712/ 8000]
Validation Error: 
Accuracy: 97.9%, Avg loss: 0.010771, Positive ratio: 0.497024
Validation loss improved, saving model
Epoch time: 20.92 seconds 

Epoch 11
----------------------------
loss: 0.000380 [   32/ 8000]
loss: 0.007719 [  544/ 8000]
loss: 0.001385 [ 1056/ 8000]
loss: 0.000498 [ 1568/ 8000]
loss: 0.007163 [ 2080/ 8000]
loss: 0.002086 [ 2592/ 8000]
loss: 0.000221 [ 3104/ 8000]
loss: 0.004155 [ 3616/ 8000]
loss: 0.000827 [ 4128/ 8000]
loss: 0.000534 [ 4640/ 8000]
loss: 0.002958 [ 5152/ 8000]
loss: 0.002946 [ 5664/ 8000]
loss: 0.000300 [ 6176/ 8000]
loss: 0.000058 [ 6688/ 8000]
loss: 0.000103 [ 7200/ 8000]
loss: 0.000608 [ 7712/ 8000]
Validation Error: 
Accuracy: 97.6%, Avg loss: 0.014473, Positive ratio: 0.494544
Epoch time: 20.90 seconds 

Epoch 12
----------------------------
loss: 0.000794 [   32/ 8000]
loss: 0.006331 [  544/ 8000]
loss: 0.000263 [ 1056/ 8000]
loss: 0.000042 [ 1568/ 8000]
loss: 0.001121 [ 2080/ 8000]
loss: 0.004724 [ 2592/ 8000]
loss: 0.000406 [ 3104/ 8000]
loss: 0.002531 [ 3616/ 8000]
loss: 0.001784 [ 4128/ 8000]
loss: 0.000098 [ 4640/ 8000]
loss: 0.000178 [ 5152/ 8000]
loss: 0.002714 [ 5664/ 8000]
loss: 0.000147 [ 6176/ 8000]
loss: 0.000071 [ 6688/ 8000]
loss: 0.000151 [ 7200/ 8000]
loss: 0.000100 [ 7712/ 8000]
Validation Error: 
Accuracy: 97.5%, Avg loss: 0.015681, Positive ratio: 0.494048
Epoch time: 20.88 seconds 

Epoch 13
----------------------------
loss: 0.000225 [   32/ 8000]
loss: 0.001758 [  544/ 8000]
loss: 0.009258 [ 1056/ 8000]
loss: 0.003125 [ 1568/ 8000]
loss: 0.003710 [ 2080/ 8000]
loss: 0.003236 [ 2592/ 8000]
loss: 0.000783 [ 3104/ 8000]
loss: 0.000758 [ 3616/ 8000]
loss: 0.001078 [ 4128/ 8000]
loss: 0.000347 [ 4640/ 8000]
loss: 0.000143 [ 5152/ 8000]
loss: 0.005624 [ 5664/ 8000]
loss: 0.000197 [ 6176/ 8000]
loss: 0.000102 [ 6688/ 8000]
loss: 0.000090 [ 7200/ 8000]
loss: 0.000106 [ 7712/ 8000]
Validation Error: 
Accuracy: 97.3%, Avg loss: 0.016930, Positive ratio: 0.495536
Epoch time: 20.80 seconds 

Epoch 14
----------------------------
loss: 0.000939 [   32/ 8000]
loss: 0.003706 [  544/ 8000]
loss: 0.000400 [ 1056/ 8000]
loss: 0.000139 [ 1568/ 8000]
loss: 0.000093 [ 2080/ 8000]
loss: 0.001380 [ 2592/ 8000]
loss: 0.000163 [ 3104/ 8000]
loss: 0.000901 [ 3616/ 8000]
loss: 0.000169 [ 4128/ 8000]
loss: 0.000073 [ 4640/ 8000]
loss: 0.000970 [ 5152/ 8000]
loss: 0.000607 [ 5664/ 8000]
loss: 0.000083 [ 6176/ 8000]
loss: 0.000151 [ 6688/ 8000]
loss: 0.000090 [ 7200/ 8000]
loss: 0.000100 [ 7712/ 8000]
Validation Error: 
Accuracy: 95.8%, Avg loss: 0.028558, Positive ratio: 0.488591
Epoch time: 20.83 seconds 

Epoch 15
----------------------------
loss: 0.000639 [   32/ 8000]
loss: 0.000235 [  544/ 8000]
loss: 0.000108 [ 1056/ 8000]
loss: 0.000353 [ 1568/ 8000]
loss: 0.000091 [ 2080/ 8000]
loss: 0.010709 [ 2592/ 8000]
loss: 0.000176 [ 3104/ 8000]
loss: 0.001829 [ 3616/ 8000]
loss: 0.001524 [ 4128/ 8000]
loss: 0.000078 [ 4640/ 8000]
loss: 0.001927 [ 5152/ 8000]
loss: 0.001991 [ 5664/ 8000]
loss: 0.000063 [ 6176/ 8000]
loss: 0.000106 [ 6688/ 8000]
loss: 0.000063 [ 7200/ 8000]
loss: 0.001779 [ 7712/ 8000]
Validation Error: 
Accuracy: 96.8%, Avg loss: 0.024677, Positive ratio: 0.503472
Epoch time: 20.77 seconds 

Epoch 16
----------------------------
loss: 0.000173 [   32/ 8000]
loss: 0.003541 [  544/ 8000]
loss: 0.000284 [ 1056/ 8000]
loss: 0.000044 [ 1568/ 8000]
loss: 0.000177 [ 2080/ 8000]
loss: 0.001736 [ 2592/ 8000]
loss: 0.000197 [ 3104/ 8000]
loss: 0.001439 [ 3616/ 8000]
loss: 0.001037 [ 4128/ 8000]
loss: 0.000177 [ 4640/ 8000]
loss: 0.000846 [ 5152/ 8000]
loss: 0.002149 [ 5664/ 8000]
loss: 0.000050 [ 6176/ 8000]
loss: 0.005210 [ 6688/ 8000]
loss: 0.000183 [ 7200/ 8000]
loss: 0.000028 [ 7712/ 8000]
Validation Error: 
Accuracy: 96.9%, Avg loss: 0.019796, Positive ratio: 0.496032
Epoch time: 20.91 seconds 

Epoch 17
----------------------------
loss: 0.000069 [   32/ 8000]
loss: 0.000649 [  544/ 8000]
loss: 0.000308 [ 1056/ 8000]
loss: 0.000269 [ 1568/ 8000]
loss: 0.010896 [ 2080/ 8000]
loss: 0.016137 [ 2592/ 8000]
loss: 0.000139 [ 3104/ 8000]
loss: 0.000470 [ 3616/ 8000]
loss: 0.007411 [ 4128/ 8000]
loss: 0.000112 [ 4640/ 8000]
loss: 0.000144 [ 5152/ 8000]
loss: 0.000578 [ 5664/ 8000]
loss: 0.000142 [ 6176/ 8000]
loss: 0.004102 [ 6688/ 8000]
loss: 0.000133 [ 7200/ 8000]
loss: 0.000802 [ 7712/ 8000]
Validation Error: 
Accuracy: 97.6%, Avg loss: 0.015138, Positive ratio: 0.497024
Epoch time: 20.88 seconds 

Epoch 18
----------------------------
loss: 0.000071 [   32/ 8000]
loss: 0.000251 [  544/ 8000]
loss: 0.001776 [ 1056/ 8000]
loss: 0.000053 [ 1568/ 8000]
loss: 0.008073 [ 2080/ 8000]
loss: 0.011432 [ 2592/ 8000]
loss: 0.000230 [ 3104/ 8000]
loss: 0.002640 [ 3616/ 8000]
loss: 0.012267 [ 4128/ 8000]
loss: 0.000193 [ 4640/ 8000]
loss: 0.000074 [ 5152/ 8000]
loss: 0.001171 [ 5664/ 8000]
loss: 0.000033 [ 6176/ 8000]
loss: 0.000183 [ 6688/ 8000]
loss: 0.000033 [ 7200/ 8000]
loss: 0.000218 [ 7712/ 8000]
Validation Error: 
Accuracy: 95.5%, Avg loss: 0.034020, Positive ratio: 0.502976
Epoch time: 20.87 seconds 

Epoch 19
----------------------------
loss: 0.000053 [   32/ 8000]
loss: 0.000239 [  544/ 8000]
loss: 0.000182 [ 1056/ 8000]
loss: 0.000292 [ 1568/ 8000]
loss: 0.004648 [ 2080/ 8000]
loss: 0.005429 [ 2592/ 8000]
loss: 0.000183 [ 3104/ 8000]
loss: 0.002154 [ 3616/ 8000]
loss: 0.001220 [ 4128/ 8000]
loss: 0.000066 [ 4640/ 8000]
loss: 0.000361 [ 5152/ 8000]
loss: 0.003209 [ 5664/ 8000]
loss: 0.000017 [ 6176/ 8000]
loss: 0.000028 [ 6688/ 8000]
loss: 0.000028 [ 7200/ 8000]
loss: 0.000059 [ 7712/ 8000]
Validation Error: 
Accuracy: 97.5%, Avg loss: 0.015337, Positive ratio: 0.495536
Epoch time: 20.90 seconds 

Epoch 20
----------------------------
loss: 0.000061 [   32/ 8000]
loss: 0.001138 [  544/ 8000]
loss: 0.000121 [ 1056/ 8000]
loss: 0.000014 [ 1568/ 8000]
loss: 0.009478 [ 2080/ 8000]
loss: 0.002682 [ 2592/ 8000]
loss: 0.000114 [ 3104/ 8000]
loss: 0.000617 [ 3616/ 8000]
loss: 0.000961 [ 4128/ 8000]
loss: 0.000043 [ 4640/ 8000]
loss: 0.000144 [ 5152/ 8000]
loss: 0.000426 [ 5664/ 8000]
loss: 0.000024 [ 6176/ 8000]
loss: 0.000023 [ 6688/ 8000]
loss: 0.000039 [ 7200/ 8000]
loss: 0.000067 [ 7712/ 8000]
Validation Error: 
Accuracy: 97.5%, Avg loss: 0.015512, Positive ratio: 0.501488
Epoch time: 20.90 seconds 

Epoch 21
----------------------------
loss: 0.000034 [   32/ 8000]
loss: 0.000076 [  544/ 8000]
loss: 0.000082 [ 1056/ 8000]
loss: 0.000037 [ 1568/ 8000]
loss: 0.000332 [ 2080/ 8000]
loss: 0.000129 [ 2592/ 8000]
loss: 0.000172 [ 3104/ 8000]
loss: 0.000194 [ 3616/ 8000]
loss: 0.000396 [ 4128/ 8000]
loss: 0.000037 [ 4640/ 8000]
loss: 0.000178 [ 5152/ 8000]
loss: 0.000470 [ 5664/ 8000]
loss: 0.000021 [ 6176/ 8000]
loss: 0.000015 [ 6688/ 8000]
loss: 0.000060 [ 7200/ 8000]
loss: 0.000047 [ 7712/ 8000]
Validation Error: 
Accuracy: 97.1%, Avg loss: 0.018572, Positive ratio: 0.500496
Epoch time: 20.90 seconds 

Epoch 22
----------------------------
loss: 0.000050 [   32/ 8000]
loss: 0.000144 [  544/ 8000]
loss: 0.000557 [ 1056/ 8000]
loss: 0.000433 [ 1568/ 8000]
loss: 0.000997 [ 2080/ 8000]
loss: 0.000198 [ 2592/ 8000]
loss: 0.000071 [ 3104/ 8000]
loss: 0.001573 [ 3616/ 8000]
loss: 0.000072 [ 4128/ 8000]
loss: 0.000032 [ 4640/ 8000]
loss: 0.000208 [ 5152/ 8000]
loss: 0.000095 [ 5664/ 8000]
loss: 0.000019 [ 6176/ 8000]
loss: 0.000026 [ 6688/ 8000]
loss: 0.000026 [ 7200/ 8000]
loss: 0.000035 [ 7712/ 8000]
Validation Error: 
Accuracy: 98.1%, Avg loss: 0.010624, Positive ratio: 0.499008
Validation loss improved, saving model
Epoch time: 20.89 seconds 

Epoch 23
----------------------------
loss: 0.000024 [   32/ 8000]
loss: 0.000178 [  544/ 8000]
loss: 0.000030 [ 1056/ 8000]
loss: 0.000017 [ 1568/ 8000]
loss: 0.000057 [ 2080/ 8000]
loss: 0.000138 [ 2592/ 8000]
loss: 0.000061 [ 3104/ 8000]
loss: 0.000144 [ 3616/ 8000]
loss: 0.000069 [ 4128/ 8000]
loss: 0.000019 [ 4640/ 8000]
loss: 0.000199 [ 5152/ 8000]
loss: 0.000101 [ 5664/ 8000]
loss: 0.000015 [ 6176/ 8000]
loss: 0.000030 [ 6688/ 8000]
loss: 0.000015 [ 7200/ 8000]
loss: 0.000030 [ 7712/ 8000]
Validation Error: 
Accuracy: 98.2%, Avg loss: 0.010403, Positive ratio: 0.500496
Validation loss improved, saving model
Epoch time: 20.92 seconds 

Epoch 24
----------------------------
loss: 0.000014 [   32/ 8000]
loss: 0.000129 [  544/ 8000]
loss: 0.000077 [ 1056/ 8000]
loss: 0.000016 [ 1568/ 8000]
loss: 0.000044 [ 2080/ 8000]
loss: 0.000112 [ 2592/ 8000]
loss: 0.000058 [ 3104/ 8000]
loss: 0.000289 [ 3616/ 8000]
loss: 0.000046 [ 4128/ 8000]
loss: 0.000019 [ 4640/ 8000]
loss: 0.000367 [ 5152/ 8000]
loss: 0.000073 [ 5664/ 8000]
loss: 0.000021 [ 6176/ 8000]
loss: 0.000025 [ 6688/ 8000]
loss: 0.000012 [ 7200/ 8000]
loss: 0.000026 [ 7712/ 8000]
Validation Error: 
Accuracy: 98.0%, Avg loss: 0.009919, Positive ratio: 0.498512
Validation loss improved, saving model
Epoch time: 20.90 seconds 

Epoch 25
----------------------------
loss: 0.000018 [   32/ 8000]
loss: 0.000145 [  544/ 8000]
loss: 0.000053 [ 1056/ 8000]
loss: 0.000016 [ 1568/ 8000]
loss: 0.000039 [ 2080/ 8000]
loss: 0.000118 [ 2592/ 8000]
loss: 0.000063 [ 3104/ 8000]
loss: 0.000143 [ 3616/ 8000]
loss: 0.000053 [ 4128/ 8000]
loss: 0.000020 [ 4640/ 8000]
loss: 0.000204 [ 5152/ 8000]
loss: 0.000108 [ 5664/ 8000]
loss: 0.000009 [ 6176/ 8000]
loss: 0.000024 [ 6688/ 8000]
loss: 0.000014 [ 7200/ 8000]
loss: 0.000026 [ 7712/ 8000]
Validation Error: 
Accuracy: 98.1%, Avg loss: 0.009913, Positive ratio: 0.498512
Epoch time: 20.91 seconds 

Epoch 26
----------------------------
loss: 0.000023 [   32/ 8000]
loss: 0.000155 [  544/ 8000]
loss: 0.000055 [ 1056/ 8000]
loss: 0.000009 [ 1568/ 8000]
loss: 0.000038 [ 2080/ 8000]
loss: 0.000054 [ 2592/ 8000]
loss: 0.000077 [ 3104/ 8000]
loss: 0.000067 [ 3616/ 8000]
loss: 0.000058 [ 4128/ 8000]
loss: 0.000013 [ 4640/ 8000]
loss: 0.000132 [ 5152/ 8000]
loss: 0.000072 [ 5664/ 8000]
loss: 0.000013 [ 6176/ 8000]
loss: 0.000017 [ 6688/ 8000]
loss: 0.000013 [ 7200/ 8000]
loss: 0.000031 [ 7712/ 8000]
Validation Error: 
Accuracy: 98.1%, Avg loss: 0.009804, Positive ratio: 0.499504
Validation loss improved, saving model
Epoch time: 20.88 seconds 

Epoch 27
----------------------------
loss: 0.000014 [   32/ 8000]
loss: 0.000177 [  544/ 8000]
loss: 0.000058 [ 1056/ 8000]
loss: 0.000016 [ 1568/ 8000]
loss: 0.000034 [ 2080/ 8000]
loss: 0.000067 [ 2592/ 8000]
loss: 0.000048 [ 3104/ 8000]
loss: 0.000241 [ 3616/ 8000]
loss: 0.000045 [ 4128/ 8000]
loss: 0.000012 [ 4640/ 8000]
loss: 0.000117 [ 5152/ 8000]
loss: 0.000126 [ 5664/ 8000]
loss: 0.000021 [ 6176/ 8000]
loss: 0.000010 [ 6688/ 8000]
loss: 0.000013 [ 7200/ 8000]
loss: 0.000024 [ 7712/ 8000]
Validation Error: 
Accuracy: 98.2%, Avg loss: 0.009910, Positive ratio: 0.500000
Epoch time: 20.92 seconds 

Epoch 28
----------------------------
loss: 0.000018 [   32/ 8000]
loss: 0.000137 [  544/ 8000]
loss: 0.000072 [ 1056/ 8000]
loss: 0.000010 [ 1568/ 8000]
loss: 0.000036 [ 2080/ 8000]
loss: 0.000077 [ 2592/ 8000]
loss: 0.000051 [ 3104/ 8000]
loss: 0.000063 [ 3616/ 8000]
loss: 0.000030 [ 4128/ 8000]
loss: 0.000013 [ 4640/ 8000]
loss: 0.000072 [ 5152/ 8000]
loss: 0.000068 [ 5664/ 8000]
loss: 0.000016 [ 6176/ 8000]
loss: 0.000016 [ 6688/ 8000]
loss: 0.000008 [ 7200/ 8000]
loss: 0.000019 [ 7712/ 8000]
Validation Error: 
Accuracy: 98.2%, Avg loss: 0.009453, Positive ratio: 0.499008
Validation loss improved, saving model
Epoch time: 20.94 seconds 

Epoch 29
----------------------------
loss: 0.000020 [   32/ 8000]
loss: 0.000092 [  544/ 8000]
loss: 0.000076 [ 1056/ 8000]
loss: 0.000010 [ 1568/ 8000]
loss: 0.000030 [ 2080/ 8000]
loss: 0.000129 [ 2592/ 8000]
loss: 0.000115 [ 3104/ 8000]
loss: 0.000104 [ 3616/ 8000]
loss: 0.000043 [ 4128/ 8000]
loss: 0.000011 [ 4640/ 8000]
loss: 0.000067 [ 5152/ 8000]
loss: 0.000093 [ 5664/ 8000]
loss: 0.000029 [ 6176/ 8000]
loss: 0.000020 [ 6688/ 8000]
loss: 0.000011 [ 7200/ 8000]
loss: 0.000032 [ 7712/ 8000]
Validation Error: 
Accuracy: 98.2%, Avg loss: 0.009676, Positive ratio: 0.499008
Epoch time: 20.92 seconds 

Epoch 30
----------------------------
loss: 0.000017 [   32/ 8000]
loss: 0.000115 [  544/ 8000]
loss: 0.000074 [ 1056/ 8000]
loss: 0.000009 [ 1568/ 8000]
loss: 0.000020 [ 2080/ 8000]
loss: 0.000135 [ 2592/ 8000]
loss: 0.000071 [ 3104/ 8000]
loss: 0.000240 [ 3616/ 8000]
loss: 0.000048 [ 4128/ 8000]
loss: 0.000011 [ 4640/ 8000]
loss: 0.000110 [ 5152/ 8000]
loss: 0.000059 [ 5664/ 8000]
loss: 0.000010 [ 6176/ 8000]
loss: 0.000012 [ 6688/ 8000]
loss: 0.000009 [ 7200/ 8000]
loss: 0.000022 [ 7712/ 8000]
Validation Error: 
Accuracy: 98.2%, Avg loss: 0.009549, Positive ratio: 0.500000
Epoch time: 20.87 seconds 

Epoch 31
----------------------------
loss: 0.000017 [   32/ 8000]
loss: 0.000045 [  544/ 8000]
loss: 0.000039 [ 1056/ 8000]
loss: 0.000020 [ 1568/ 8000]
loss: 0.000014 [ 2080/ 8000]
loss: 0.000032 [ 2592/ 8000]
loss: 0.000041 [ 3104/ 8000]
loss: 0.000119 [ 3616/ 8000]
loss: 0.000029 [ 4128/ 8000]
loss: 0.000010 [ 4640/ 8000]
loss: 0.000136 [ 5152/ 8000]
loss: 0.000059 [ 5664/ 8000]
loss: 0.000011 [ 6176/ 8000]
loss: 0.000008 [ 6688/ 8000]
loss: 0.000010 [ 7200/ 8000]
loss: 0.000022 [ 7712/ 8000]
Validation Error: 
Accuracy: 98.2%, Avg loss: 0.009604, Positive ratio: 0.499008
Epoch time: 20.87 seconds 

Epoch 32
----------------------------
loss: 0.000014 [   32/ 8000]
loss: 0.000107 [  544/ 8000]
loss: 0.000069 [ 1056/ 8000]
loss: 0.000006 [ 1568/ 8000]
loss: 0.000016 [ 2080/ 8000]
loss: 0.000025 [ 2592/ 8000]
loss: 0.000050 [ 3104/ 8000]
loss: 0.000131 [ 3616/ 8000]
loss: 0.000038 [ 4128/ 8000]
loss: 0.000010 [ 4640/ 8000]
loss: 0.000084 [ 5152/ 8000]
loss: 0.000055 [ 5664/ 8000]
loss: 0.000007 [ 6176/ 8000]
loss: 0.000011 [ 6688/ 8000]
loss: 0.000011 [ 7200/ 8000]
loss: 0.000024 [ 7712/ 8000]
Validation Error: 
Accuracy: 98.2%, Avg loss: 0.009586, Positive ratio: 0.499008
Epoch time: 20.90 seconds 

Epoch 33
----------------------------
loss: 0.000008 [   32/ 8000]
loss: 0.000106 [  544/ 8000]
loss: 0.000055 [ 1056/ 8000]
loss: 0.000008 [ 1568/ 8000]
loss: 0.000027 [ 2080/ 8000]
loss: 0.000029 [ 2592/ 8000]
loss: 0.000046 [ 3104/ 8000]
loss: 0.000074 [ 3616/ 8000]
loss: 0.000051 [ 4128/ 8000]
loss: 0.000013 [ 4640/ 8000]
loss: 0.000084 [ 5152/ 8000]
loss: 0.000056 [ 5664/ 8000]
loss: 0.000016 [ 6176/ 8000]
loss: 0.000008 [ 6688/ 8000]
loss: 0.000008 [ 7200/ 8000]
loss: 0.000013 [ 7712/ 8000]
Validation Error: 
Accuracy: 98.2%, Avg loss: 0.009574, Positive ratio: 0.499008
Epoch time: 20.87 seconds 

Epoch 34
----------------------------
loss: 0.000016 [   32/ 8000]
loss: 0.000051 [  544/ 8000]
loss: 0.000031 [ 1056/ 8000]
loss: 0.000010 [ 1568/ 8000]
loss: 0.000019 [ 2080/ 8000]
loss: 0.000044 [ 2592/ 8000]
loss: 0.000074 [ 3104/ 8000]
loss: 0.000085 [ 3616/ 8000]
loss: 0.000016 [ 4128/ 8000]
loss: 0.000009 [ 4640/ 8000]
loss: 0.000059 [ 5152/ 8000]
loss: 0.000063 [ 5664/ 8000]
loss: 0.000016 [ 6176/ 8000]
loss: 0.000010 [ 6688/ 8000]
loss: 0.000012 [ 7200/ 8000]
loss: 0.000022 [ 7712/ 8000]
Validation Error: 
Accuracy: 98.2%, Avg loss: 0.009795, Positive ratio: 0.499008
Epoch time: 20.92 seconds 

Epoch 35
----------------------------
loss: 0.000014 [   32/ 8000]
loss: 0.000082 [  544/ 8000]
loss: 0.000054 [ 1056/ 8000]
loss: 0.000010 [ 1568/ 8000]
loss: 0.000010 [ 2080/ 8000]
loss: 0.000053 [ 2592/ 8000]
loss: 0.000040 [ 3104/ 8000]
loss: 0.000062 [ 3616/ 8000]
loss: 0.000022 [ 4128/ 8000]
loss: 0.000012 [ 4640/ 8000]
loss: 0.000068 [ 5152/ 8000]
loss: 0.000067 [ 5664/ 8000]
loss: 0.000011 [ 6176/ 8000]
loss: 0.000007 [ 6688/ 8000]
loss: 0.000008 [ 7200/ 8000]
loss: 0.000019 [ 7712/ 8000]
Validation Error: 
Accuracy: 98.2%, Avg loss: 0.009791, Positive ratio: 0.499008
Epoch time: 20.87 seconds 

Epoch 36
----------------------------
loss: 0.000011 [   32/ 8000]
loss: 0.000053 [  544/ 8000]
loss: 0.000027 [ 1056/ 8000]
loss: 0.000007 [ 1568/ 8000]
loss: 0.000013 [ 2080/ 8000]
loss: 0.000078 [ 2592/ 8000]
loss: 0.000041 [ 3104/ 8000]
loss: 0.000087 [ 3616/ 8000]
loss: 0.000021 [ 4128/ 8000]
loss: 0.000011 [ 4640/ 8000]
loss: 0.000038 [ 5152/ 8000]
loss: 0.000054 [ 5664/ 8000]
loss: 0.000012 [ 6176/ 8000]
loss: 0.000007 [ 6688/ 8000]
loss: 0.000009 [ 7200/ 8000]
loss: 0.000013 [ 7712/ 8000]
Validation Error: 
Accuracy: 98.2%, Avg loss: 0.009755, Positive ratio: 0.499008
Epoch time: 20.88 seconds 

Epoch 37
----------------------------
loss: 0.000011 [   32/ 8000]
loss: 0.000046 [  544/ 8000]
loss: 0.000048 [ 1056/ 8000]
loss: 0.000009 [ 1568/ 8000]
loss: 0.000026 [ 2080/ 8000]
loss: 0.000040 [ 2592/ 8000]
loss: 0.000040 [ 3104/ 8000]
loss: 0.000074 [ 3616/ 8000]
loss: 0.000021 [ 4128/ 8000]
loss: 0.000009 [ 4640/ 8000]
loss: 0.000051 [ 5152/ 8000]
loss: 0.000038 [ 5664/ 8000]
loss: 0.000013 [ 6176/ 8000]
loss: 0.000016 [ 6688/ 8000]
loss: 0.000007 [ 7200/ 8000]
loss: 0.000015 [ 7712/ 8000]
Validation Error: 
Accuracy: 98.2%, Avg loss: 0.009749, Positive ratio: 0.499008
Epoch time: 20.87 seconds 

Epoch 38
----------------------------
loss: 0.000013 [   32/ 8000]
loss: 0.000041 [  544/ 8000]
loss: 0.000039 [ 1056/ 8000]
loss: 0.000009 [ 1568/ 8000]
loss: 0.000013 [ 2080/ 8000]
loss: 0.000059 [ 2592/ 8000]
loss: 0.000039 [ 3104/ 8000]
loss: 0.000079 [ 3616/ 8000]
loss: 0.000055 [ 4128/ 8000]
loss: 0.000010 [ 4640/ 8000]
loss: 0.000045 [ 5152/ 8000]
loss: 0.000039 [ 5664/ 8000]
loss: 0.000010 [ 6176/ 8000]
loss: 0.000008 [ 6688/ 8000]
loss: 0.000010 [ 7200/ 8000]
loss: 0.000017 [ 7712/ 8000]
Validation Error: 
Accuracy: 98.2%, Avg loss: 0.009820, Positive ratio: 0.499008
Epoch time: 20.95 seconds 

Epoch 39
----------------------------
loss: 0.000013 [   32/ 8000]
loss: 0.000040 [  544/ 8000]
loss: 0.000025 [ 1056/ 8000]
loss: 0.000007 [ 1568/ 8000]
loss: 0.000013 [ 2080/ 8000]
loss: 0.000079 [ 2592/ 8000]
loss: 0.000045 [ 3104/ 8000]
loss: 0.000078 [ 3616/ 8000]
loss: 0.000020 [ 4128/ 8000]
loss: 0.000011 [ 4640/ 8000]
loss: 0.000035 [ 5152/ 8000]
loss: 0.000055 [ 5664/ 8000]
loss: 0.000007 [ 6176/ 8000]
loss: 0.000011 [ 6688/ 8000]
loss: 0.000005 [ 7200/ 8000]
loss: 0.000013 [ 7712/ 8000]
Validation Error: 
Accuracy: 98.2%, Avg loss: 0.009823, Positive ratio: 0.499008
Epoch time: 20.89 seconds 

Epoch 40
----------------------------
loss: 0.000012 [   32/ 8000]
loss: 0.000060 [  544/ 8000]
loss: 0.000032 [ 1056/ 8000]
loss: 0.000005 [ 1568/ 8000]
loss: 0.000010 [ 2080/ 8000]
loss: 0.000051 [ 2592/ 8000]
loss: 0.000030 [ 3104/ 8000]
loss: 0.000039 [ 3616/ 8000]
loss: 0.000023 [ 4128/ 8000]
loss: 0.000008 [ 4640/ 8000]
loss: 0.000030 [ 5152/ 8000]
loss: 0.000056 [ 5664/ 8000]
loss: 0.000009 [ 6176/ 8000]
loss: 0.000006 [ 6688/ 8000]
loss: 0.000006 [ 7200/ 8000]
loss: 0.000012 [ 7712/ 8000]
Validation Error: 
Accuracy: 98.2%, Avg loss: 0.009806, Positive ratio: 0.499008
Epoch time: 20.91 seconds 

Epoch 41
----------------------------
loss: 0.000011 [   32/ 8000]
loss: 0.000027 [  544/ 8000]
loss: 0.000051 [ 1056/ 8000]
loss: 0.000006 [ 1568/ 8000]
loss: 0.000012 [ 2080/ 8000]
loss: 0.000034 [ 2592/ 8000]
loss: 0.000037 [ 3104/ 8000]
loss: 0.000092 [ 3616/ 8000]
loss: 0.000019 [ 4128/ 8000]
loss: 0.000012 [ 4640/ 8000]
loss: 0.000031 [ 5152/ 8000]
loss: 0.000056 [ 5664/ 8000]
loss: 0.000010 [ 6176/ 8000]
loss: 0.000010 [ 6688/ 8000]
loss: 0.000007 [ 7200/ 8000]
loss: 0.000013 [ 7712/ 8000]
Validation Error: 
Accuracy: 98.2%, Avg loss: 0.009818, Positive ratio: 0.499008
Epoch time: 20.86 seconds 

Epoch 42
----------------------------
loss: 0.000009 [   32/ 8000]
loss: 0.000044 [  544/ 8000]
loss: 0.000029 [ 1056/ 8000]
loss: 0.000005 [ 1568/ 8000]
loss: 0.000012 [ 2080/ 8000]
loss: 0.000055 [ 2592/ 8000]
loss: 0.000028 [ 3104/ 8000]
loss: 0.000075 [ 3616/ 8000]
loss: 0.000021 [ 4128/ 8000]
loss: 0.000009 [ 4640/ 8000]
loss: 0.000029 [ 5152/ 8000]
loss: 0.000036 [ 5664/ 8000]
loss: 0.000010 [ 6176/ 8000]
loss: 0.000003 [ 6688/ 8000]
loss: 0.000007 [ 7200/ 8000]
loss: 0.000012 [ 7712/ 8000]
Validation Error: 
Accuracy: 98.2%, Avg loss: 0.009818, Positive ratio: 0.499008
Epoch time: 20.90 seconds 

Epoch 43
----------------------------
loss: 0.000009 [   32/ 8000]
loss: 0.000039 [  544/ 8000]
loss: 0.000024 [ 1056/ 8000]
loss: 0.000006 [ 1568/ 8000]
loss: 0.000010 [ 2080/ 8000]
loss: 0.000024 [ 2592/ 8000]
loss: 0.000055 [ 3104/ 8000]
loss: 0.000110 [ 3616/ 8000]
loss: 0.000032 [ 4128/ 8000]
loss: 0.000008 [ 4640/ 8000]
loss: 0.000046 [ 5152/ 8000]
loss: 0.000046 [ 5664/ 8000]
loss: 0.000014 [ 6176/ 8000]
loss: 0.000009 [ 6688/ 8000]
loss: 0.000006 [ 7200/ 8000]
loss: 0.000011 [ 7712/ 8000]
Validation Error: 
Accuracy: 98.2%, Avg loss: 0.009832, Positive ratio: 0.499008
Epoch time: 20.92 seconds 

Epoch 44
----------------------------
loss: 0.000009 [   32/ 8000]
loss: 0.000040 [  544/ 8000]
loss: 0.000029 [ 1056/ 8000]
loss: 0.000006 [ 1568/ 8000]
loss: 0.000009 [ 2080/ 8000]
loss: 0.000029 [ 2592/ 8000]
loss: 0.000038 [ 3104/ 8000]
loss: 0.000069 [ 3616/ 8000]
loss: 0.000026 [ 4128/ 8000]
loss: 0.000007 [ 4640/ 8000]
loss: 0.000042 [ 5152/ 8000]
loss: 0.000066 [ 5664/ 8000]
loss: 0.000007 [ 6176/ 8000]
loss: 0.000006 [ 6688/ 8000]
loss: 0.000007 [ 7200/ 8000]
loss: 0.000016 [ 7712/ 8000]
Validation Error: 
Accuracy: 98.2%, Avg loss: 0.009825, Positive ratio: 0.499008
Epoch time: 20.88 seconds 

Epoch 45
----------------------------
loss: 0.000011 [   32/ 8000]
loss: 0.000038 [  544/ 8000]
loss: 0.000024 [ 1056/ 8000]
loss: 0.000007 [ 1568/ 8000]
loss: 0.000017 [ 2080/ 8000]
loss: 0.000036 [ 2592/ 8000]
loss: 0.000043 [ 3104/ 8000]
loss: 0.000061 [ 3616/ 8000]
loss: 0.000029 [ 4128/ 8000]
loss: 0.000008 [ 4640/ 8000]
loss: 0.000042 [ 5152/ 8000]
loss: 0.000032 [ 5664/ 8000]
loss: 0.000009 [ 6176/ 8000]
loss: 0.000005 [ 6688/ 8000]
loss: 0.000005 [ 7200/ 8000]
loss: 0.000015 [ 7712/ 8000]
Validation Error: 
Accuracy: 98.2%, Avg loss: 0.009792, Positive ratio: 0.499008
Epoch time: 20.87 seconds 

Epoch 46
----------------------------
loss: 0.000008 [   32/ 8000]
loss: 0.000042 [  544/ 8000]
loss: 0.000019 [ 1056/ 8000]
loss: 0.000009 [ 1568/ 8000]
loss: 0.000012 [ 2080/ 8000]
loss: 0.000037 [ 2592/ 8000]
loss: 0.000026 [ 3104/ 8000]
loss: 0.000051 [ 3616/ 8000]
loss: 0.000017 [ 4128/ 8000]
loss: 0.000008 [ 4640/ 8000]
loss: 0.000035 [ 5152/ 8000]
loss: 0.000046 [ 5664/ 8000]
loss: 0.000009 [ 6176/ 8000]
loss: 0.000006 [ 6688/ 8000]
loss: 0.000005 [ 7200/ 8000]
loss: 0.000013 [ 7712/ 8000]
Validation Error: 
Accuracy: 98.2%, Avg loss: 0.009849, Positive ratio: 0.499008
Epoch time: 20.95 seconds 

Epoch 47
----------------------------
loss: 0.000012 [   32/ 8000]
loss: 0.000031 [  544/ 8000]
loss: 0.000020 [ 1056/ 8000]
loss: 0.000004 [ 1568/ 8000]
loss: 0.000012 [ 2080/ 8000]
loss: 0.000053 [ 2592/ 8000]
loss: 0.000045 [ 3104/ 8000]
loss: 0.000038 [ 3616/ 8000]
loss: 0.000029 [ 4128/ 8000]
loss: 0.000011 [ 4640/ 8000]
loss: 0.000034 [ 5152/ 8000]
loss: 0.000101 [ 5664/ 8000]
loss: 0.000008 [ 6176/ 8000]
loss: 0.000008 [ 6688/ 8000]
loss: 0.000005 [ 7200/ 8000]
loss: 0.000011 [ 7712/ 8000]
Validation Error: 
Accuracy: 98.2%, Avg loss: 0.009794, Positive ratio: 0.499008
Epoch time: 20.92 seconds 

Epoch 48
----------------------------
loss: 0.000011 [   32/ 8000]
loss: 0.000042 [  544/ 8000]
loss: 0.000019 [ 1056/ 8000]
loss: 0.000006 [ 1568/ 8000]
loss: 0.000012 [ 2080/ 8000]
loss: 0.000056 [ 2592/ 8000]
loss: 0.000033 [ 3104/ 8000]
loss: 0.000071 [ 3616/ 8000]
loss: 0.000022 [ 4128/ 8000]
loss: 0.000009 [ 4640/ 8000]
loss: 0.000053 [ 5152/ 8000]
loss: 0.000034 [ 5664/ 8000]
loss: 0.000012 [ 6176/ 8000]
loss: 0.000006 [ 6688/ 8000]
loss: 0.000007 [ 7200/ 8000]
loss: 0.000015 [ 7712/ 8000]
Validation Error: 
Accuracy: 98.2%, Avg loss: 0.009821, Positive ratio: 0.499008
Early stopping with minimum validation loss of 0.009453373718041268, max accuracy of 0.9816468253968254
Done! Total training time: 16 minutes, 42.75 seconds, average epoch time: 1.00 seconds
