Using cuda device
==========================================================================================
Layer (type:depth-idx)                   Output Shape              Param #
==========================================================================================
CNN                                      [64, 100]                 --
├─Sequential: 1-1                        [64, 256, 5, 8]           --
│    └─Sequential: 2-1                   [64, 8, 190, 270]         --
│    │    └─Conv2d: 3-1                  [64, 8, 380, 540]         80
│    │    └─LeakyReLU: 3-2               [64, 8, 380, 540]         --
│    │    └─BatchNorm2d: 3-3             [64, 8, 380, 540]         16
│    │    └─Conv2d: 3-4                  [64, 8, 380, 540]         584
│    │    └─LeakyReLU: 3-5               [64, 8, 380, 540]         --
│    │    └─BatchNorm2d: 3-6             [64, 8, 380, 540]         16
│    │    └─MaxPool2d: 3-7               [64, 8, 190, 270]         --
│    └─Sequential: 2-2                   [64, 16, 95, 135]         --
│    │    └─Conv2d: 3-8                  [64, 16, 190, 270]        1,168
│    │    └─LeakyReLU: 3-9               [64, 16, 190, 270]        --
│    │    └─BatchNorm2d: 3-10            [64, 16, 190, 270]        32
│    │    └─Conv2d: 3-11                 [64, 16, 190, 270]        2,320
│    │    └─LeakyReLU: 3-12              [64, 16, 190, 270]        --
│    │    └─BatchNorm2d: 3-13            [64, 16, 190, 270]        32
│    │    └─MaxPool2d: 3-14              [64, 16, 95, 135]         --
│    └─Sequential: 2-3                   [64, 32, 47, 67]          --
│    │    └─Conv2d: 3-15                 [64, 32, 95, 135]         4,640
│    │    └─LeakyReLU: 3-16              [64, 32, 95, 135]         --
│    │    └─BatchNorm2d: 3-17            [64, 32, 95, 135]         64
│    │    └─Conv2d: 3-18                 [64, 32, 95, 135]         9,248
│    │    └─LeakyReLU: 3-19              [64, 32, 95, 135]         --
│    │    └─BatchNorm2d: 3-20            [64, 32, 95, 135]         64
│    │    └─MaxPool2d: 3-21              [64, 32, 47, 67]          --
│    └─Sequential: 2-4                   [64, 64, 23, 33]          --
│    │    └─Conv2d: 3-22                 [64, 64, 47, 67]          18,496
│    │    └─LeakyReLU: 3-23              [64, 64, 47, 67]          --
│    │    └─BatchNorm2d: 3-24            [64, 64, 47, 67]          128
│    │    └─Conv2d: 3-25                 [64, 64, 47, 67]          36,928
│    │    └─LeakyReLU: 3-26              [64, 64, 47, 67]          --
│    │    └─BatchNorm2d: 3-27            [64, 64, 47, 67]          128
│    │    └─MaxPool2d: 3-28              [64, 64, 23, 33]          --
│    └─Sequential: 2-5                   [64, 128, 11, 16]         --
│    │    └─Conv2d: 3-29                 [64, 128, 23, 33]         73,856
│    │    └─LeakyReLU: 3-30              [64, 128, 23, 33]         --
│    │    └─BatchNorm2d: 3-31            [64, 128, 23, 33]         256
│    │    └─Conv2d: 3-32                 [64, 128, 23, 33]         147,584
│    │    └─LeakyReLU: 3-33              [64, 128, 23, 33]         --
│    │    └─BatchNorm2d: 3-34            [64, 128, 23, 33]         256
│    │    └─MaxPool2d: 3-35              [64, 128, 11, 16]         --
│    └─Sequential: 2-6                   [64, 256, 5, 8]           --
│    │    └─Conv2d: 3-36                 [64, 256, 11, 16]         295,168
│    │    └─LeakyReLU: 3-37              [64, 256, 11, 16]         --
│    │    └─BatchNorm2d: 3-38            [64, 256, 11, 16]         512
│    │    └─Conv2d: 3-39                 [64, 256, 11, 16]         590,080
│    │    └─LeakyReLU: 3-40              [64, 256, 11, 16]         --
│    │    └─BatchNorm2d: 3-41            [64, 256, 11, 16]         512
│    │    └─MaxPool2d: 3-42              [64, 256, 5, 8]           --
├─Flatten: 1-2                           [64, 10240]               --
├─Sequential: 1-3                        [64, 100]                 --
│    └─Linear: 2-7                       [64, 1740]                17,819,340
│    └─LeakyReLU: 2-8                    [64, 1740]                --
│    └─Dropout: 2-9                      [64, 1740]                --
│    └─BatchNorm1d: 2-10                 [64, 1740]                3,480
│    └─Linear: 2-11                      [64, 1305]                2,272,005
│    └─LeakyReLU: 2-12                   [64, 1305]                --
│    └─Dropout: 2-13                     [64, 1305]                --
│    └─BatchNorm1d: 2-14                 [64, 1305]                2,610
│    └─Linear: 2-15                      [64, 870]                 1,136,220
│    └─LeakyReLU: 2-16                   [64, 870]                 --
│    └─Dropout: 2-17                     [64, 870]                 --
│    └─BatchNorm1d: 2-18                 [64, 870]                 1,740
│    └─Linear: 2-19                      [64, 435]                 378,885
│    └─LeakyReLU: 2-20                   [64, 435]                 --
│    └─Dropout: 2-21                     [64, 435]                 --
│    └─BatchNorm1d: 2-22                 [64, 435]                 870
│    └─Linear: 2-23                      [64, 100]                 43,600
├─Sigmoid: 1-4                           [64, 100]                 --
==========================================================================================
Total params: 22,840,918
Trainable params: 22,840,918
Non-trainable params: 0
Total mult-adds (Units.GIGABYTES): 64.86
==========================================================================================
Input size (MB): 52.53
Forward/backward pass size (MB): 6591.99
Params size (MB): 91.36
Estimated Total Size (MB): 6735.88
==========================================================================================
Validation true percentage: 6.225031827560472%
Training CNN 

Epoch 1
----------------------------
loss: 0.424750 [   64/ 2048]
loss: 0.362554 [  192/ 2048]
loss: 0.339399 [  320/ 2048]
loss: 0.303331 [  448/ 2048]
loss: 0.287459 [  576/ 2048]
loss: 0.286517 [  704/ 2048]
loss: 0.261122 [  832/ 2048]
loss: 0.235805 [  960/ 2048]
loss: 0.225776 [ 1088/ 2048]
loss: 0.211901 [ 1216/ 2048]
loss: 0.219574 [ 1344/ 2048]
loss: 0.214976 [ 1472/ 2048]
loss: 0.221492 [ 1600/ 2048]
loss: 0.178437 [ 1728/ 2048]
loss: 0.172753 [ 1856/ 2048]
loss: 0.222690 [ 1984/ 2048]
Validation Error: 
Accuracy: 59.5%, Avg loss: 0.335953
Validation loss improved, saving model
Epoch time: 70.21 seconds 

Epoch 2
----------------------------
loss: 0.213797 [   64/ 2048]
loss: 0.194257 [  192/ 2048]
loss: 0.178386 [  320/ 2048]
loss: 0.167540 [  448/ 2048]
loss: 0.204210 [  576/ 2048]
loss: 0.168513 [  704/ 2048]
loss: 0.164590 [  832/ 2048]
loss: 0.172308 [  960/ 2048]
loss: 0.160577 [ 1088/ 2048]
loss: 0.189080 [ 1216/ 2048]
loss: 0.163971 [ 1344/ 2048]
loss: 0.174236 [ 1472/ 2048]
loss: 0.186355 [ 1600/ 2048]
loss: 0.135443 [ 1728/ 2048]
loss: 0.134191 [ 1856/ 2048]
loss: 0.158571 [ 1984/ 2048]
Validation Error: 
Accuracy: 75.0%, Avg loss: 0.185028
Validation loss improved, saving model
Epoch time: 50.14 seconds 

Epoch 3
----------------------------
loss: 0.150389 [   64/ 2048]
loss: 0.161562 [  192/ 2048]
loss: 0.163025 [  320/ 2048]
loss: 0.173799 [  448/ 2048]
loss: 0.205918 [  576/ 2048]
loss: 0.161247 [  704/ 2048]
loss: 0.143810 [  832/ 2048]
loss: 0.166191 [  960/ 2048]
loss: 0.148775 [ 1088/ 2048]
loss: 0.168642 [ 1216/ 2048]
loss: 0.187446 [ 1344/ 2048]
loss: 0.182952 [ 1472/ 2048]
loss: 0.142782 [ 1600/ 2048]
loss: 0.147892 [ 1728/ 2048]
loss: 0.159770 [ 1856/ 2048]
loss: 0.155360 [ 1984/ 2048]
Validation Error: 
Accuracy: 73.1%, Avg loss: 0.189444
Epoch time: 49.62 seconds 

Epoch 4
----------------------------
loss: 0.153379 [   64/ 2048]
loss: 0.174521 [  192/ 2048]
loss: 0.174547 [  320/ 2048]
loss: 0.165144 [  448/ 2048]
loss: 0.151052 [  576/ 2048]
loss: 0.152316 [  704/ 2048]
loss: 0.173148 [  832/ 2048]
loss: 0.145027 [  960/ 2048]
loss: 0.166812 [ 1088/ 2048]
loss: 0.183081 [ 1216/ 2048]
loss: 0.154517 [ 1344/ 2048]
loss: 0.152735 [ 1472/ 2048]
loss: 0.111120 [ 1600/ 2048]
loss: 0.146687 [ 1728/ 2048]
loss: 0.138592 [ 1856/ 2048]
loss: 0.126250 [ 1984/ 2048]
Validation Error: 
Accuracy: 61.5%, Avg loss: 0.250624
Epoch time: 48.24 seconds 

Epoch 5
----------------------------
loss: 0.174819 [   64/ 2048]
loss: 0.136682 [  192/ 2048]
loss: 0.134975 [  320/ 2048]
loss: 0.112053 [  448/ 2048]
loss: 0.219998 [  576/ 2048]
loss: 0.175428 [  704/ 2048]
loss: 0.135628 [  832/ 2048]
loss: 0.135838 [  960/ 2048]
loss: 0.145780 [ 1088/ 2048]
loss: 0.160024 [ 1216/ 2048]
loss: 0.158014 [ 1344/ 2048]
loss: 0.164508 [ 1472/ 2048]
loss: 0.153079 [ 1600/ 2048]
loss: 0.143540 [ 1728/ 2048]
loss: 0.158305 [ 1856/ 2048]
loss: 0.147502 [ 1984/ 2048]
Validation Error: 
Accuracy: 72.6%, Avg loss: 0.182808
Validation loss improved, saving model
Epoch time: 47.75 seconds 

Epoch 6
----------------------------
loss: 0.122272 [   64/ 2048]
loss: 0.186806 [  192/ 2048]
loss: 0.123997 [  320/ 2048]
loss: 0.170561 [  448/ 2048]
loss: 0.175092 [  576/ 2048]
loss: 0.148641 [  704/ 2048]
loss: 0.140573 [  832/ 2048]
loss: 0.126911 [  960/ 2048]
loss: 0.165520 [ 1088/ 2048]
loss: 0.165540 [ 1216/ 2048]
loss: 0.193656 [ 1344/ 2048]
loss: 0.188999 [ 1472/ 2048]
loss: 0.142443 [ 1600/ 2048]
loss: 0.166851 [ 1728/ 2048]
loss: 0.132525 [ 1856/ 2048]
loss: 0.156445 [ 1984/ 2048]
Validation Error: 
Accuracy: 72.7%, Avg loss: 0.182253
Validation loss improved, saving model
Epoch time: 47.00 seconds 

Epoch 7
----------------------------
loss: 0.177794 [   64/ 2048]
loss: 0.167670 [  192/ 2048]
loss: 0.136880 [  320/ 2048]
loss: 0.151058 [  448/ 2048]
loss: 0.140524 [  576/ 2048]
loss: 0.135569 [  704/ 2048]
loss: 0.177448 [  832/ 2048]
loss: 0.172531 [  960/ 2048]
loss: 0.122901 [ 1088/ 2048]
loss: 0.165491 [ 1216/ 2048]
loss: 0.142681 [ 1344/ 2048]
loss: 0.122961 [ 1472/ 2048]
loss: 0.131592 [ 1600/ 2048]
loss: 0.122842 [ 1728/ 2048]
loss: 0.141400 [ 1856/ 2048]
loss: 0.135719 [ 1984/ 2048]
Validation Error: 
Accuracy: 64.9%, Avg loss: 0.234512
Epoch time: 46.85 seconds 

Epoch 8
----------------------------
loss: 0.110845 [   64/ 2048]
loss: 0.169196 [  192/ 2048]
loss: 0.123319 [  320/ 2048]
loss: 0.130533 [  448/ 2048]
loss: 0.173647 [  576/ 2048]
loss: 0.138986 [  704/ 2048]
loss: 0.135041 [  832/ 2048]
loss: 0.133335 [  960/ 2048]
loss: 0.148373 [ 1088/ 2048]
loss: 0.136954 [ 1216/ 2048]
loss: 0.132124 [ 1344/ 2048]
loss: 0.136182 [ 1472/ 2048]
loss: 0.186044 [ 1600/ 2048]
loss: 0.182202 [ 1728/ 2048]
loss: 0.149198 [ 1856/ 2048]
loss: 0.143218 [ 1984/ 2048]
Validation Error: 
Accuracy: 68.8%, Avg loss: 0.200614
Epoch time: 46.55 seconds 

Epoch 9
----------------------------
loss: 0.140239 [   64/ 2048]
loss: 0.125582 [  192/ 2048]
loss: 0.111334 [  320/ 2048]
loss: 0.171577 [  448/ 2048]
loss: 0.160197 [  576/ 2048]
loss: 0.135919 [  704/ 2048]
loss: 0.113725 [  832/ 2048]
loss: 0.131935 [  960/ 2048]
loss: 0.126281 [ 1088/ 2048]
loss: 0.124406 [ 1216/ 2048]
loss: 0.152677 [ 1344/ 2048]
loss: 0.171574 [ 1472/ 2048]
loss: 0.153244 [ 1600/ 2048]
loss: 0.157144 [ 1728/ 2048]
loss: 0.149894 [ 1856/ 2048]
loss: 0.142572 [ 1984/ 2048]
Validation Error: 
Accuracy: 73.7%, Avg loss: 0.179864
Validation loss improved, saving model
Epoch time: 46.23 seconds 

Epoch 10
----------------------------
loss: 0.169015 [   64/ 2048]
loss: 0.192541 [  192/ 2048]
loss: 0.130860 [  320/ 2048]
loss: 0.124315 [  448/ 2048]
loss: 0.105137 [  576/ 2048]
loss: 0.165420 [  704/ 2048]
loss: 0.134573 [  832/ 2048]
loss: 0.144179 [  960/ 2048]
loss: 0.148730 [ 1088/ 2048]
loss: 0.144843 [ 1216/ 2048]
loss: 0.159602 [ 1344/ 2048]
loss: 0.116781 [ 1472/ 2048]
loss: 0.117165 [ 1600/ 2048]
loss: 0.153821 [ 1728/ 2048]
loss: 0.151145 [ 1856/ 2048]
loss: 0.110797 [ 1984/ 2048]
Validation Error: 
Accuracy: 66.2%, Avg loss: 0.198622
Epoch time: 45.63 seconds 

Epoch 11
----------------------------
loss: 0.125412 [   64/ 2048]
loss: 0.160367 [  192/ 2048]
loss: 0.117927 [  320/ 2048]
loss: 0.172362 [  448/ 2048]
loss: 0.153803 [  576/ 2048]
loss: 0.135407 [  704/ 2048]
loss: 0.152995 [  832/ 2048]
loss: 0.158498 [  960/ 2048]
loss: 0.136146 [ 1088/ 2048]
loss: 0.130089 [ 1216/ 2048]
loss: 0.157793 [ 1344/ 2048]
loss: 0.176870 [ 1472/ 2048]
loss: 0.170791 [ 1600/ 2048]
loss: 0.140463 [ 1728/ 2048]
loss: 0.124555 [ 1856/ 2048]
loss: 0.157358 [ 1984/ 2048]
Validation Error: 
Accuracy: 74.7%, Avg loss: 0.174842
Validation loss improved, saving model
Epoch time: 46.26 seconds 

Epoch 12
----------------------------
loss: 0.116661 [   64/ 2048]
loss: 0.102745 [  192/ 2048]
loss: 0.143594 [  320/ 2048]
loss: 0.129658 [  448/ 2048]
loss: 0.141214 [  576/ 2048]
loss: 0.171136 [  704/ 2048]
loss: 0.190402 [  832/ 2048]
loss: 0.112478 [  960/ 2048]
loss: 0.155183 [ 1088/ 2048]
loss: 0.125856 [ 1216/ 2048]
loss: 0.143435 [ 1344/ 2048]
loss: 0.140060 [ 1472/ 2048]
loss: 0.166431 [ 1600/ 2048]
loss: 0.136389 [ 1728/ 2048]
loss: 0.122190 [ 1856/ 2048]
loss: 0.107253 [ 1984/ 2048]
Validation Error: 
Accuracy: 71.4%, Avg loss: 0.180829
Epoch time: 45.50 seconds 

Epoch 13
----------------------------
loss: 0.147815 [   64/ 2048]
loss: 0.152437 [  192/ 2048]
loss: 0.182705 [  320/ 2048]
loss: 0.152816 [  448/ 2048]
loss: 0.120822 [  576/ 2048]
loss: 0.102364 [  704/ 2048]
loss: 0.176444 [  832/ 2048]
loss: 0.131335 [  960/ 2048]
loss: 0.144971 [ 1088/ 2048]
loss: 0.144692 [ 1216/ 2048]
loss: 0.108766 [ 1344/ 2048]
loss: 0.141457 [ 1472/ 2048]
loss: 0.124354 [ 1600/ 2048]
loss: 0.148001 [ 1728/ 2048]
loss: 0.183069 [ 1856/ 2048]
loss: 0.147976 [ 1984/ 2048]
Validation Error: 
Accuracy: 75.2%, Avg loss: 0.179654
Epoch time: 45.60 seconds 

Epoch 14
----------------------------
loss: 0.109067 [   64/ 2048]
loss: 0.128370 [  192/ 2048]
loss: 0.106059 [  320/ 2048]
loss: 0.133249 [  448/ 2048]
loss: 0.127290 [  576/ 2048]
loss: 0.150732 [  704/ 2048]
loss: 0.115665 [  832/ 2048]
loss: 0.137480 [  960/ 2048]
loss: 0.162826 [ 1088/ 2048]
loss: 0.103588 [ 1216/ 2048]
loss: 0.157317 [ 1344/ 2048]
loss: 0.117620 [ 1472/ 2048]
loss: 0.122619 [ 1600/ 2048]
loss: 0.140175 [ 1728/ 2048]
loss: 0.100949 [ 1856/ 2048]
loss: 0.099918 [ 1984/ 2048]
Validation Error: 
Accuracy: 73.8%, Avg loss: 0.172257
Validation loss improved, saving model
Epoch time: 46.26 seconds 

Epoch 15
----------------------------
loss: 0.114847 [   64/ 2048]
loss: 0.099638 [  192/ 2048]
loss: 0.109630 [  320/ 2048]
loss: 0.129727 [  448/ 2048]
loss: 0.210276 [  576/ 2048]
loss: 0.156351 [  704/ 2048]
loss: 0.122563 [  832/ 2048]
loss: 0.147752 [  960/ 2048]
loss: 0.110612 [ 1088/ 2048]
loss: 0.120584 [ 1216/ 2048]
loss: 0.138779 [ 1344/ 2048]
loss: 0.179472 [ 1472/ 2048]
loss: 0.111940 [ 1600/ 2048]
loss: 0.137917 [ 1728/ 2048]
loss: 0.120576 [ 1856/ 2048]
loss: 0.102051 [ 1984/ 2048]
Validation Error: 
Accuracy: 73.8%, Avg loss: 0.171421
Validation loss improved, saving model
Epoch time: 45.20 seconds 

Epoch 16
----------------------------
loss: 0.159523 [   64/ 2048]
loss: 0.121218 [  192/ 2048]
loss: 0.156704 [  320/ 2048]
loss: 0.161911 [  448/ 2048]
loss: 0.141434 [  576/ 2048]
loss: 0.152113 [  704/ 2048]
loss: 0.165204 [  832/ 2048]
loss: 0.104237 [  960/ 2048]
loss: 0.121356 [ 1088/ 2048]
loss: 0.117972 [ 1216/ 2048]
loss: 0.135241 [ 1344/ 2048]
loss: 0.128487 [ 1472/ 2048]
loss: 0.146454 [ 1600/ 2048]
loss: 0.140522 [ 1728/ 2048]
loss: 0.149159 [ 1856/ 2048]
loss: 0.113356 [ 1984/ 2048]
Validation Error: 
Accuracy: 71.3%, Avg loss: 0.179868
Epoch time: 44.77 seconds 

Epoch 17
----------------------------
loss: 0.150381 [   64/ 2048]
loss: 0.140897 [  192/ 2048]
loss: 0.167871 [  320/ 2048]
loss: 0.151350 [  448/ 2048]
loss: 0.105908 [  576/ 2048]
loss: 0.140558 [  704/ 2048]
loss: 0.134506 [  832/ 2048]
loss: 0.110627 [  960/ 2048]
loss: 0.111293 [ 1088/ 2048]
loss: 0.114501 [ 1216/ 2048]
loss: 0.177286 [ 1344/ 2048]
loss: 0.088593 [ 1472/ 2048]
loss: 0.109302 [ 1600/ 2048]
loss: 0.154177 [ 1728/ 2048]
loss: 0.100634 [ 1856/ 2048]
loss: 0.120884 [ 1984/ 2048]
Validation Error: 
Accuracy: 71.9%, Avg loss: 0.179408
Epoch time: 45.35 seconds 

Epoch 18
----------------------------
loss: 0.159358 [   64/ 2048]
loss: 0.128069 [  192/ 2048]
loss: 0.151336 [  320/ 2048]
loss: 0.104364 [  448/ 2048]
loss: 0.125756 [  576/ 2048]
loss: 0.110739 [  704/ 2048]
loss: 0.142662 [  832/ 2048]
loss: 0.107144 [  960/ 2048]
loss: 0.131285 [ 1088/ 2048]
loss: 0.108727 [ 1216/ 2048]
loss: 0.129805 [ 1344/ 2048]
loss: 0.113492 [ 1472/ 2048]
loss: 0.135918 [ 1600/ 2048]
loss: 0.126190 [ 1728/ 2048]
loss: 0.105663 [ 1856/ 2048]
loss: 0.124352 [ 1984/ 2048]
Validation Error: 
Accuracy: 72.8%, Avg loss: 0.178884
Epoch time: 45.67 seconds 

Epoch 19
----------------------------
loss: 0.159201 [   64/ 2048]
loss: 0.182127 [  192/ 2048]
loss: 0.134826 [  320/ 2048]
loss: 0.090929 [  448/ 2048]
loss: 0.159848 [  576/ 2048]
loss: 0.109068 [  704/ 2048]
loss: 0.110802 [  832/ 2048]
loss: 0.170020 [  960/ 2048]
loss: 0.104747 [ 1088/ 2048]
loss: 0.114294 [ 1216/ 2048]
loss: 0.138179 [ 1344/ 2048]
loss: 0.162867 [ 1472/ 2048]
loss: 0.152500 [ 1600/ 2048]
loss: 0.144071 [ 1728/ 2048]
loss: 0.143644 [ 1856/ 2048]
loss: 0.122800 [ 1984/ 2048]
Validation Error: 
Accuracy: 72.7%, Avg loss: 0.175268
Epoch time: 45.77 seconds 

Epoch 20
----------------------------
loss: 0.125982 [   64/ 2048]
loss: 0.099312 [  192/ 2048]
loss: 0.130943 [  320/ 2048]
loss: 0.113141 [  448/ 2048]
loss: 0.129217 [  576/ 2048]
loss: 0.100390 [  704/ 2048]
loss: 0.146869 [  832/ 2048]
loss: 0.120635 [  960/ 2048]
loss: 0.101839 [ 1088/ 2048]
loss: 0.198138 [ 1216/ 2048]
loss: 0.136050 [ 1344/ 2048]
loss: 0.102511 [ 1472/ 2048]
loss: 0.130867 [ 1600/ 2048]
loss: 0.120096 [ 1728/ 2048]
loss: 0.098982 [ 1856/ 2048]
loss: 0.160730 [ 1984/ 2048]
Validation Error: 
Accuracy: 67.0%, Avg loss: 0.200190
Epoch time: 45.48 seconds 

Epoch 21
----------------------------
loss: 0.189176 [   64/ 2048]
loss: 0.154669 [  192/ 2048]
loss: 0.111968 [  320/ 2048]
loss: 0.162503 [  448/ 2048]
loss: 0.149535 [  576/ 2048]
loss: 0.129889 [  704/ 2048]
loss: 0.126273 [  832/ 2048]
loss: 0.121020 [  960/ 2048]
loss: 0.140672 [ 1088/ 2048]
loss: 0.145738 [ 1216/ 2048]
loss: 0.116137 [ 1344/ 2048]
loss: 0.109005 [ 1472/ 2048]
loss: 0.190938 [ 1600/ 2048]
loss: 0.183146 [ 1728/ 2048]
loss: 0.109616 [ 1856/ 2048]
loss: 0.147589 [ 1984/ 2048]
Validation Error: 
Accuracy: 67.9%, Avg loss: 0.219033
Epoch time: 45.88 seconds 

Epoch 22
----------------------------
loss: 0.102314 [   64/ 2048]
loss: 0.127050 [  192/ 2048]
loss: 0.106634 [  320/ 2048]
loss: 0.120492 [  448/ 2048]
loss: 0.144959 [  576/ 2048]
loss: 0.086045 [  704/ 2048]
loss: 0.123312 [  832/ 2048]
loss: 0.128787 [  960/ 2048]
loss: 0.120351 [ 1088/ 2048]
loss: 0.145876 [ 1216/ 2048]
loss: 0.110136 [ 1344/ 2048]
loss: 0.149671 [ 1472/ 2048]
loss: 0.134205 [ 1600/ 2048]
loss: 0.123219 [ 1728/ 2048]
loss: 0.157884 [ 1856/ 2048]
loss: 0.143445 [ 1984/ 2048]
Validation Error: 
Accuracy: 73.6%, Avg loss: 0.169363
Validation loss improved, saving model
Epoch time: 46.08 seconds 

Epoch 23
----------------------------
loss: 0.094231 [   64/ 2048]
loss: 0.168337 [  192/ 2048]
loss: 0.114465 [  320/ 2048]
loss: 0.157239 [  448/ 2048]
loss: 0.105903 [  576/ 2048]
loss: 0.129328 [  704/ 2048]
loss: 0.149387 [  832/ 2048]
loss: 0.123592 [  960/ 2048]
loss: 0.108520 [ 1088/ 2048]
loss: 0.148808 [ 1216/ 2048]
loss: 0.100784 [ 1344/ 2048]
loss: 0.096946 [ 1472/ 2048]
loss: 0.161439 [ 1600/ 2048]
loss: 0.129128 [ 1728/ 2048]
loss: 0.169606 [ 1856/ 2048]
loss: 0.102985 [ 1984/ 2048]
Validation Error: 
Accuracy: 75.4%, Avg loss: 0.164461
Validation loss improved, saving model
Epoch time: 46.51 seconds 

Epoch 24
----------------------------
loss: 0.135291 [   64/ 2048]
loss: 0.135041 [  192/ 2048]
loss: 0.131734 [  320/ 2048]
loss: 0.170635 [  448/ 2048]
loss: 0.111666 [  576/ 2048]
loss: 0.132560 [  704/ 2048]
loss: 0.083413 [  832/ 2048]
loss: 0.091541 [  960/ 2048]
loss: 0.090272 [ 1088/ 2048]
loss: 0.177789 [ 1216/ 2048]
loss: 0.179979 [ 1344/ 2048]
loss: 0.148800 [ 1472/ 2048]
loss: 0.129067 [ 1600/ 2048]
loss: 0.118144 [ 1728/ 2048]
loss: 0.087039 [ 1856/ 2048]
loss: 0.108996 [ 1984/ 2048]
Validation Error: 
Accuracy: 75.3%, Avg loss: 0.174400
Epoch time: 44.75 seconds 

Epoch 25
----------------------------
loss: 0.090994 [   64/ 2048]
loss: 0.173024 [  192/ 2048]
loss: 0.141040 [  320/ 2048]
loss: 0.124234 [  448/ 2048]
loss: 0.138724 [  576/ 2048]
loss: 0.097685 [  704/ 2048]
loss: 0.125305 [  832/ 2048]
loss: 0.107812 [  960/ 2048]
loss: 0.119700 [ 1088/ 2048]
loss: 0.112514 [ 1216/ 2048]
loss: 0.110557 [ 1344/ 2048]
loss: 0.123744 [ 1472/ 2048]
loss: 0.117633 [ 1600/ 2048]
loss: 0.106676 [ 1728/ 2048]
loss: 0.097889 [ 1856/ 2048]
loss: 0.137599 [ 1984/ 2048]
Validation Error: 
Accuracy: 70.1%, Avg loss: 0.205145
Epoch time: 45.24 seconds 

Epoch 26
----------------------------
loss: 0.129676 [   64/ 2048]
loss: 0.129981 [  192/ 2048]
loss: 0.108047 [  320/ 2048]
loss: 0.123951 [  448/ 2048]
loss: 0.130164 [  576/ 2048]
loss: 0.096140 [  704/ 2048]
loss: 0.092050 [  832/ 2048]
loss: 0.137743 [  960/ 2048]
loss: 0.147321 [ 1088/ 2048]
loss: 0.159393 [ 1216/ 2048]
loss: 0.156917 [ 1344/ 2048]
loss: 0.135911 [ 1472/ 2048]
loss: 0.092347 [ 1600/ 2048]
loss: 0.171889 [ 1728/ 2048]
loss: 0.173960 [ 1856/ 2048]
loss: 0.135034 [ 1984/ 2048]
Validation Error: 
Accuracy: 69.7%, Avg loss: 0.188467
Epoch time: 45.40 seconds 

Epoch 27
----------------------------
loss: 0.131556 [   64/ 2048]
loss: 0.144375 [  192/ 2048]
loss: 0.147402 [  320/ 2048]
loss: 0.114206 [  448/ 2048]
loss: 0.138730 [  576/ 2048]
loss: 0.120444 [  704/ 2048]
loss: 0.120241 [  832/ 2048]
loss: 0.101021 [  960/ 2048]
loss: 0.060914 [ 1088/ 2048]
loss: 0.104580 [ 1216/ 2048]
loss: 0.099751 [ 1344/ 2048]
loss: 0.123629 [ 1472/ 2048]
loss: 0.135492 [ 1600/ 2048]
loss: 0.089347 [ 1728/ 2048]
loss: 0.130126 [ 1856/ 2048]
loss: 0.089015 [ 1984/ 2048]
Validation Error: 
Accuracy: 76.0%, Avg loss: 0.161953
Validation loss improved, saving model
Epoch time: 45.02 seconds 

Epoch 28
----------------------------
loss: 0.100842 [   64/ 2048]
loss: 0.129213 [  192/ 2048]
loss: 0.140160 [  320/ 2048]
loss: 0.122752 [  448/ 2048]
loss: 0.131325 [  576/ 2048]
loss: 0.123132 [  704/ 2048]
loss: 0.162238 [  832/ 2048]
loss: 0.099956 [  960/ 2048]
loss: 0.148193 [ 1088/ 2048]
loss: 0.137296 [ 1216/ 2048]
loss: 0.097596 [ 1344/ 2048]
loss: 0.138191 [ 1472/ 2048]
loss: 0.124448 [ 1600/ 2048]
loss: 0.120009 [ 1728/ 2048]
loss: 0.097083 [ 1856/ 2048]
loss: 0.092706 [ 1984/ 2048]
Validation Error: 
Accuracy: 70.5%, Avg loss: 0.202575
Epoch time: 45.11 seconds 

Epoch 29
----------------------------
loss: 0.111143 [   64/ 2048]
loss: 0.142372 [  192/ 2048]
loss: 0.143972 [  320/ 2048]
loss: 0.168537 [  448/ 2048]
loss: 0.114145 [  576/ 2048]
loss: 0.144654 [  704/ 2048]
loss: 0.119309 [  832/ 2048]
loss: 0.118580 [  960/ 2048]
loss: 0.139217 [ 1088/ 2048]
loss: 0.150425 [ 1216/ 2048]
loss: 0.138499 [ 1344/ 2048]
loss: 0.122550 [ 1472/ 2048]
loss: 0.100810 [ 1600/ 2048]
loss: 0.102209 [ 1728/ 2048]
loss: 0.103063 [ 1856/ 2048]
loss: 0.104573 [ 1984/ 2048]
Validation Error: 
Accuracy: 72.3%, Avg loss: 0.185490
Epoch time: 45.41 seconds 

Epoch 30
----------------------------
loss: 0.108388 [   64/ 2048]
loss: 0.139190 [  192/ 2048]
loss: 0.125579 [  320/ 2048]
loss: 0.111493 [  448/ 2048]
loss: 0.121568 [  576/ 2048]
loss: 0.129362 [  704/ 2048]
loss: 0.108682 [  832/ 2048]
loss: 0.126507 [  960/ 2048]
loss: 0.098456 [ 1088/ 2048]
loss: 0.106493 [ 1216/ 2048]
loss: 0.169887 [ 1344/ 2048]
loss: 0.129026 [ 1472/ 2048]
loss: 0.091856 [ 1600/ 2048]
loss: 0.115557 [ 1728/ 2048]
loss: 0.178888 [ 1856/ 2048]
loss: 0.129851 [ 1984/ 2048]
Validation Error: 
Accuracy: 60.2%, Avg loss: 0.278290
Epoch time: 45.35 seconds 

Epoch 31
----------------------------
loss: 0.121115 [   64/ 2048]
loss: 0.104496 [  192/ 2048]
loss: 0.143997 [  320/ 2048]
loss: 0.151951 [  448/ 2048]
loss: 0.137125 [  576/ 2048]
loss: 0.119667 [  704/ 2048]
loss: 0.131866 [  832/ 2048]
loss: 0.097327 [  960/ 2048]
loss: 0.109561 [ 1088/ 2048]
loss: 0.121349 [ 1216/ 2048]
loss: 0.138577 [ 1344/ 2048]
loss: 0.113337 [ 1472/ 2048]
loss: 0.122715 [ 1600/ 2048]
loss: 0.141036 [ 1728/ 2048]
loss: 0.106085 [ 1856/ 2048]
loss: 0.101303 [ 1984/ 2048]
Validation Error: 
Accuracy: 72.2%, Avg loss: 0.179017
Epoch time: 44.86 seconds 

Epoch 32
----------------------------
loss: 0.115705 [   64/ 2048]
loss: 0.150978 [  192/ 2048]
loss: 0.167151 [  320/ 2048]
loss: 0.137146 [  448/ 2048]
loss: 0.184396 [  576/ 2048]
loss: 0.104916 [  704/ 2048]
loss: 0.127149 [  832/ 2048]
loss: 0.121294 [  960/ 2048]
loss: 0.138916 [ 1088/ 2048]
loss: 0.076503 [ 1216/ 2048]
loss: 0.141379 [ 1344/ 2048]
loss: 0.181046 [ 1472/ 2048]
loss: 0.115177 [ 1600/ 2048]
loss: 0.095145 [ 1728/ 2048]
loss: 0.086512 [ 1856/ 2048]
loss: 0.106168 [ 1984/ 2048]
Validation Error: 
Accuracy: 71.0%, Avg loss: 0.189415
Epoch time: 44.72 seconds 

Epoch 33
----------------------------
loss: 0.166692 [   64/ 2048]
loss: 0.204924 [  192/ 2048]
loss: 0.208748 [  320/ 2048]
loss: 0.132069 [  448/ 2048]
loss: 0.133117 [  576/ 2048]
loss: 0.122341 [  704/ 2048]
loss: 0.105790 [  832/ 2048]
loss: 0.131316 [  960/ 2048]
loss: 0.109022 [ 1088/ 2048]
loss: 0.107141 [ 1216/ 2048]
loss: 0.130110 [ 1344/ 2048]
loss: 0.137430 [ 1472/ 2048]
loss: 0.142106 [ 1600/ 2048]
loss: 0.114323 [ 1728/ 2048]
loss: 0.133004 [ 1856/ 2048]
loss: 0.126326 [ 1984/ 2048]
Validation Error: 
Accuracy: 76.3%, Avg loss: 0.159610
Validation loss improved, saving model
Epoch time: 45.28 seconds 

Epoch 34
----------------------------
loss: 0.132114 [   64/ 2048]
loss: 0.115441 [  192/ 2048]
loss: 0.116920 [  320/ 2048]
loss: 0.149216 [  448/ 2048]
loss: 0.108883 [  576/ 2048]
loss: 0.087333 [  704/ 2048]
loss: 0.165316 [  832/ 2048]
loss: 0.094998 [  960/ 2048]
loss: 0.163799 [ 1088/ 2048]
loss: 0.144316 [ 1216/ 2048]
loss: 0.130655 [ 1344/ 2048]
loss: 0.099794 [ 1472/ 2048]
loss: 0.111809 [ 1600/ 2048]
loss: 0.104375 [ 1728/ 2048]
loss: 0.145574 [ 1856/ 2048]
loss: 0.139720 [ 1984/ 2048]
Validation Error: 
Accuracy: 72.9%, Avg loss: 0.176123
Epoch time: 45.90 seconds 

Epoch 35
----------------------------
loss: 0.128494 [   64/ 2048]
loss: 0.130151 [  192/ 2048]
loss: 0.147227 [  320/ 2048]
loss: 0.107656 [  448/ 2048]
loss: 0.116226 [  576/ 2048]
loss: 0.120721 [  704/ 2048]
loss: 0.120416 [  832/ 2048]
loss: 0.143786 [  960/ 2048]
loss: 0.134949 [ 1088/ 2048]
loss: 0.133573 [ 1216/ 2048]
loss: 0.138834 [ 1344/ 2048]
loss: 0.114521 [ 1472/ 2048]
loss: 0.106297 [ 1600/ 2048]
loss: 0.151975 [ 1728/ 2048]
loss: 0.123174 [ 1856/ 2048]
loss: 0.109742 [ 1984/ 2048]
Validation Error: 
Accuracy: 64.3%, Avg loss: 0.231075
Epoch time: 44.59 seconds 

Epoch 36
----------------------------
loss: 0.188759 [   64/ 2048]
loss: 0.157926 [  192/ 2048]
loss: 0.133334 [  320/ 2048]
loss: 0.106663 [  448/ 2048]
loss: 0.118534 [  576/ 2048]
loss: 0.136113 [  704/ 2048]
loss: 0.164338 [  832/ 2048]
loss: 0.115990 [  960/ 2048]
loss: 0.172130 [ 1088/ 2048]
loss: 0.136377 [ 1216/ 2048]
loss: 0.114163 [ 1344/ 2048]
loss: 0.113050 [ 1472/ 2048]
loss: 0.093522 [ 1600/ 2048]
loss: 0.107056 [ 1728/ 2048]
loss: 0.132507 [ 1856/ 2048]
loss: 0.117168 [ 1984/ 2048]
Validation Error: 
Accuracy: 75.8%, Avg loss: 0.157102
Validation loss improved, saving model
Epoch time: 44.65 seconds 

Epoch 37
----------------------------
loss: 0.109861 [   64/ 2048]
loss: 0.075578 [  192/ 2048]
loss: 0.120683 [  320/ 2048]
loss: 0.132078 [  448/ 2048]
loss: 0.102697 [  576/ 2048]
loss: 0.103788 [  704/ 2048]
loss: 0.092546 [  832/ 2048]
loss: 0.098568 [  960/ 2048]
loss: 0.127492 [ 1088/ 2048]
loss: 0.149888 [ 1216/ 2048]
loss: 0.178024 [ 1344/ 2048]
loss: 0.120368 [ 1472/ 2048]
loss: 0.086684 [ 1600/ 2048]
loss: 0.146442 [ 1728/ 2048]
loss: 0.106592 [ 1856/ 2048]
loss: 0.172594 [ 1984/ 2048]
Validation Error: 
Accuracy: 76.1%, Avg loss: 0.163000
Epoch time: 44.61 seconds 

Epoch 38
----------------------------
loss: 0.130478 [   64/ 2048]
loss: 0.153717 [  192/ 2048]
loss: 0.094491 [  320/ 2048]
loss: 0.105905 [  448/ 2048]
loss: 0.122350 [  576/ 2048]
loss: 0.113807 [  704/ 2048]
loss: 0.087238 [  832/ 2048]
loss: 0.142718 [  960/ 2048]
loss: 0.102826 [ 1088/ 2048]
loss: 0.119448 [ 1216/ 2048]
loss: 0.156642 [ 1344/ 2048]
loss: 0.118336 [ 1472/ 2048]
loss: 0.122289 [ 1600/ 2048]
loss: 0.157195 [ 1728/ 2048]
loss: 0.078519 [ 1856/ 2048]
loss: 0.126980 [ 1984/ 2048]
Validation Error: 
Accuracy: 74.9%, Avg loss: 0.170750
Epoch time: 44.84 seconds 

Epoch 39
----------------------------
loss: 0.121971 [   64/ 2048]
loss: 0.158035 [  192/ 2048]
loss: 0.127578 [  320/ 2048]
loss: 0.121136 [  448/ 2048]
loss: 0.101247 [  576/ 2048]
loss: 0.124797 [  704/ 2048]
loss: 0.149946 [  832/ 2048]
loss: 0.120844 [  960/ 2048]
loss: 0.121638 [ 1088/ 2048]
loss: 0.075067 [ 1216/ 2048]
loss: 0.101517 [ 1344/ 2048]
loss: 0.109557 [ 1472/ 2048]
loss: 0.095881 [ 1600/ 2048]
loss: 0.105142 [ 1728/ 2048]
loss: 0.113026 [ 1856/ 2048]
loss: 0.098707 [ 1984/ 2048]
Validation Error: 
Accuracy: 69.0%, Avg loss: 0.208392
Epoch time: 44.85 seconds 

Epoch 40
----------------------------
loss: 0.148381 [   64/ 2048]
loss: 0.108955 [  192/ 2048]
loss: 0.103565 [  320/ 2048]
loss: 0.103272 [  448/ 2048]
loss: 0.104711 [  576/ 2048]
loss: 0.122546 [  704/ 2048]
loss: 0.088468 [  832/ 2048]
loss: 0.111476 [  960/ 2048]
loss: 0.161270 [ 1088/ 2048]
loss: 0.105679 [ 1216/ 2048]
loss: 0.192031 [ 1344/ 2048]
loss: 0.097314 [ 1472/ 2048]
loss: 0.138464 [ 1600/ 2048]
loss: 0.125707 [ 1728/ 2048]
loss: 0.107183 [ 1856/ 2048]
loss: 0.111147 [ 1984/ 2048]
Validation Error: 
Accuracy: 76.2%, Avg loss: 0.155851
Validation loss improved, saving model
Epoch time: 44.31 seconds 

Epoch 41
----------------------------
loss: 0.145352 [   64/ 2048]
loss: 0.146208 [  192/ 2048]
loss: 0.116150 [  320/ 2048]
loss: 0.129848 [  448/ 2048]
loss: 0.123772 [  576/ 2048]
loss: 0.177757 [  704/ 2048]
loss: 0.103014 [  832/ 2048]
loss: 0.161001 [  960/ 2048]
loss: 0.121782 [ 1088/ 2048]
loss: 0.140817 [ 1216/ 2048]
loss: 0.153217 [ 1344/ 2048]
loss: 0.183153 [ 1472/ 2048]
loss: 0.094722 [ 1600/ 2048]
loss: 0.149075 [ 1728/ 2048]
loss: 0.122198 [ 1856/ 2048]
loss: 0.115307 [ 1984/ 2048]
Validation Error: 
Accuracy: 73.6%, Avg loss: 0.165497
Epoch time: 44.21 seconds 

Epoch 42
----------------------------
loss: 0.109170 [   64/ 2048]
loss: 0.141794 [  192/ 2048]
loss: 0.079349 [  320/ 2048]
loss: 0.168229 [  448/ 2048]
loss: 0.095673 [  576/ 2048]
loss: 0.126776 [  704/ 2048]
loss: 0.120123 [  832/ 2048]
loss: 0.096071 [  960/ 2048]
loss: 0.133597 [ 1088/ 2048]
loss: 0.120967 [ 1216/ 2048]
loss: 0.145088 [ 1344/ 2048]
loss: 0.150502 [ 1472/ 2048]
loss: 0.092720 [ 1600/ 2048]
loss: 0.103152 [ 1728/ 2048]
loss: 0.133236 [ 1856/ 2048]
loss: 0.142737 [ 1984/ 2048]
Validation Error: 
Accuracy: 75.1%, Avg loss: 0.162128
Epoch time: 44.22 seconds 

Epoch 43
----------------------------
loss: 0.089372 [   64/ 2048]
loss: 0.149641 [  192/ 2048]
loss: 0.134061 [  320/ 2048]
loss: 0.099256 [  448/ 2048]
loss: 0.104620 [  576/ 2048]
loss: 0.093789 [  704/ 2048]
loss: 0.106333 [  832/ 2048]
loss: 0.137281 [  960/ 2048]
loss: 0.132238 [ 1088/ 2048]
loss: 0.125099 [ 1216/ 2048]
loss: 0.142574 [ 1344/ 2048]
loss: 0.092099 [ 1472/ 2048]
loss: 0.103087 [ 1600/ 2048]
loss: 0.071569 [ 1728/ 2048]
loss: 0.139055 [ 1856/ 2048]
loss: 0.104475 [ 1984/ 2048]
Validation Error: 
Accuracy: 73.0%, Avg loss: 0.173713
Epoch time: 44.87 seconds 

Epoch 44
----------------------------
loss: 0.147863 [   64/ 2048]
loss: 0.137889 [  192/ 2048]
loss: 0.105883 [  320/ 2048]
loss: 0.108523 [  448/ 2048]
loss: 0.139154 [  576/ 2048]
loss: 0.128618 [  704/ 2048]
loss: 0.115531 [  832/ 2048]
loss: 0.073095 [  960/ 2048]
loss: 0.119149 [ 1088/ 2048]
loss: 0.095569 [ 1216/ 2048]
loss: 0.091410 [ 1344/ 2048]
loss: 0.179575 [ 1472/ 2048]
loss: 0.105369 [ 1600/ 2048]
loss: 0.125737 [ 1728/ 2048]
loss: 0.116722 [ 1856/ 2048]
loss: 0.090736 [ 1984/ 2048]
Validation Error: 
Accuracy: 71.5%, Avg loss: 0.184448
Epoch time: 44.08 seconds 

Epoch 45
----------------------------
loss: 0.085454 [   64/ 2048]
loss: 0.128580 [  192/ 2048]
loss: 0.128170 [  320/ 2048]
loss: 0.085035 [  448/ 2048]
loss: 0.133065 [  576/ 2048]
loss: 0.168659 [  704/ 2048]
loss: 0.138054 [  832/ 2048]
loss: 0.104853 [  960/ 2048]
loss: 0.118583 [ 1088/ 2048]
loss: 0.108348 [ 1216/ 2048]
loss: 0.124194 [ 1344/ 2048]
loss: 0.119390 [ 1472/ 2048]
loss: 0.123394 [ 1600/ 2048]
loss: 0.107248 [ 1728/ 2048]
loss: 0.115703 [ 1856/ 2048]
loss: 0.071395 [ 1984/ 2048]
Validation Error: 
Accuracy: 72.7%, Avg loss: 0.185037
Epoch time: 43.91 seconds 

Epoch 46
----------------------------
loss: 0.141891 [   64/ 2048]
loss: 0.158386 [  192/ 2048]
loss: 0.125035 [  320/ 2048]
loss: 0.126924 [  448/ 2048]
loss: 0.116224 [  576/ 2048]
loss: 0.095072 [  704/ 2048]
loss: 0.090017 [  832/ 2048]
loss: 0.113421 [  960/ 2048]
loss: 0.135147 [ 1088/ 2048]
loss: 0.131106 [ 1216/ 2048]
loss: 0.122879 [ 1344/ 2048]
loss: 0.099466 [ 1472/ 2048]
loss: 0.124037 [ 1600/ 2048]
loss: 0.087325 [ 1728/ 2048]
loss: 0.124923 [ 1856/ 2048]
loss: 0.165686 [ 1984/ 2048]
Validation Error: 
Accuracy: 71.8%, Avg loss: 0.183733
Epoch time: 43.62 seconds 

Epoch 47
----------------------------
loss: 0.109998 [   64/ 2048]
loss: 0.149367 [  192/ 2048]
loss: 0.150310 [  320/ 2048]
loss: 0.106093 [  448/ 2048]
loss: 0.103692 [  576/ 2048]
loss: 0.084006 [  704/ 2048]
loss: 0.122342 [  832/ 2048]
loss: 0.122839 [  960/ 2048]
loss: 0.116706 [ 1088/ 2048]
loss: 0.151440 [ 1216/ 2048]
loss: 0.125792 [ 1344/ 2048]
loss: 0.125553 [ 1472/ 2048]
loss: 0.118614 [ 1600/ 2048]
loss: 0.094001 [ 1728/ 2048]
loss: 0.136844 [ 1856/ 2048]
loss: 0.087107 [ 1984/ 2048]
Validation Error: 
Accuracy: 75.9%, Avg loss: 0.154731
Validation loss improved, saving model
Epoch time: 44.44 seconds 

Epoch 48
----------------------------
loss: 0.138214 [   64/ 2048]
loss: 0.119181 [  192/ 2048]
loss: 0.117188 [  320/ 2048]
loss: 0.111194 [  448/ 2048]
loss: 0.154214 [  576/ 2048]
loss: 0.158457 [  704/ 2048]
loss: 0.100315 [  832/ 2048]
loss: 0.162531 [  960/ 2048]
loss: 0.109212 [ 1088/ 2048]
loss: 0.102524 [ 1216/ 2048]
loss: 0.091267 [ 1344/ 2048]
loss: 0.167997 [ 1472/ 2048]
loss: 0.085871 [ 1600/ 2048]
loss: 0.097860 [ 1728/ 2048]
loss: 0.092197 [ 1856/ 2048]
loss: 0.149805 [ 1984/ 2048]
Validation Error: 
Accuracy: 72.0%, Avg loss: 0.189364
Epoch time: 44.11 seconds 

Epoch 49
----------------------------
loss: 0.116755 [   64/ 2048]
loss: 0.100110 [  192/ 2048]
loss: 0.102864 [  320/ 2048]
loss: 0.109240 [  448/ 2048]
loss: 0.110282 [  576/ 2048]
loss: 0.154002 [  704/ 2048]
loss: 0.079895 [  832/ 2048]
loss: 0.127374 [  960/ 2048]
loss: 0.124994 [ 1088/ 2048]
loss: 0.111777 [ 1216/ 2048]
loss: 0.113387 [ 1344/ 2048]
loss: 0.117039 [ 1472/ 2048]
loss: 0.095001 [ 1600/ 2048]
loss: 0.132938 [ 1728/ 2048]
loss: 0.111989 [ 1856/ 2048]
loss: 0.174852 [ 1984/ 2048]
Validation Error: 
Accuracy: 76.9%, Avg loss: 0.157246
Epoch time: 44.23 seconds 

Epoch 50
----------------------------
loss: 0.083064 [   64/ 2048]
loss: 0.093317 [  192/ 2048]
loss: 0.121466 [  320/ 2048]
loss: 0.088843 [  448/ 2048]
loss: 0.137609 [  576/ 2048]
loss: 0.109639 [  704/ 2048]
loss: 0.153311 [  832/ 2048]
loss: 0.085038 [  960/ 2048]
loss: 0.101083 [ 1088/ 2048]
loss: 0.087185 [ 1216/ 2048]
loss: 0.108710 [ 1344/ 2048]
loss: 0.105133 [ 1472/ 2048]
loss: 0.066522 [ 1600/ 2048]
loss: 0.113832 [ 1728/ 2048]
loss: 0.102228 [ 1856/ 2048]
loss: 0.127670 [ 1984/ 2048]
Validation Error: 
Accuracy: 73.4%, Avg loss: 0.170066
Epoch time: 45.07 seconds 

Epoch 51
----------------------------
loss: 0.135752 [   64/ 2048]
loss: 0.122098 [  192/ 2048]
loss: 0.131775 [  320/ 2048]
loss: 0.135495 [  448/ 2048]
loss: 0.106860 [  576/ 2048]
loss: 0.092548 [  704/ 2048]
loss: 0.117719 [  832/ 2048]
loss: 0.092277 [  960/ 2048]
loss: 0.128493 [ 1088/ 2048]
loss: 0.136153 [ 1216/ 2048]
loss: 0.088273 [ 1344/ 2048]
loss: 0.155317 [ 1472/ 2048]
loss: 0.121594 [ 1600/ 2048]
loss: 0.110837 [ 1728/ 2048]
loss: 0.104424 [ 1856/ 2048]
loss: 0.090560 [ 1984/ 2048]
Validation Error: 
Accuracy: 75.5%, Avg loss: 0.161269
Epoch time: 44.22 seconds 

Epoch 52
----------------------------
