Processing cyclones for the following years:
1993
1994
1995
1996
1997
1998
1999
2000
2001
2002
2003
2004
2015
2016
2017
2018
2019
Saving to train_labels.json
Computing for 1993AL01
Computing for 1993AL02
Computing for 1993AL03
Computing for 1993AL04
Computing for 1993AL05
Computing for 1993AL06
Computing for 1993AL07
Computing for 1993AL08
Computing for 1993AL09
Computing for 1993AL10
Computing for 1994AL01
Computing for 1994AL02
Computing for 1994AL03
Computing for 1994AL04
Computing for 1994AL05
Computing for 1994AL06
Computing for 1994AL08
Computing for 1994AL10
Computing for 1994AL11
Computing for 1994AL12
Computing for 1995AL01
Computing for 1995AL02
Computing for 1995AL03
Computing for 1995AL04
Computing for 1995AL05
Computing for 1995AL06
Computing for 1995AL07
Computing for 1995AL08
Computing for 1995AL09
Computing for 1995AL10
Computing for 1995AL11
Computing for 1995AL12
Computing for 1995AL13
Computing for 1995AL14
Computing for 1995AL15
Computing for 1995AL16
Computing for 1995AL17
Computing for 1995AL18
Computing for 1995AL19
Computing for 1995AL20
Computing for 1995AL21
Computing for 1996AL01
Computing for 1996AL02
Computing for 1996AL03
Computing for 1996AL04
Computing for 1996AL05
Computing for 1996AL06
Computing for 1996AL07
Computing for 1996AL08
Computing for 1996AL09
Computing for 1996AL10
Computing for 1996AL11
Computing for 1996AL12
Computing for 1996AL13
Computing for 1997AL01
Computing for 1997AL02
Computing for 1997AL03
Computing for 1997AL04
Computing for 1997AL05
Computing for 1997AL06
Computing for 1997AL07
Computing for 1997AL08
Computing for 1997AL09
Computing for 1998AL01
Computing for 1998AL02
Computing for 1998AL03
Computing for 1998AL04
Computing for 1998AL05
Computing for 1998AL06
Computing for 1998AL07
Computing for 1998AL08
Computing for 1998AL09
Computing for 1998AL10
Computing for 1998AL11
Computing for 1998AL12
Computing for 1998AL13
Computing for 1998AL14
Computing for 1999AL01
Computing for 1999AL02
Computing for 1999AL03
Computing for 1999AL04
Computing for 1999AL05
Computing for 1999AL06
Computing for 1999AL07
Computing for 1999AL08
Computing for 1999AL09
Computing for 1999AL10
Computing for 1999AL11
Computing for 1999AL12
Computing for 1999AL14
Computing for 1999AL15
Computing for 1999AL16
Computing for 2000AL01
Computing for 2000AL02
Computing for 2000AL03
Computing for 2000AL04
Computing for 2000AL05
Computing for 2000AL06
Computing for 2000AL07
Computing for 2000AL08
Computing for 2000AL09
Computing for 2000AL10
Computing for 2000AL11
Computing for 2000AL12
Computing for 2000AL13
Computing for 2000AL14
Computing for 2000AL15
Computing for 2000AL16
Computing for 2000AL17
Computing for 2000AL18
Computing for 2000AL19
Computing for 2001AL01
Computing for 2001AL02
Computing for 2001AL03
Computing for 2001AL04
Computing for 2001AL05
Computing for 2001AL06
Computing for 2001AL07
Computing for 2001AL08
Computing for 2001AL09
Computing for 2001AL10
Computing for 2001AL11
Computing for 2001AL12
Computing for 2001AL13
Computing for 2001AL14
Computing for 2001AL15
Computing for 2001AL16
Computing for 2001AL17
Computing for 2002AL01
Computing for 2002AL02
Computing for 2002AL03
Computing for 2002AL04
Computing for 2002AL05
Computing for 2002AL06
Computing for 2002AL07
Computing for 2002AL08
Computing for 2002AL09
Computing for 2002AL10
Computing for 2002AL11
Computing for 2002AL12
Computing for 2002AL13
Computing for 2002AL14
Computing for 2002EP01
Computing for 2002EP02
Computing for 2002EP04
Computing for 2002EP05
Computing for 2002EP06
Computing for 2002EP08
Computing for 2002EP09
Computing for 2002EP10
Computing for 2002EP12
Computing for 2002EP13
Computing for 2002EP14
Computing for 2002EP15
Computing for 2002WP01
Computing for 2002WP02
Computing for 2002WP03
Computing for 2002WP04
Computing for 2002WP05
Computing for 2002WP06
Computing for 2002WP07
Computing for 2002WP08
Computing for 2002WP09
Computing for 2002WP10
Computing for 2002WP11
Computing for 2002WP12
Computing for 2002WP13
Computing for 2002WP14
Computing for 2002WP15
Computing for 2002WP16
Computing for 2002WP17
Computing for 2002WP18
Computing for 2002WP19
Computing for 2002WP20
Computing for 2002WP21
Computing for 2002WP22
Computing for 2002WP23
Computing for 2002WP24
Computing for 2002WP25
Computing for 2002WP26
Computing for 2002WP27
Computing for 2002WP28
Computing for 2002WP29
Computing for 2002WP30
Computing for 2002WP31
Computing for 2003AL01
Computing for 2003AL03
Computing for 2003AL04
Computing for 2003AL05
Computing for 2003AL06
Computing for 2003AL08
Computing for 2003AL09
Computing for 2003AL10
Computing for 2003AL11
Computing for 2003AL12
Computing for 2003AL13
Computing for 2003AL15
Computing for 2003AL16
Computing for 2003AL17
Computing for 2003AL18
Computing for 2003AL19
Computing for 2003AL20
Computing for 2003AL21
Computing for 2003EP01
Computing for 2003EP02
Computing for 2003EP03
Computing for 2003EP04
Computing for 2003EP05
Computing for 2003EP06
Computing for 2003EP07
Computing for 2003EP08
Computing for 2003EP09
Computing for 2003EP10
Computing for 2003EP11
Computing for 2003EP12
Computing for 2003EP13
Computing for 2003EP14
Computing for 2003EP15
Computing for 2003EP16
Computing for 2003WP02
Computing for 2003WP04
Computing for 2003WP09
Computing for 2003WP12
Computing for 2004AL01
Computing for 2004AL02
Computing for 2004AL03
Computing for 2004AL04
Computing for 2004AL05
Computing for 2004AL06
Computing for 2004AL07
Computing for 2004AL08
Computing for 2004AL09
Computing for 2004AL11
Computing for 2004AL12
Computing for 2004AL13
Computing for 2004AL14
Computing for 2004AL15
Computing for 2004AL16
Computing for 2004EP01
Computing for 2004EP03
Computing for 2004EP04
Computing for 2004EP05
Computing for 2004EP06
Computing for 2004EP07
Computing for 2004EP08
Computing for 2004EP09
Computing for 2004EP10
Computing for 2004EP11
Computing for 2004EP12
Computing for 2004EP13
Computing for 2004EP14
Computing for 2004EP15
Computing for 2004EP16
Computing for 2004WP03
Computing for 2004WP04
Computing for 2004WP07
Computing for 2004WP09
Computing for 2004WP10
Computing for 2004WP11
Computing for 2004WP13
Computing for 2004WP19
Computing for 2004WP20
Computing for 2004WP22
Computing for 2004WP25
Computing for 2004WP26
Computing for 2004WP27
Computing for 2004WP28
Computing for 2004WP29
Computing for 2004WP30
Computing for 2004WP31
Computing for 2004WP32
Computing for 2015AL01
Computing for 2015AL02
Computing for 2015AL03
Computing for 2015AL04
Computing for 2015AL05
Computing for 2015AL06
Computing for 2015AL07
Computing for 2015AL08
Computing for 2015AL09
Computing for 2015AL10
Computing for 2015AL11
Computing for 2015AL12
Computing for 2015CP01
Computing for 2015CP02
Computing for 2015CP03
Computing for 2015CP05
Computing for 2015CP06
Computing for 2015CP07
Computing for 2015CP08
Computing for 2015EP01
Computing for 2015EP02
Computing for 2015EP03
Computing for 2015EP04
Computing for 2015EP05
Computing for 2015EP06
Computing for 2015EP07
Computing for 2015EP08
Computing for 2015EP09
Computing for 2015EP10
Computing for 2015EP11
Computing for 2015EP12
Computing for 2015EP13
Computing for 2015EP14
Computing for 2015EP15
Computing for 2015EP16
Computing for 2015EP17
Computing for 2015EP18
Computing for 2015EP19
Computing for 2015EP20
Computing for 2015EP21
Computing for 2015EP22
Computing for 2015WP01
Computing for 2015WP02
Computing for 2015WP03
Computing for 2015WP04
Computing for 2015WP05
Computing for 2015WP06
Computing for 2015WP07
Computing for 2015WP08
Computing for 2015WP09
Computing for 2015WP10
Computing for 2015WP11
Computing for 2015WP12
Computing for 2015WP13
Computing for 2015WP14
Computing for 2015WP15
Computing for 2015WP16
Computing for 2015WP17
Computing for 2015WP18
Computing for 2015WP19
Computing for 2015WP20
Computing for 2015WP21
Computing for 2015WP22
Computing for 2015WP23
Computing for 2015WP24
Computing for 2015WP25
Computing for 2015WP26
Computing for 2015WP27
Computing for 2015WP28
Computing for 2015WP29
Computing for 2016AL01
Computing for 2016AL02
Computing for 2016AL03
Computing for 2016AL04
Computing for 2016AL05
Computing for 2016AL06
Computing for 2016AL07
Computing for 2016AL08
Computing for 2016AL09
Computing for 2016AL10
Computing for 2016AL11
Computing for 2016AL12
Computing for 2016AL13
Computing for 2016AL14
Computing for 2016AL15
Computing for 2016AL16
Computing for 2016CP01
Computing for 2016EP01
Computing for 2016EP02
Computing for 2016EP03
Computing for 2016EP04
Computing for 2016EP05
Computing for 2016EP06
Computing for 2016EP07
Computing for 2016EP08
Computing for 2016EP09
Computing for 2016EP10
Computing for 2016EP11
Computing for 2016EP12
Computing for 2016EP13
Computing for 2016EP14
Computing for 2016EP15
Computing for 2016EP16
Computing for 2016EP17
Computing for 2016EP18
Computing for 2016EP19
Computing for 2016EP20
Computing for 2016EP21
Computing for 2016EP22
Computing for 2016WP02
Computing for 2016WP03
Computing for 2016WP04
Computing for 2016WP05
Computing for 2016WP06
Computing for 2016WP07
Computing for 2016WP08
Computing for 2016WP09
Computing for 2016WP10
Computing for 2016WP11
Computing for 2016WP12
Computing for 2016WP13
Computing for 2016WP14
Computing for 2016WP15
Computing for 2016WP16
Computing for 2016WP17
Computing for 2016WP18
Computing for 2016WP19
Computing for 2016WP20
Computing for 2016WP21
Computing for 2016WP22
Computing for 2016WP23
Computing for 2016WP24
Computing for 2016WP25
Computing for 2016WP26
Computing for 2016WP27
Computing for 2016WP28
Computing for 2016WP29
Computing for 2016WP30
Computing for 2017AL01
Computing for 2017AL02
Computing for 2017AL03
Computing for 2017AL04
Computing for 2017AL05
Computing for 2017AL06
Computing for 2017AL07
Computing for 2017AL08
Computing for 2017AL09
Computing for 2017AL11
Computing for 2017AL12
Computing for 2017AL13
Computing for 2017AL14
Computing for 2017AL15
Computing for 2017AL16
Computing for 2017AL17
Computing for 2017AL18
Computing for 2017AL19
Computing for 2017EP01
Computing for 2017EP02
Computing for 2017EP03
Computing for 2017EP04
Computing for 2017EP05
Computing for 2017EP06
Computing for 2017EP07
Computing for 2017EP08
Computing for 2017EP09
Computing for 2017EP10
Computing for 2017EP11
Computing for 2017EP12
Computing for 2017EP13
Computing for 2017EP14
Computing for 2017EP15
Computing for 2017EP16
Computing for 2017EP17
Computing for 2017EP18
Computing for 2017EP19
Computing for 2017EP20
Computing for 2017WP01
Computing for 2017WP02
Computing for 2017WP03
Computing for 2017WP04
Computing for 2017WP05
Computing for 2017WP06
Computing for 2017WP07
Computing for 2017WP08
Computing for 2017WP09
Computing for 2017WP10
Computing for 2017WP11
Computing for 2017WP12
Computing for 2017WP13
Computing for 2017WP14
Computing for 2017WP15
Computing for 2017WP16
Computing for 2017WP17
Computing for 2017WP18
Computing for 2017WP19
Computing for 2017WP20
Computing for 2017WP21
Computing for 2017WP22
Computing for 2017WP23
Computing for 2017WP24
Computing for 2017WP25
Computing for 2017WP26
Computing for 2017WP27
Computing for 2017WP28
Computing for 2017WP29
Computing for 2017WP30
Computing for 2017WP31
Computing for 2017WP32
Computing for 2017WP33
Computing for 2018AL01
Computing for 2018AL02
Computing for 2018AL03
Computing for 2018AL04
Computing for 2018AL05
Computing for 2018AL06
Computing for 2018AL07
Computing for 2018AL08
Computing for 2018AL09
Computing for 2018AL10
Computing for 2018AL11
Computing for 2018AL12
Computing for 2018AL13
Computing for 2018AL14
Computing for 2018AL15
Computing for 2018AL16
Computing for 2018CP01
Computing for 2018EP01
Computing for 2018EP02
Computing for 2018EP03
Computing for 2018EP04
Computing for 2018EP05
Computing for 2018EP06
Computing for 2018EP07
Computing for 2018EP08
Computing for 2018EP09
Computing for 2018EP10
Computing for 2018EP11
Computing for 2018EP12
Computing for 2018EP13
Computing for 2018EP14
Computing for 2018EP15
Computing for 2018EP16
Computing for 2018EP17
Computing for 2018EP18
Computing for 2018EP19
Computing for 2018EP20
Computing for 2018EP21
Computing for 2018EP22
Computing for 2018EP23
Computing for 2018EP24
Computing for 2018EP25
Computing for 2018SH01
Computing for 2018SH02
Computing for 2018SH03
Computing for 2018SH04
Computing for 2018SH05
Computing for 2018SH06
Computing for 2018SH07
Computing for 2018SH08
Computing for 2018SH09
Computing for 2018SH10
Computing for 2018SH11
Computing for 2018SH12
Computing for 2018SH13
Computing for 2018SH14
Computing for 2018SH15
Computing for 2018SH16
Computing for 2018SH17
Computing for 2018SH18
Computing for 2018SH19
Computing for 2018SH20
Computing for 2018SH21
Computing for 2018WP02
Computing for 2018WP03
Computing for 2018WP04
Computing for 2018WP05
Computing for 2018WP06
Computing for 2018WP07
Computing for 2018WP08
Computing for 2018WP09
Computing for 2018WP10
Computing for 2018WP11
Computing for 2018WP12
Computing for 2018WP13
Computing for 2018WP14
Computing for 2018WP15
Computing for 2018WP16
Computing for 2018WP17
Computing for 2018WP18
Computing for 2018WP19
Computing for 2018WP20
Computing for 2018WP21
Computing for 2018WP22
Computing for 2018WP23
Computing for 2018WP24
Computing for 2018WP25
Computing for 2018WP26
Computing for 2018WP27
Computing for 2018WP28
Computing for 2018WP29
Computing for 2018WP30
Computing for 2018WP31
Computing for 2018WP32
Computing for 2018WP33
Computing for 2018WP34
Computing for 2018WP35
Computing for 2018WP36
Computing for 2019AL01
Computing for 2019AL02
Computing for 2019AL03
Computing for 2019AL04
Computing for 2019AL05
Computing for 2019AL06
Computing for 2019AL07
Computing for 2019AL08
Computing for 2019AL09
Computing for 2019AL10
Computing for 2019AL11
Computing for 2019AL12
Computing for 2019AL13
Computing for 2019AL14
Computing for 2019AL15
Computing for 2019AL16
Computing for 2019AL17
Computing for 2019AL18
Computing for 2019AL19
Computing for 2019AL20
Computing for 2019EP01
Computing for 2019EP02
Computing for 2019EP03
Computing for 2019EP04
Computing for 2019EP05
Computing for 2019EP06
Computing for 2019EP08
Computing for 2019EP09
Computing for 2019EP10
Computing for 2019EP11
Computing for 2019EP12
Computing for 2019EP13
Computing for 2019EP14
Computing for 2019EP15
Computing for 2019EP16
Computing for 2019EP18
Computing for 2019EP19
Computing for 2019EP20
Computing for 2019EP21
Computing for 2019SH01
Computing for 2019SH02
Computing for 2019SH03
Computing for 2019SH04
Computing for 2019SH05
Computing for 2019SH06
Computing for 2019SH07
Computing for 2019SH08
Computing for 2019SH09
Computing for 2019SH10
Computing for 2019SH11
Computing for 2019SH12
Computing for 2019SH13
Computing for 2019SH14
Computing for 2019SH15
Computing for 2019SH16
Computing for 2019SH17
Computing for 2019SH18
Computing for 2019SH19
Computing for 2019SH20
Computing for 2019SH21
Computing for 2019SH22
Computing for 2019SH23
Computing for 2019SH24
Computing for 2019SH25
Computing for 2019SH26
Computing for 2019SH27
Computing for 2019WP01
Computing for 2019WP02
Computing for 2019WP03
Computing for 2019WP04
Computing for 2019WP05
Computing for 2019WP06
Computing for 2019WP07
Computing for 2019WP08
Computing for 2019WP09
Computing for 2019WP10
Computing for 2019WP11
Computing for 2019WP12
Computing for 2019WP13
Computing for 2019WP15
Computing for 2019WP16
Computing for 2019WP17
Computing for 2019WP18
Computing for 2019WP19
Computing for 2019WP20
Computing for 2019WP21
Computing for 2019WP22
Computing for 2019WP23
Computing for 2019WP24
Computing for 2019WP25
Computing for 2019WP26
Processing cyclones for the following years:
2005
2006
2007
2008
2009
Saving to valid_labels.json
Computing for 2005AL01
Computing for 2005AL02
Computing for 2005AL03
Computing for 2005AL04
Computing for 2005AL05
Computing for 2005AL06
Computing for 2005AL07
Computing for 2005AL08
Computing for 2005AL09
Computing for 2005AL10
Computing for 2005AL11
Computing for 2005AL12
Computing for 2005AL13
Computing for 2005AL14
Computing for 2005AL15
Computing for 2005AL16
Computing for 2005AL17
Computing for 2005AL18
Computing for 2005AL19
Computing for 2005AL20
Computing for 2005AL21
Computing for 2005AL22
Computing for 2005AL23
Computing for 2005AL24
Computing for 2005AL25
Computing for 2005AL26
Computing for 2005AL27
Computing for 2005AL28
Computing for 2005AL29
Computing for 2005AL30
Computing for 2005AL31
Computing for 2005CP01
Computing for 2005EP01
Computing for 2005EP02
Computing for 2005EP03
Computing for 2005EP04
Computing for 2005EP05
Computing for 2005EP06
Computing for 2005EP07
Computing for 2005EP08
Computing for 2005EP09
Computing for 2005EP10
Computing for 2005EP11
Computing for 2005EP12
Computing for 2005EP13
Computing for 2005EP14
Computing for 2005EP15
Computing for 2005EP16
Computing for 2005WP01
Computing for 2005WP02
Computing for 2005WP03
Computing for 2005WP04
Computing for 2005WP05
Computing for 2005WP06
Computing for 2005WP07
Computing for 2005WP08
Computing for 2005WP09
Computing for 2005WP10
Computing for 2005WP11
Computing for 2005WP12
Computing for 2005WP13
Computing for 2005WP14
Computing for 2005WP15
Computing for 2005WP16
Computing for 2005WP17
Computing for 2005WP18
Computing for 2005WP19
Computing for 2005WP20
Computing for 2005WP21
Computing for 2005WP22
Computing for 2005WP23
Computing for 2005WP24
Computing for 2006AL01
Computing for 2006AL03
Computing for 2006AL04
Computing for 2006AL05
Computing for 2006AL06
Computing for 2006AL07
Computing for 2006AL08
Computing for 2006AL09
Computing for 2006AL10
Computing for 2006EP01
Computing for 2006EP02
Computing for 2006EP03
Computing for 2006EP04
Computing for 2006EP05
Computing for 2006EP06
Computing for 2006EP07
Computing for 2006EP08
Computing for 2006EP09
Computing for 2006EP10
Computing for 2006EP11
Computing for 2006EP12
Computing for 2006EP13
Computing for 2006EP14
Computing for 2006EP15
Computing for 2006EP16
Computing for 2006EP17
Computing for 2006EP18
Computing for 2006EP19
Computing for 2006EP20
Computing for 2006EP21
Computing for 2006WP01
Computing for 2006WP02
Computing for 2006WP03
Computing for 2006WP04
Computing for 2006WP05
Computing for 2006WP06
Computing for 2006WP07
Computing for 2006WP08
Computing for 2006WP09
Computing for 2006WP10
Computing for 2006WP11
Computing for 2006WP12
Computing for 2006WP13
Computing for 2006WP14
Computing for 2006WP15
Computing for 2006WP16
Computing for 2006WP17
Computing for 2006WP18
Computing for 2006WP19
Computing for 2006WP20
Computing for 2006WP21
Computing for 2006WP22
Computing for 2006WP23
Computing for 2006WP24
Computing for 2006WP25
Computing for 2006WP26
Computing for 2007AL01
Computing for 2007AL02
Computing for 2007AL03
Computing for 2007AL04
Computing for 2007AL05
Computing for 2007AL06
Computing for 2007AL07
Computing for 2007AL08
Computing for 2007AL09
Computing for 2007AL10
Computing for 2007AL11
Computing for 2007AL12
Computing for 2007AL13
Computing for 2007AL14
Computing for 2007AL15
Computing for 2007AL16
Computing for 2007AL17
Computing for 2007EP01
Computing for 2007EP02
Computing for 2007EP03
Computing for 2007EP04
Computing for 2007EP05
Computing for 2007EP06
Computing for 2007EP07
Computing for 2007EP08
Computing for 2007EP09
Computing for 2007EP10
Computing for 2007EP11
Computing for 2007EP12
Computing for 2007EP13
Computing for 2007EP14
Computing for 2007EP15
Computing for 2007WP01
Computing for 2007WP02
Computing for 2007WP03
Computing for 2007WP04
Computing for 2007WP05
Computing for 2007WP06
Computing for 2007WP07
Computing for 2007WP08
Computing for 2007WP09
Computing for 2007WP10
Computing for 2007WP11
Computing for 2007WP12
Computing for 2007WP13
Computing for 2007WP14
Computing for 2007WP15
Computing for 2007WP16
Computing for 2007WP17
Computing for 2007WP19
Computing for 2007WP20
Computing for 2007WP21
Computing for 2007WP22
Computing for 2007WP23
Computing for 2007WP24
Computing for 2007WP25
Computing for 2007WP26
Computing for 2008AL01
Computing for 2008AL02
Computing for 2008AL03
Computing for 2008AL04
Computing for 2008AL05
Computing for 2008AL06
Computing for 2008AL07
Computing for 2008AL08
Computing for 2008AL09
Computing for 2008AL10
Computing for 2008AL11
Computing for 2008AL12
Computing for 2008AL13
Computing for 2008AL14
Computing for 2008AL15
Computing for 2008AL16
Computing for 2008AL17
Computing for 2008CP01
Computing for 2008EP01
Computing for 2008EP02
Computing for 2008EP03
Computing for 2008EP04
Computing for 2008EP05
Computing for 2008EP06
Computing for 2008EP07
Computing for 2008EP08
Computing for 2008EP09
Computing for 2008EP10
Computing for 2008EP11
Computing for 2008EP12
Computing for 2008EP13
Computing for 2008EP14
Computing for 2008EP15
Computing for 2008EP16
Computing for 2008EP17
Computing for 2008EP18
Computing for 2008WP01
Computing for 2008WP02
Computing for 2008WP03
Computing for 2008WP04
Computing for 2008WP05
Computing for 2008WP06
Computing for 2008WP07
Computing for 2008WP08
Computing for 2008WP09
Computing for 2008WP10
Computing for 2008WP11
Computing for 2008WP12
Computing for 2008WP13
Computing for 2008WP14
Computing for 2008WP15
Computing for 2008WP16
Computing for 2008WP17
Computing for 2008WP18
Computing for 2008WP19
Computing for 2008WP20
Computing for 2008WP21
Computing for 2008WP22
Computing for 2008WP23
Computing for 2008WP24
Computing for 2008WP25
Computing for 2008WP26
Computing for 2008WP27
Computing for 2009AL01
Computing for 2009AL02
Computing for 2009AL03
Computing for 2009AL04
Computing for 2009AL05
Computing for 2009AL06
Computing for 2009AL07
Computing for 2009AL08
Computing for 2009AL09
Computing for 2009AL10
Computing for 2009AL11
Computing for 2009CP01
Computing for 2009CP02
Computing for 2009CP03
Computing for 2009EP01
Computing for 2009EP02
Computing for 2009EP03
Computing for 2009EP04
Computing for 2009EP05
Computing for 2009EP06
Computing for 2009EP07
Computing for 2009EP08
Computing for 2009EP09
Computing for 2009EP10
Computing for 2009EP11
Computing for 2009EP12
Computing for 2009EP13
Computing for 2009EP14
Computing for 2009EP15
Computing for 2009EP16
Computing for 2009EP17
Computing for 2009EP18
Computing for 2009EP19
Computing for 2009EP20
Computing for 2009WP01
Computing for 2009WP02
Computing for 2009WP03
Computing for 2009WP04
Computing for 2009WP05
Computing for 2009WP06
Computing for 2009WP07
Computing for 2009WP08
Computing for 2009WP09
Computing for 2009WP10
Computing for 2009WP11
Computing for 2009WP12
Computing for 2009WP13
Computing for 2009WP14
Computing for 2009WP15
Computing for 2009WP16
Computing for 2009WP17
Computing for 2009WP18
Computing for 2009WP19
Computing for 2009WP20
Computing for 2009WP21
Computing for 2009WP22
Computing for 2009WP23
Computing for 2009WP24
Computing for 2009WP25
Computing for 2009WP26
Computing for 2009WP27
Computing for 2009WP28
Processing cyclones for the following years:
2010
2011
2012
2013
2014
Saving to test_labels.json
Computing for 2010AL01
Computing for 2010AL02
Computing for 2010AL03
Computing for 2010AL04
Computing for 2010AL05
Computing for 2010AL06
Computing for 2010AL07
Computing for 2010AL08
Computing for 2010AL09
Computing for 2010AL10
Computing for 2010AL11
Computing for 2010AL12
Computing for 2010AL13
Computing for 2010AL14
Computing for 2010AL15
Computing for 2010AL16
Computing for 2010AL17
Computing for 2010AL18
Computing for 2010AL19
Computing for 2010AL20
Computing for 2010AL21
Computing for 2010EP01
Computing for 2010EP02
Computing for 2010EP03
Computing for 2010EP04
Computing for 2010EP05
Computing for 2010EP06
Computing for 2010EP07
Computing for 2010EP08
Computing for 2010EP09
Computing for 2010EP10
Computing for 2010EP11
Computing for 2010EP12
Computing for 2010WP01
Computing for 2010WP02
Computing for 2010WP03
Computing for 2010WP04
Computing for 2010WP05
Computing for 2010WP06
Computing for 2010WP07
Computing for 2010WP08
Computing for 2010WP09
Computing for 2010WP10
Computing for 2010WP11
Computing for 2010WP12
Computing for 2010WP13
Computing for 2010WP14
Computing for 2010WP15
Computing for 2010WP16
Computing for 2010WP17
Computing for 2010WP18
Computing for 2010WP19
Computing for 2011AL01
Computing for 2011AL02
Computing for 2011AL03
Computing for 2011AL04
Computing for 2011AL05
Computing for 2011AL06
Computing for 2011AL07
Computing for 2011AL08
Computing for 2011AL09
Computing for 2011AL10
Computing for 2011AL11
Computing for 2011AL12
Computing for 2011AL13
Computing for 2011AL14
Computing for 2011AL15
Computing for 2011AL16
Computing for 2011AL17
Computing for 2011AL18
Computing for 2011AL19
Computing for 2011AL20
Computing for 2011EP01
Computing for 2011EP02
Computing for 2011EP03
Computing for 2011EP04
Computing for 2011EP05
Computing for 2011EP06
Computing for 2011EP07
Computing for 2011EP08
Computing for 2011EP09
Computing for 2011EP10
Computing for 2011EP11
Computing for 2011EP12
Computing for 2011EP13
Computing for 2011WP01
Computing for 2011WP02
Computing for 2011WP03
Computing for 2011WP04
Computing for 2011WP05
Computing for 2011WP06
Computing for 2011WP07
Computing for 2011WP08
Computing for 2011WP09
Computing for 2011WP10
Computing for 2011WP11
Computing for 2011WP12
Computing for 2011WP13
Computing for 2011WP14
Computing for 2011WP15
Computing for 2011WP16
Computing for 2011WP17
Computing for 2011WP18
Computing for 2011WP19
Computing for 2011WP20
Computing for 2011WP21
Computing for 2011WP22
Computing for 2011WP23
Computing for 2011WP24
Computing for 2011WP25
Computing for 2011WP26
Computing for 2011WP27
Computing for 2012AL01
Computing for 2012AL02
Computing for 2012AL03
Computing for 2012AL04
Computing for 2012AL05
Computing for 2012AL06
Computing for 2012AL07
Computing for 2012AL08
Computing for 2012AL09
Computing for 2012AL10
Computing for 2012AL11
Computing for 2012AL12
Computing for 2012AL13
Computing for 2012AL14
Computing for 2012AL15
Computing for 2012AL16
Computing for 2012AL17
Computing for 2012AL18
Computing for 2012AL19
Computing for 2012EP01
Computing for 2012EP02
Computing for 2012EP03
Computing for 2012EP04
Computing for 2012EP05
Computing for 2012EP06
Computing for 2012EP07
Computing for 2012EP08
Computing for 2012EP09
Computing for 2012EP10
Computing for 2012EP11
Computing for 2012EP12
Computing for 2012EP13
Computing for 2012EP14
Computing for 2012EP15
Computing for 2012EP16
Computing for 2012EP17
Computing for 2012WP01
Computing for 2012WP02
Computing for 2012WP03
Computing for 2012WP04
Computing for 2012WP05
Computing for 2012WP06
Computing for 2012WP07
Computing for 2012WP08
Computing for 2012WP09
Computing for 2012WP10
Computing for 2012WP11
Computing for 2012WP12
Computing for 2012WP13
Computing for 2012WP14
Computing for 2012WP15
Computing for 2012WP16
Computing for 2012WP17
Computing for 2012WP18
Computing for 2012WP19
Computing for 2012WP20
Computing for 2012WP21
Computing for 2012WP22
Computing for 2012WP23
Computing for 2012WP24
Computing for 2012WP25
Computing for 2012WP26
Computing for 2012WP27
Computing for 2013AL01
Computing for 2013AL02
Computing for 2013AL03
Computing for 2013AL04
Computing for 2013AL05
Computing for 2013AL06
Computing for 2013AL07
Computing for 2013AL08
Computing for 2013AL09
Computing for 2013AL10
Computing for 2013AL11
Computing for 2013AL12
Computing for 2013AL13
Computing for 2013AL14
Computing for 2013AL15
Computing for 2013CP01
Computing for 2013CP02
Computing for 2013CP03
Computing for 2013EP01
Computing for 2013EP02
Computing for 2013EP03
Computing for 2013EP04
Computing for 2013EP05
Computing for 2013EP06
Computing for 2013EP07
Computing for 2013EP08
Computing for 2013EP09
Computing for 2013EP10
Computing for 2013EP11
Computing for 2013EP12
Computing for 2013EP13
Computing for 2013EP14
Computing for 2013EP15
Computing for 2013EP16
Computing for 2013EP17
Computing for 2013EP18
Computing for 2013WP01
Computing for 2013WP02
Computing for 2013WP03
Computing for 2013WP05
Computing for 2013WP06
Computing for 2013WP07
Computing for 2013WP08
Computing for 2013WP09
Computing for 2013WP10
Computing for 2013WP11
Computing for 2013WP12
Computing for 2013WP13
Computing for 2013WP14
Computing for 2013WP15
Computing for 2013WP16
Computing for 2013WP17
Computing for 2013WP18
Computing for 2013WP19
Computing for 2013WP20
Computing for 2013WP21
Computing for 2013WP22
Computing for 2013WP23
Computing for 2013WP24
Computing for 2013WP25
Computing for 2013WP26
Computing for 2013WP27
Computing for 2013WP28
Computing for 2013WP29
Computing for 2013WP30
Computing for 2013WP31
Computing for 2013WP32
Computing for 2013WP33
Computing for 2014AL01
Computing for 2014AL02
Computing for 2014AL03
Computing for 2014AL04
Computing for 2014AL05
Computing for 2014AL06
Computing for 2014AL07
Computing for 2014AL08
Computing for 2014AL09
Computing for 2014CP01
Computing for 2014CP02
Computing for 2014EP01
Computing for 2014EP02
Computing for 2014EP03
Computing for 2014EP04
Computing for 2014EP05
Computing for 2014EP06
Computing for 2014EP07
Computing for 2014EP08
Computing for 2014EP09
Computing for 2014EP10
Computing for 2014EP11
Computing for 2014EP12
Computing for 2014EP13
Computing for 2014EP14
Computing for 2014EP15
Computing for 2014EP16
Computing for 2014EP17
Computing for 2014EP18
Computing for 2014EP19
Computing for 2014EP20
Computing for 2014EP21
Computing for 2014WP01
Computing for 2014WP02
Computing for 2014WP03
Computing for 2014WP04
Computing for 2014WP05
Computing for 2014WP06
Computing for 2014WP07
Computing for 2014WP08
Computing for 2014WP09
Computing for 2014WP10
Computing for 2014WP11
Computing for 2014WP12
Computing for 2014WP13
Computing for 2014WP14
Computing for 2014WP15
Computing for 2014WP16
Computing for 2014WP17
Computing for 2014WP18
Computing for 2014WP19
Computing for 2014WP20
Computing for 2014WP21
Computing for 2014WP22
Computing for 2014WP23
